[ 2017-09-02T16:41:10+08:00 ] 127.0.0.1 /admin.php/menu/add
INFO: [ app_init ] --START--
INFO: Run Behavior\BuildLiteBehavior [ RunTime:0.000038s ]
INFO: [ app_init ] --END-- [ RunTime:0.000781s ]

[ 2017-09-02T16:46:22+08:00 ] 127.0.0.1 /admin.php/menu/add
INFO: [ app_init ] --START--
INFO: Run Behavior\BuildLiteBehavior [ RunTime:0.000031s ]
INFO: [ app_init ] --END-- [ RunTime:0.000437s ]

[ 2017-09-02T16:49:50+08:00 ] 127.0.0.1 /admin.php/menu/add
INFO: [ app_init ] --START--
INFO: Run Behavior\BuildLiteBehavior [ RunTime:0.000028s ]
INFO: [ app_init ] --END-- [ RunTime:0.000492s ]

[ 2017-09-02T16:50:44+08:00 ] 127.0.0.1 /admin.php/menu/add
INFO: [ app_init ] --START--
INFO: Run Behavior\BuildLiteBehavior [ RunTime:0.000029s ]
INFO: [ app_init ] --END-- [ RunTime:0.000527s ]

[ 2017-09-02T17:00:28+08:00 ] 127.0.0.1 /admin.php/menu/add
INFO: [ app_init ] --START--
INFO: Run Behavior\BuildLiteBehavior [ RunTime:0.000032s ]
INFO: [ app_init ] --END-- [ RunTime:0.000825s ]

[ 2017-09-02T17:00:33+08:00 ] 127.0.0.1 /admin.php/menu/menu/add
INFO: [ app_init ] --START--
INFO: Run Behavior\BuildLiteBehavior [ RunTime:0.000019s ]
INFO: [ app_init ] --END-- [ RunTime:0.000291s ]
INFO: [ app_begin ] --START--
INFO: Run Behavior\ReadHtmlCacheBehavior [ RunTime:0.000296s ]
INFO: [ app_begin ] --END-- [ RunTime:0.000361s ]
ERR: 非法操作:menu

[ 2017-09-02T17:00:53+08:00 ] 127.0.0.1 /admin.php/menu/add
INFO: [ app_init ] --START--
INFO: Run Behavior\BuildLiteBehavior [ RunTime:0.000028s ]
INFO: [ app_init ] --END-- [ RunTime:0.000405s ]

[ 2017-09-02T17:00:58+08:00 ] 127.0.0.1 /admin.php/menu/add
INFO: [ app_init ] --START--
INFO: Run Behavior\BuildLiteBehavior [ RunTime:0.000022s ]
INFO: [ app_init ] --END-- [ RunTime:0.000289s ]
INFO: [ app_begin ] --START--
INFO: Run Behavior\ReadHtmlCacheBehavior [ RunTime:0.000338s ]
INFO: [ app_begin ] --END-- [ RunTime:0.000451s ]
NOTIC: [2] Missing argument 1 for I(), called in /Applications/XAMPP/xamppfiles/htdocs/news/Application/Admin/Controller/MenuController.class.php on line 18 and defined /Applications/XAMPP/xamppfiles/htdocs/news/ThinkPHP/Common/functions.php 第 271 行.
NOTIC: [8] Undefined variable: name /Applications/XAMPP/xamppfiles/htdocs/news/ThinkPHP/Common/functions.php 第 273 行.
NOTIC: [8] Undefined variable: name /Applications/XAMPP/xamppfiles/htdocs/news/ThinkPHP/Common/functions.php 第 278 行.
NOTIC: [8] Undefined variable: name /Applications/XAMPP/xamppfiles/htdocs/news/ThinkPHP/Common/functions.php 第 339 行.
NOTIC: [2] Missing argument 1 for I(), called in /Applications/XAMPP/xamppfiles/htdocs/news/Application/Admin/Controller/MenuController.class.php on line 20 and defined /Applications/XAMPP/xamppfiles/htdocs/news/ThinkPHP/Common/functions.php 第 271 行.
NOTIC: [8] Undefined variable: name /Applications/XAMPP/xamppfiles/htdocs/news/ThinkPHP/Common/functions.php 第 273 行.
NOTIC: [8] Undefined variable: name /Applications/XAMPP/xamppfiles/htdocs/news/ThinkPHP/Common/functions.php 第 278 行.
NOTIC: [8] Undefined variable: name /Applications/XAMPP/xamppfiles/htdocs/news/ThinkPHP/Common/functions.php 第 339 行.
INFO: [ app_end ] --START--
INFO: Run Behavior\ShowPageTraceBehavior [ RunTime:0.000326s ]
INFO: [ app_end ] --END-- [ RunTime:0.000391s ]

[ 2017-09-02T17:01:02+08:00 ] 127.0.0.1 /admin.php/menu/add
INFO: [ app_init ] --START--
INFO: Run Behavior\BuildLiteBehavior [ RunTime:0.000050s ]
INFO: [ app_init ] --END-- [ RunTime:0.000742s ]
INFO: [ app_begin ] --START--
INFO: Run Behavior\ReadHtmlCacheBehavior [ RunTime:0.000956s ]
INFO: [ app_begin ] --END-- [ RunTime:0.001173s ]
NOTIC: [2] Missing argument 1 for I(), called in /Applications/XAMPP/xamppfiles/htdocs/news/Application/Admin/Controller/MenuController.class.php on line 18 and defined /Applications/XAMPP/xamppfiles/htdocs/news/ThinkPHP/Common/functions.php 第 271 行.
NOTIC: [8] Undefined variable: name /Applications/XAMPP/xamppfiles/htdocs/news/ThinkPHP/Common/functions.php 第 273 行.
NOTIC: [8] Undefined variable: name /Applications/XAMPP/xamppfiles/htdocs/news/ThinkPHP/Common/functions.php 第 278 行.
NOTIC: [8] Undefined variable: name /Applications/XAMPP/xamppfiles/htdocs/news/ThinkPHP/Common/functions.php 第 339 行.
NOTIC: [2] Missing argument 1 for I(), called in /Applications/XAMPP/xamppfiles/htdocs/news/Application/Admin/Controller/MenuController.class.php on line 20 and defined /Applications/XAMPP/xamppfiles/htdocs/news/ThinkPHP/Common/functions.php 第 271 行.
NOTIC: [8] Undefined variable: name /Applications/XAMPP/xamppfiles/htdocs/news/ThinkPHP/Common/functions.php 第 273 行.
NOTIC: [8] Undefined variable: name /Applications/XAMPP/xamppfiles/htdocs/news/ThinkPHP/Common/functions.php 第 278 行.
NOTIC: [8] Undefined variable: name /Applications/XAMPP/xamppfiles/htdocs/news/ThinkPHP/Common/functions.php 第 339 行.
INFO: [ app_end ] --START--
INFO: Run Behavior\ShowPageTraceBehavior [ RunTime:0.000559s ]
INFO: [ app_end ] --END-- [ RunTime:0.000674s ]

[ 2017-09-02T17:01:03+08:00 ] 127.0.0.1 /admin.php/menu/add
INFO: [ app_init ] --START--
INFO: Run Behavior\BuildLiteBehavior [ RunTime:0.000027s ]
INFO: [ app_init ] --END-- [ RunTime:0.000369s ]
INFO: [ app_begin ] --START--
INFO: Run Behavior\ReadHtmlCacheBehavior [ RunTime:0.000748s ]
INFO: [ app_begin ] --END-- [ RunTime:0.000844s ]
NOTIC: [2] Missing argument 1 for I(), called in /Applications/XAMPP/xamppfiles/htdocs/news/Application/Admin/Controller/MenuController.class.php on line 18 and defined /Applications/XAMPP/xamppfiles/htdocs/news/ThinkPHP/Common/functions.php 第 271 行.
NOTIC: [8] Undefined variable: name /Applications/XAMPP/xamppfiles/htdocs/news/ThinkPHP/Common/functions.php 第 273 行.
NOTIC: [8] Undefined variable: name /Applications/XAMPP/xamppfiles/htdocs/news/ThinkPHP/Common/functions.php 第 278 行.
NOTIC: [8] Undefined variable: name /Applications/XAMPP/xamppfiles/htdocs/news/ThinkPHP/Common/functions.php 第 339 行.
NOTIC: [2] Missing argument 1 for I(), called in /Applications/XAMPP/xamppfiles/htdocs/news/Application/Admin/Controller/MenuController.class.php on line 20 and defined /Applications/XAMPP/xamppfiles/htdocs/news/ThinkPHP/Common/functions.php 第 271 行.
NOTIC: [8] Undefined variable: name /Applications/XAMPP/xamppfiles/htdocs/news/ThinkPHP/Common/functions.php 第 273 行.
NOTIC: [8] Undefined variable: name /Applications/XAMPP/xamppfiles/htdocs/news/ThinkPHP/Common/functions.php 第 278 行.
NOTIC: [8] Undefined variable: name /Applications/XAMPP/xamppfiles/htdocs/news/ThinkPHP/Common/functions.php 第 339 行.
INFO: [ app_end ] --START--
INFO: Run Behavior\ShowPageTraceBehavior [ RunTime:0.000321s ]
INFO: [ app_end ] --END-- [ RunTime:0.000384s ]

[ 2017-09-02T17:01:05+08:00 ] 127.0.0.1 /admin.php/menu/add
INFO: [ app_init ] --START--
INFO: Run Behavior\BuildLiteBehavior [ RunTime:0.000018s ]
INFO: [ app_init ] --END-- [ RunTime:0.000270s ]

[ 2017-09-02T17:01:09+08:00 ] 127.0.0.1 /admin.php/menu/add
INFO: [ app_init ] --START--
INFO: Run Behavior\BuildLiteBehavior [ RunTime:0.000030s ]
INFO: [ app_init ] --END-- [ RunTime:0.000393s ]

[ 2017-09-02T17:01:15+08:00 ] 127.0.0.1 /admin.php/menu/add
INFO: [ app_init ] --START--
INFO: Run Behavior\BuildLiteBehavior [ RunTime:0.000023s ]
INFO: [ app_init ] --END-- [ RunTime:0.000358s ]
INFO: [ app_begin ] --START--
INFO: Run Behavior\ReadHtmlCacheBehavior [ RunTime:0.000365s ]
INFO: [ app_begin ] --END-- [ RunTime:0.000450s ]
NOTIC: [2] Missing argument 1 for I(), called in /Applications/XAMPP/xamppfiles/htdocs/news/Application/Admin/Controller/MenuController.class.php on line 18 and defined /Applications/XAMPP/xamppfiles/htdocs/news/ThinkPHP/Common/functions.php 第 271 行.
NOTIC: [8] Undefined variable: name /Applications/XAMPP/xamppfiles/htdocs/news/ThinkPHP/Common/functions.php 第 273 行.
NOTIC: [8] Undefined variable: name /Applications/XAMPP/xamppfiles/htdocs/news/ThinkPHP/Common/functions.php 第 278 行.
NOTIC: [8] Undefined variable: name /Applications/XAMPP/xamppfiles/htdocs/news/ThinkPHP/Common/functions.php 第 339 行.
NOTIC: [2] Missing argument 1 for I(), called in /Applications/XAMPP/xamppfiles/htdocs/news/Application/Admin/Controller/MenuController.class.php on line 20 and defined /Applications/XAMPP/xamppfiles/htdocs/news/ThinkPHP/Common/functions.php 第 271 行.
NOTIC: [8] Undefined variable: name /Applications/XAMPP/xamppfiles/htdocs/news/ThinkPHP/Common/functions.php 第 273 行.
NOTIC: [8] Undefined variable: name /Applications/XAMPP/xamppfiles/htdocs/news/ThinkPHP/Common/functions.php 第 278 行.
NOTIC: [8] Undefined variable: name /Applications/XAMPP/xamppfiles/htdocs/news/ThinkPHP/Common/functions.php 第 339 行.
INFO: [ app_end ] --START--
INFO: Run Behavior\ShowPageTraceBehavior [ RunTime:0.000332s ]
INFO: [ app_end ] --END-- [ RunTime:0.000400s ]

[ 2017-09-02T17:01:16+08:00 ] 127.0.0.1 /admin.php/menu/add
INFO: [ app_init ] --START--
INFO: Run Behavior\BuildLiteBehavior [ RunTime:0.000020s ]
INFO: [ app_init ] --END-- [ RunTime:0.000282s ]
INFO: [ app_begin ] --START--
INFO: Run Behavior\ReadHtmlCacheBehavior [ RunTime:0.000291s ]
INFO: [ app_begin ] --END-- [ RunTime:0.000357s ]
NOTIC: [2] Missing argument 1 for I(), called in /Applications/XAMPP/xamppfiles/htdocs/news/Application/Admin/Controller/MenuController.class.php on line 18 and defined /Applications/XAMPP/xamppfiles/htdocs/news/ThinkPHP/Common/functions.php 第 271 行.
NOTIC: [8] Undefined variable: name /Applications/XAMPP/xamppfiles/htdocs/news/ThinkPHP/Common/functions.php 第 273 行.
NOTIC: [8] Undefined variable: name /Applications/XAMPP/xamppfiles/htdocs/news/ThinkPHP/Common/functions.php 第 278 行.
NOTIC: [8] Undefined variable: name /Applications/XAMPP/xamppfiles/htdocs/news/ThinkPHP/Common/functions.php 第 339 行.
NOTIC: [2] Missing argument 1 for I(), called in /Applications/XAMPP/xamppfiles/htdocs/news/Application/Admin/Controller/MenuController.class.php on line 20 and defined /Applications/XAMPP/xamppfiles/htdocs/news/ThinkPHP/Common/functions.php 第 271 行.
NOTIC: [8] Undefined variable: name /Applications/XAMPP/xamppfiles/htdocs/news/ThinkPHP/Common/functions.php 第 273 行.
NOTIC: [8] Undefined variable: name /Applications/XAMPP/xamppfiles/htdocs/news/ThinkPHP/Common/functions.php 第 278 行.
NOTIC: [8] Undefined variable: name /Applications/XAMPP/xamppfiles/htdocs/news/ThinkPHP/Common/functions.php 第 339 行.
INFO: [ app_end ] --START--
INFO: Run Behavior\ShowPageTraceBehavior [ RunTime:0.000303s ]
INFO: [ app_end ] --END-- [ RunTime:0.000364s ]

[ 2017-09-02T17:01:16+08:00 ] 127.0.0.1 /admin.php/menu/add
INFO: [ app_init ] --START--
INFO: Run Behavior\BuildLiteBehavior [ RunTime:0.000024s ]
INFO: [ app_init ] --END-- [ RunTime:0.000351s ]
INFO: [ app_begin ] --START--
INFO: Run Behavior\ReadHtmlCacheBehavior [ RunTime:0.000534s ]
INFO: [ app_begin ] --END-- [ RunTime:0.000625s ]
NOTIC: [2] Missing argument 1 for I(), called in /Applications/XAMPP/xamppfiles/htdocs/news/Application/Admin/Controller/MenuController.class.php on line 18 and defined /Applications/XAMPP/xamppfiles/htdocs/news/ThinkPHP/Common/functions.php 第 271 行.
NOTIC: [8] Undefined variable: name /Applications/XAMPP/xamppfiles/htdocs/news/ThinkPHP/Common/functions.php 第 273 行.
NOTIC: [8] Undefined variable: name /Applications/XAMPP/xamppfiles/htdocs/news/ThinkPHP/Common/functions.php 第 278 行.
NOTIC: [8] Undefined variable: name /Applications/XAMPP/xamppfiles/htdocs/news/ThinkPHP/Common/functions.php 第 339 行.
NOTIC: [2] Missing argument 1 for I(), called in /Applications/XAMPP/xamppfiles/htdocs/news/Application/Admin/Controller/MenuController.class.php on line 20 and defined /Applications/XAMPP/xamppfiles/htdocs/news/ThinkPHP/Common/functions.php 第 271 行.
NOTIC: [8] Undefined variable: name /Applications/XAMPP/xamppfiles/htdocs/news/ThinkPHP/Common/functions.php 第 273 行.
NOTIC: [8] Undefined variable: name /Applications/XAMPP/xamppfiles/htdocs/news/ThinkPHP/Common/functions.php 第 278 行.
NOTIC: [8] Undefined variable: name /Applications/XAMPP/xamppfiles/htdocs/news/ThinkPHP/Common/functions.php 第 339 行.
INFO: [ app_end ] --START--
INFO: Run Behavior\ShowPageTraceBehavior [ RunTime:0.000320s ]
INFO: [ app_end ] --END-- [ RunTime:0.000388s ]

[ 2017-09-02T17:01:16+08:00 ] 127.0.0.1 /admin.php/menu/add
INFO: [ app_init ] --START--
INFO: Run Behavior\BuildLiteBehavior [ RunTime:0.000019s ]
INFO: [ app_init ] --END-- [ RunTime:0.000287s ]
INFO: [ app_begin ] --START--
INFO: Run Behavior\ReadHtmlCacheBehavior [ RunTime:0.000287s ]
INFO: [ app_begin ] --END-- [ RunTime:0.000351s ]
NOTIC: [2] Missing argument 1 for I(), called in /Applications/XAMPP/xamppfiles/htdocs/news/Application/Admin/Controller/MenuController.class.php on line 18 and defined /Applications/XAMPP/xamppfiles/htdocs/news/ThinkPHP/Common/functions.php 第 271 行.
NOTIC: [8] Undefined variable: name /Applications/XAMPP/xamppfiles/htdocs/news/ThinkPHP/Common/functions.php 第 273 行.
NOTIC: [8] Undefined variable: name /Applications/XAMPP/xamppfiles/htdocs/news/ThinkPHP/Common/functions.php 第 278 行.
NOTIC: [8] Undefined variable: name /Applications/XAMPP/xamppfiles/htdocs/news/ThinkPHP/Common/functions.php 第 339 行.
NOTIC: [2] Missing argument 1 for I(), called in /Applications/XAMPP/xamppfiles/htdocs/news/Application/Admin/Controller/MenuController.class.php on line 20 and defined /Applications/XAMPP/xamppfiles/htdocs/news/ThinkPHP/Common/functions.php 第 271 行.
NOTIC: [8] Undefined variable: name /Applications/XAMPP/xamppfiles/htdocs/news/ThinkPHP/Common/functions.php 第 273 行.
NOTIC: [8] Undefined variable: name /Applications/XAMPP/xamppfiles/htdocs/news/ThinkPHP/Common/functions.php 第 278 行.
NOTIC: [8] Undefined variable: name /Applications/XAMPP/xamppfiles/htdocs/news/ThinkPHP/Common/functions.php 第 339 行.
INFO: [ app_end ] --START--
INFO: Run Behavior\ShowPageTraceBehavior [ RunTime:0.000298s ]
INFO: [ app_end ] --END-- [ RunTime:0.000362s ]

[ 2017-09-02T17:01:17+08:00 ] 127.0.0.1 /admin.php/menu/add
INFO: [ app_init ] --START--
INFO: Run Behavior\BuildLiteBehavior [ RunTime:0.000019s ]
INFO: [ app_init ] --END-- [ RunTime:0.000273s ]
INFO: [ app_begin ] --START--
INFO: Run Behavior\ReadHtmlCacheBehavior [ RunTime:0.000326s ]
INFO: [ app_begin ] --END-- [ RunTime:0.000400s ]
NOTIC: [2] Missing argument 1 for I(), called in /Applications/XAMPP/xamppfiles/htdocs/news/Application/Admin/Controller/MenuController.class.php on line 18 and defined /Applications/XAMPP/xamppfiles/htdocs/news/ThinkPHP/Common/functions.php 第 271 行.
NOTIC: [8] Undefined variable: name /Applications/XAMPP/xamppfiles/htdocs/news/ThinkPHP/Common/functions.php 第 273 行.
NOTIC: [8] Undefined variable: name /Applications/XAMPP/xamppfiles/htdocs/news/ThinkPHP/Common/functions.php 第 278 行.
NOTIC: [8] Undefined variable: name /Applications/XAMPP/xamppfiles/htdocs/news/ThinkPHP/Common/functions.php 第 339 行.
NOTIC: [2] Missing argument 1 for I(), called in /Applications/XAMPP/xamppfiles/htdocs/news/Application/Admin/Controller/MenuController.class.php on line 20 and defined /Applications/XAMPP/xamppfiles/htdocs/news/ThinkPHP/Common/functions.php 第 271 行.
NOTIC: [8] Undefined variable: name /Applications/XAMPP/xamppfiles/htdocs/news/ThinkPHP/Common/functions.php 第 273 行.
NOTIC: [8] Undefined variable: name /Applications/XAMPP/xamppfiles/htdocs/news/ThinkPHP/Common/functions.php 第 278 行.
NOTIC: [8] Undefined variable: name /Applications/XAMPP/xamppfiles/htdocs/news/ThinkPHP/Common/functions.php 第 339 行.
INFO: [ app_end ] --START--
INFO: Run Behavior\ShowPageTraceBehavior [ RunTime:0.000308s ]
INFO: [ app_end ] --END-- [ RunTime:0.000372s ]

[ 2017-09-02T17:01:17+08:00 ] 127.0.0.1 /admin.php/menu/add
INFO: [ app_init ] --START--
INFO: Run Behavior\BuildLiteBehavior [ RunTime:0.000020s ]
INFO: [ app_init ] --END-- [ RunTime:0.000280s ]
INFO: [ app_begin ] --START--
INFO: Run Behavior\ReadHtmlCacheBehavior [ RunTime:0.000305s ]
INFO: [ app_begin ] --END-- [ RunTime:0.000386s ]
NOTIC: [2] Missing argument 1 for I(), called in /Applications/XAMPP/xamppfiles/htdocs/news/Application/Admin/Controller/MenuController.class.php on line 18 and defined /Applications/XAMPP/xamppfiles/htdocs/news/ThinkPHP/Common/functions.php 第 271 行.
NOTIC: [8] Undefined variable: name /Applications/XAMPP/xamppfiles/htdocs/news/ThinkPHP/Common/functions.php 第 273 行.
NOTIC: [8] Undefined variable: name /Applications/XAMPP/xamppfiles/htdocs/news/ThinkPHP/Common/functions.php 第 278 行.
NOTIC: [8] Undefined variable: name /Applications/XAMPP/xamppfiles/htdocs/news/ThinkPHP/Common/functions.php 第 339 行.
NOTIC: [2] Missing argument 1 for I(), called in /Applications/XAMPP/xamppfiles/htdocs/news/Application/Admin/Controller/MenuController.class.php on line 20 and defined /Applications/XAMPP/xamppfiles/htdocs/news/ThinkPHP/Common/functions.php 第 271 行.
NOTIC: [8] Undefined variable: name /Applications/XAMPP/xamppfiles/htdocs/news/ThinkPHP/Common/functions.php 第 273 行.
NOTIC: [8] Undefined variable: name /Applications/XAMPP/xamppfiles/htdocs/news/ThinkPHP/Common/functions.php 第 278 行.
NOTIC: [8] Undefined variable: name /Applications/XAMPP/xamppfiles/htdocs/news/ThinkPHP/Common/functions.php 第 339 行.
INFO: [ app_end ] --START--
INFO: Run Behavior\ShowPageTraceBehavior [ RunTime:0.000318s ]
INFO: [ app_end ] --END-- [ RunTime:0.000383s ]

[ 2017-09-02T17:01:17+08:00 ] 127.0.0.1 /admin.php/menu/add
INFO: [ app_init ] --START--
INFO: Run Behavior\BuildLiteBehavior [ RunTime:0.000019s ]
INFO: [ app_init ] --END-- [ RunTime:0.000277s ]
INFO: [ app_begin ] --START--
INFO: Run Behavior\ReadHtmlCacheBehavior [ RunTime:0.000296s ]
INFO: [ app_begin ] --END-- [ RunTime:0.000363s ]
NOTIC: [2] Missing argument 1 for I(), called in /Applications/XAMPP/xamppfiles/htdocs/news/Application/Admin/Controller/MenuController.class.php on line 18 and defined /Applications/XAMPP/xamppfiles/htdocs/news/ThinkPHP/Common/functions.php 第 271 行.
NOTIC: [8] Undefined variable: name /Applications/XAMPP/xamppfiles/htdocs/news/ThinkPHP/Common/functions.php 第 273 行.
NOTIC: [8] Undefined variable: name /Applications/XAMPP/xamppfiles/htdocs/news/ThinkPHP/Common/functions.php 第 278 行.
NOTIC: [8] Undefined variable: name /Applications/XAMPP/xamppfiles/htdocs/news/ThinkPHP/Common/functions.php 第 339 行.
NOTIC: [2] Missing argument 1 for I(), called in /Applications/XAMPP/xamppfiles/htdocs/news/Application/Admin/Controller/MenuController.class.php on line 20 and defined /Applications/XAMPP/xamppfiles/htdocs/news/ThinkPHP/Common/functions.php 第 271 行.
NOTIC: [8] Undefined variable: name /Applications/XAMPP/xamppfiles/htdocs/news/ThinkPHP/Common/functions.php 第 273 行.
NOTIC: [8] Undefined variable: name /Applications/XAMPP/xamppfiles/htdocs/news/ThinkPHP/Common/functions.php 第 278 行.
NOTIC: [8] Undefined variable: name /Applications/XAMPP/xamppfiles/htdocs/news/ThinkPHP/Common/functions.php 第 339 行.
INFO: [ app_end ] --START--
INFO: Run Behavior\ShowPageTraceBehavior [ RunTime:0.000304s ]
INFO: [ app_end ] --END-- [ RunTime:0.000368s ]

[ 2017-09-02T17:01:17+08:00 ] 127.0.0.1 /admin.php/menu/add
INFO: [ app_init ] --START--
INFO: Run Behavior\BuildLiteBehavior [ RunTime:0.000021s ]
INFO: [ app_init ] --END-- [ RunTime:0.000278s ]
INFO: [ app_begin ] --START--
INFO: Run Behavior\ReadHtmlCacheBehavior [ RunTime:0.000318s ]
INFO: [ app_begin ] --END-- [ RunTime:0.000401s ]
NOTIC: [2] Missing argument 1 for I(), called in /Applications/XAMPP/xamppfiles/htdocs/news/Application/Admin/Controller/MenuController.class.php on line 18 and defined /Applications/XAMPP/xamppfiles/htdocs/news/ThinkPHP/Common/functions.php 第 271 行.
NOTIC: [8] Undefined variable: name /Applications/XAMPP/xamppfiles/htdocs/news/ThinkPHP/Common/functions.php 第 273 行.
NOTIC: [8] Undefined variable: name /Applications/XAMPP/xamppfiles/htdocs/news/ThinkPHP/Common/functions.php 第 278 行.
NOTIC: [8] Undefined variable: name /Applications/XAMPP/xamppfiles/htdocs/news/ThinkPHP/Common/functions.php 第 339 行.
NOTIC: [2] Missing argument 1 for I(), called in /Applications/XAMPP/xamppfiles/htdocs/news/Application/Admin/Controller/MenuController.class.php on line 20 and defined /Applications/XAMPP/xamppfiles/htdocs/news/ThinkPHP/Common/functions.php 第 271 行.
NOTIC: [8] Undefined variable: name /Applications/XAMPP/xamppfiles/htdocs/news/ThinkPHP/Common/functions.php 第 273 行.
NOTIC: [8] Undefined variable: name /Applications/XAMPP/xamppfiles/htdocs/news/ThinkPHP/Common/functions.php 第 278 行.
NOTIC: [8] Undefined variable: name /Applications/XAMPP/xamppfiles/htdocs/news/ThinkPHP/Common/functions.php 第 339 行.
INFO: [ app_end ] --START--
INFO: Run Behavior\ShowPageTraceBehavior [ RunTime:0.000309s ]
INFO: [ app_end ] --END-- [ RunTime:0.000372s ]

[ 2017-09-02T17:01:17+08:00 ] 127.0.0.1 /admin.php/menu/add
INFO: [ app_init ] --START--
INFO: Run Behavior\BuildLiteBehavior [ RunTime:0.000020s ]
INFO: [ app_init ] --END-- [ RunTime:0.000286s ]
INFO: [ app_begin ] --START--
INFO: Run Behavior\ReadHtmlCacheBehavior [ RunTime:0.000290s ]
INFO: [ app_begin ] --END-- [ RunTime:0.000357s ]
NOTIC: [2] Missing argument 1 for I(), called in /Applications/XAMPP/xamppfiles/htdocs/news/Application/Admin/Controller/MenuController.class.php on line 18 and defined /Applications/XAMPP/xamppfiles/htdocs/news/ThinkPHP/Common/functions.php 第 271 行.
NOTIC: [8] Undefined variable: name /Applications/XAMPP/xamppfiles/htdocs/news/ThinkPHP/Common/functions.php 第 273 行.
NOTIC: [8] Undefined variable: name /Applications/XAMPP/xamppfiles/htdocs/news/ThinkPHP/Common/functions.php 第 278 行.
NOTIC: [8] Undefined variable: name /Applications/XAMPP/xamppfiles/htdocs/news/ThinkPHP/Common/functions.php 第 339 行.
NOTIC: [2] Missing argument 1 for I(), called in /Applications/XAMPP/xamppfiles/htdocs/news/Application/Admin/Controller/MenuController.class.php on line 20 and defined /Applications/XAMPP/xamppfiles/htdocs/news/ThinkPHP/Common/functions.php 第 271 行.
NOTIC: [8] Undefined variable: name /Applications/XAMPP/xamppfiles/htdocs/news/ThinkPHP/Common/functions.php 第 273 行.
NOTIC: [8] Undefined variable: name /Applications/XAMPP/xamppfiles/htdocs/news/ThinkPHP/Common/functions.php 第 278 行.
NOTIC: [8] Undefined variable: name /Applications/XAMPP/xamppfiles/htdocs/news/ThinkPHP/Common/functions.php 第 339 行.
INFO: [ app_end ] --START--
INFO: Run Behavior\ShowPageTraceBehavior [ RunTime:0.000310s ]
INFO: [ app_end ] --END-- [ RunTime:0.000373s ]

[ 2017-09-02T17:01:17+08:00 ] 127.0.0.1 /admin.php/menu/add
INFO: [ app_init ] --START--
INFO: Run Behavior\BuildLiteBehavior [ RunTime:0.000022s ]
INFO: [ app_init ] --END-- [ RunTime:0.000501s ]
INFO: [ app_begin ] --START--
INFO: Run Behavior\ReadHtmlCacheBehavior [ RunTime:0.000306s ]
INFO: [ app_begin ] --END-- [ RunTime:0.000374s ]
NOTIC: [2] Missing argument 1 for I(), called in /Applications/XAMPP/xamppfiles/htdocs/news/Application/Admin/Controller/MenuController.class.php on line 18 and defined /Applications/XAMPP/xamppfiles/htdocs/news/ThinkPHP/Common/functions.php 第 271 行.
NOTIC: [8] Undefined variable: name /Applications/XAMPP/xamppfiles/htdocs/news/ThinkPHP/Common/functions.php 第 273 行.
NOTIC: [8] Undefined variable: name /Applications/XAMPP/xamppfiles/htdocs/news/ThinkPHP/Common/functions.php 第 278 行.
NOTIC: [8] Undefined variable: name /Applications/XAMPP/xamppfiles/htdocs/news/ThinkPHP/Common/functions.php 第 339 行.
NOTIC: [2] Missing argument 1 for I(), called in /Applications/XAMPP/xamppfiles/htdocs/news/Application/Admin/Controller/MenuController.class.php on line 20 and defined /Applications/XAMPP/xamppfiles/htdocs/news/ThinkPHP/Common/functions.php 第 271 行.
NOTIC: [8] Undefined variable: name /Applications/XAMPP/xamppfiles/htdocs/news/ThinkPHP/Common/functions.php 第 273 行.
NOTIC: [8] Undefined variable: name /Applications/XAMPP/xamppfiles/htdocs/news/ThinkPHP/Common/functions.php 第 278 行.
NOTIC: [8] Undefined variable: name /Applications/XAMPP/xamppfiles/htdocs/news/ThinkPHP/Common/functions.php 第 339 行.
INFO: [ app_end ] --START--
INFO: Run Behavior\ShowPageTraceBehavior [ RunTime:0.000326s ]
INFO: [ app_end ] --END-- [ RunTime:0.000388s ]

[ 2017-09-02T17:22:30+08:00 ] 127.0.0.1 /admin.php/menu/add
INFO: [ app_init ] --START--
INFO: Run Behavior\BuildLiteBehavior [ RunTime:0.000034s ]
INFO: [ app_init ] --END-- [ RunTime:0.000766s ]

[ 2017-09-02T17:23:07+08:00 ] 127.0.0.1 /admin.php/menu/add
INFO: [ app_init ] --START--
INFO: Run Behavior\BuildLiteBehavior [ RunTime:0.000029s ]
INFO: [ app_init ] --END-- [ RunTime:0.000448s ]

[ 2017-09-02T17:23:31+08:00 ] 127.0.0.1 /admin.php/menu/add
INFO: [ app_init ] --START--
INFO: Run Behavior\BuildLiteBehavior [ RunTime:0.000272s ]
INFO: [ app_init ] --END-- [ RunTime:0.000667s ]
INFO: [ app_begin ] --START--
INFO: Run Behavior\ReadHtmlCacheBehavior [ RunTime:0.000283s ]
INFO: [ app_begin ] --END-- [ RunTime:0.000350s ]
NOTIC: [2] Missing argument 1 for I(), called in /Applications/XAMPP/xamppfiles/htdocs/news/Application/Admin/Controller/MenuController.class.php on line 18 and defined /Applications/XAMPP/xamppfiles/htdocs/news/ThinkPHP/Common/functions.php 第 271 行.
NOTIC: [8] Undefined variable: name /Applications/XAMPP/xamppfiles/htdocs/news/ThinkPHP/Common/functions.php 第 273 行.
NOTIC: [8] Undefined variable: name /Applications/XAMPP/xamppfiles/htdocs/news/ThinkPHP/Common/functions.php 第 278 行.
NOTIC: [8] Undefined variable: name /Applications/XAMPP/xamppfiles/htdocs/news/ThinkPHP/Common/functions.php 第 339 行.
SQL: SHOW COLUMNS FROM `menu` [ RunTime:0.0289s ]
NOTIC: [8] Use of undefined constant data - assumed 'data' /Applications/XAMPP/xamppfiles/htdocs/news/Application/Admin/Model/MenuModel.class.php 第 18 行.
SQL: INSERT INTO `menu` (`name`,`type`,`m`,`c`,`f`,`status`) VALUES ('菜单管理','1','admin','menu','index','1') [ RunTime:0.0093s ]

[ 2017-09-02T17:25:29+08:00 ] 127.0.0.1 /admin.php/menu/add
INFO: [ app_init ] --START--
INFO: Run Behavior\BuildLiteBehavior [ RunTime:0.000022s ]
INFO: [ app_init ] --END-- [ RunTime:0.000628s ]

[ 2017-09-02T17:25:50+08:00 ] 127.0.0.1 /admin.php/menu/add
INFO: [ app_init ] --START--
INFO: Run Behavior\BuildLiteBehavior [ RunTime:0.000046s ]
INFO: [ app_init ] --END-- [ RunTime:0.000638s ]
INFO: [ app_begin ] --START--
INFO: Run Behavior\ReadHtmlCacheBehavior [ RunTime:0.000756s ]
INFO: [ app_begin ] --END-- [ RunTime:0.000923s ]
NOTIC: [2] Missing argument 1 for I(), called in /Applications/XAMPP/xamppfiles/htdocs/news/Application/Admin/Controller/MenuController.class.php on line 18 and defined /Applications/XAMPP/xamppfiles/htdocs/news/ThinkPHP/Common/functions.php 第 271 行.
NOTIC: [8] Undefined variable: name /Applications/XAMPP/xamppfiles/htdocs/news/ThinkPHP/Common/functions.php 第 273 行.
NOTIC: [8] Undefined variable: name /Applications/XAMPP/xamppfiles/htdocs/news/ThinkPHP/Common/functions.php 第 278 行.
NOTIC: [8] Undefined variable: name /Applications/XAMPP/xamppfiles/htdocs/news/ThinkPHP/Common/functions.php 第 339 行.
SQL: SHOW COLUMNS FROM `menu` [ RunTime:0.0024s ]
NOTIC: [8] Use of undefined constant data - assumed 'data' /Applications/XAMPP/xamppfiles/htdocs/news/Application/Admin/Model/MenuModel.class.php 第 18 行.
SQL: INSERT INTO `menu` (`name`,`type`,`m`,`c`,`f`,`status`) VALUES ('文章管理','1','admin','blog','index','1') [ RunTime:0.0025s ]

[ 2017-09-02T17:26:25+08:00 ] 127.0.0.1 /admin.php/menu/add
INFO: [ app_init ] --START--
INFO: Run Behavior\BuildLiteBehavior [ RunTime:0.000036s ]
INFO: [ app_init ] --END-- [ RunTime:0.000821s ]

[ 2017-09-02T17:26:46+08:00 ] 127.0.0.1 /admin.php/menu/add
INFO: [ app_init ] --START--
INFO: Run Behavior\BuildLiteBehavior [ RunTime:0.000019s ]
INFO: [ app_init ] --END-- [ RunTime:0.000282s ]
INFO: [ app_begin ] --START--
INFO: Run Behavior\ReadHtmlCacheBehavior [ RunTime:0.000308s ]
INFO: [ app_begin ] --END-- [ RunTime:0.000406s ]
NOTIC: [2] Missing argument 1 for I(), called in /Applications/XAMPP/xamppfiles/htdocs/news/Application/Admin/Controller/MenuController.class.php on line 18 and defined /Applications/XAMPP/xamppfiles/htdocs/news/ThinkPHP/Common/functions.php 第 271 行.
NOTIC: [8] Undefined variable: name /Applications/XAMPP/xamppfiles/htdocs/news/ThinkPHP/Common/functions.php 第 273 行.
NOTIC: [8] Undefined variable: name /Applications/XAMPP/xamppfiles/htdocs/news/ThinkPHP/Common/functions.php 第 278 行.
NOTIC: [8] Undefined variable: name /Applications/XAMPP/xamppfiles/htdocs/news/ThinkPHP/Common/functions.php 第 339 行.
SQL: SHOW COLUMNS FROM `menu` [ RunTime:0.0036s ]
NOTIC: [8] Use of undefined constant data - assumed 'data' /Applications/XAMPP/xamppfiles/htdocs/news/Application/Admin/Model/MenuModel.class.php 第 18 行.
SQL: INSERT INTO `menu` (`name`,`type`,`m`,`c`,`f`,`status`) VALUES ('广告管理','1','admin','guanggao','index','1') [ RunTime:0.0017s ]

[ 2017-09-02T17:26:51+08:00 ] 127.0.0.1 /admin.php/menu/add
INFO: [ app_init ] --START--
INFO: Run Behavior\BuildLiteBehavior [ RunTime:0.000019s ]
INFO: [ app_init ] --END-- [ RunTime:0.000279s ]

[ 2017-09-02T17:27:41+08:00 ] 127.0.0.1 /admin.php/menu/add
INFO: [ app_init ] --START--
INFO: Run Behavior\BuildLiteBehavior [ RunTime:0.000026s ]
INFO: [ app_init ] --END-- [ RunTime:0.000502s ]

[ 2017-09-02T17:27:50+08:00 ] 127.0.0.1 /admin.php/menu/add
INFO: [ app_init ] --START--
INFO: Run Behavior\BuildLiteBehavior [ RunTime:0.000020s ]
INFO: [ app_init ] --END-- [ RunTime:0.000429s ]
INFO: [ app_begin ] --START--
INFO: Run Behavior\ReadHtmlCacheBehavior [ RunTime:0.000499s ]
INFO: [ app_begin ] --END-- [ RunTime:0.000616s ]
NOTIC: [2] Missing argument 1 for I(), called in /Applications/XAMPP/xamppfiles/htdocs/news/Application/Admin/Controller/MenuController.class.php on line 18 and defined /Applications/XAMPP/xamppfiles/htdocs/news/ThinkPHP/Common/functions.php 第 271 行.
NOTIC: [8] Undefined variable: name /Applications/XAMPP/xamppfiles/htdocs/news/ThinkPHP/Common/functions.php 第 273 行.
NOTIC: [8] Undefined variable: name /Applications/XAMPP/xamppfiles/htdocs/news/ThinkPHP/Common/functions.php 第 278 行.
NOTIC: [8] Undefined variable: name /Applications/XAMPP/xamppfiles/htdocs/news/ThinkPHP/Common/functions.php 第 339 行.
SQL: SHOW COLUMNS FROM `menu` [ RunTime:0.0024s ]
NOTIC: [8] Use of undefined constant data - assumed 'data' /Applications/XAMPP/xamppfiles/htdocs/news/Application/Admin/Model/MenuModel.class.php 第 18 行.
SQL: INSERT INTO `menu` (`name`,`type`,`m`,`c`,`f`,`status`) VALUES ('123','1','123','123','123','1') [ RunTime:0.0011s ]

[ 2017-09-02T17:27:52+08:00 ] 127.0.0.1 /admin.php/menu/undefined
INFO: [ app_init ] --START--
INFO: Run Behavior\BuildLiteBehavior [ RunTime:0.000018s ]
INFO: [ app_init ] --END-- [ RunTime:0.000243s ]
ERR: 非法操作:undefined

[ 2017-09-02T17:28:38+08:00 ] 127.0.0.1 /admin.php/menu/add
INFO: [ app_init ] --START--
INFO: Run Behavior\BuildLiteBehavior [ RunTime:0.000019s ]
INFO: [ app_init ] --END-- [ RunTime:0.000276s ]

[ 2017-09-02T17:28:40+08:00 ] 127.0.0.1 /admin.php/menu/add
INFO: [ app_init ] --START--
INFO: Run Behavior\BuildLiteBehavior [ RunTime:0.000025s ]
INFO: [ app_init ] --END-- [ RunTime:0.000351s ]

[ 2017-09-02T17:28:47+08:00 ] 127.0.0.1 /admin.php/menu/add
INFO: [ app_init ] --START--
INFO: Run Behavior\BuildLiteBehavior [ RunTime:0.000030s ]
INFO: [ app_init ] --END-- [ RunTime:0.000505s ]
INFO: [ app_begin ] --START--
INFO: Run Behavior\ReadHtmlCacheBehavior [ RunTime:0.000491s ]
INFO: [ app_begin ] --END-- [ RunTime:0.000621s ]
NOTIC: [2] Missing argument 1 for I(), called in /Applications/XAMPP/xamppfiles/htdocs/news/Application/Admin/Controller/MenuController.class.php on line 18 and defined /Applications/XAMPP/xamppfiles/htdocs/news/ThinkPHP/Common/functions.php 第 271 行.
NOTIC: [8] Undefined variable: name /Applications/XAMPP/xamppfiles/htdocs/news/ThinkPHP/Common/functions.php 第 273 行.
NOTIC: [8] Undefined variable: name /Applications/XAMPP/xamppfiles/htdocs/news/ThinkPHP/Common/functions.php 第 278 行.
NOTIC: [8] Undefined variable: name /Applications/XAMPP/xamppfiles/htdocs/news/ThinkPHP/Common/functions.php 第 339 行.
SQL: SHOW COLUMNS FROM `menu` [ RunTime:0.0030s ]
NOTIC: [8] Use of undefined constant data - assumed 'data' /Applications/XAMPP/xamppfiles/htdocs/news/Application/Admin/Model/MenuModel.class.php 第 18 行.
SQL: INSERT INTO `menu` (`name`,`type`,`m`,`c`,`f`,`status`) VALUES ('234','1','2345','2345','2345','1') [ RunTime:0.0011s ]

[ 2017-09-02T17:28:48+08:00 ] 127.0.0.1 /admin.php/menu/undefined
INFO: [ app_init ] --START--
INFO: Run Behavior\BuildLiteBehavior [ RunTime:0.000069s ]
INFO: [ app_init ] --END-- [ RunTime:0.000666s ]
ERR: 非法操作:undefined

[ 2017-09-02T17:28:51+08:00 ] 127.0.0.1 /admin.php/menu/add
INFO: [ app_init ] --START--
INFO: Run Behavior\BuildLiteBehavior [ RunTime:0.000016s ]
INFO: [ app_init ] --END-- [ RunTime:0.000232s ]

[ 2017-09-02T17:29:17+08:00 ] 127.0.0.1 /admin.php/menu/add
INFO: [ app_init ] --START--
INFO: Run Behavior\BuildLiteBehavior [ RunTime:0.000020s ]
INFO: [ app_init ] --END-- [ RunTime:0.000302s ]

[ 2017-09-02T17:29:20+08:00 ] 127.0.0.1 /admin.php/menu/add
INFO: [ app_init ] --START--
INFO: Run Behavior\BuildLiteBehavior [ RunTime:0.000052s ]
INFO: [ app_init ] --END-- [ RunTime:0.000594s ]
INFO: [ app_begin ] --START--
INFO: Run Behavior\ReadHtmlCacheBehavior [ RunTime:0.000446s ]
INFO: [ app_begin ] --END-- [ RunTime:0.000533s ]
NOTIC: [2] Missing argument 1 for I(), called in /Applications/XAMPP/xamppfiles/htdocs/news/Application/Admin/Controller/MenuController.class.php on line 18 and defined /Applications/XAMPP/xamppfiles/htdocs/news/ThinkPHP/Common/functions.php 第 271 行.
NOTIC: [8] Undefined variable: name /Applications/XAMPP/xamppfiles/htdocs/news/ThinkPHP/Common/functions.php 第 273 行.
NOTIC: [8] Undefined variable: name /Applications/XAMPP/xamppfiles/htdocs/news/ThinkPHP/Common/functions.php 第 278 行.
NOTIC: [8] Undefined variable: name /Applications/XAMPP/xamppfiles/htdocs/news/ThinkPHP/Common/functions.php 第 339 行.

[ 2017-09-02T17:29:21+08:00 ] 127.0.0.1 /admin.php/menu/undefined
INFO: [ app_init ] --START--
INFO: Run Behavior\BuildLiteBehavior [ RunTime:0.000024s ]
INFO: [ app_init ] --END-- [ RunTime:0.000296s ]
ERR: 非法操作:undefined

[ 2017-09-02T17:29:25+08:00 ] 127.0.0.1 /admin.php/menu/add
INFO: [ app_init ] --START--
INFO: Run Behavior\BuildLiteBehavior [ RunTime:0.000025s ]
INFO: [ app_init ] --END-- [ RunTime:0.000406s ]

[ 2017-09-02T17:29:48+08:00 ] 127.0.0.1 /admin.php/menu/add
INFO: [ app_init ] --START--
INFO: Run Behavior\BuildLiteBehavior [ RunTime:0.000027s ]
INFO: [ app_init ] --END-- [ RunTime:0.000495s ]

[ 2017-09-02T17:29:50+08:00 ] 127.0.0.1 /admin.php/menu/add
INFO: [ app_init ] --START--
INFO: Run Behavior\BuildLiteBehavior [ RunTime:0.000023s ]
INFO: [ app_init ] --END-- [ RunTime:0.000354s ]
INFO: [ app_begin ] --START--
INFO: Run Behavior\ReadHtmlCacheBehavior [ RunTime:0.000373s ]
INFO: [ app_begin ] --END-- [ RunTime:0.000459s ]
NOTIC: [2] Missing argument 1 for I(), called in /Applications/XAMPP/xamppfiles/htdocs/news/Application/Admin/Controller/MenuController.class.php on line 18 and defined /Applications/XAMPP/xamppfiles/htdocs/news/ThinkPHP/Common/functions.php 第 271 行.
NOTIC: [8] Undefined variable: name /Applications/XAMPP/xamppfiles/htdocs/news/ThinkPHP/Common/functions.php 第 273 行.
NOTIC: [8] Undefined variable: name /Applications/XAMPP/xamppfiles/htdocs/news/ThinkPHP/Common/functions.php 第 278 行.
NOTIC: [8] Undefined variable: name /Applications/XAMPP/xamppfiles/htdocs/news/ThinkPHP/Common/functions.php 第 339 行.

[ 2017-09-02T17:29:58+08:00 ] 127.0.0.1 /admin.php/menu/add
INFO: [ app_init ] --START--
INFO: Run Behavior\BuildLiteBehavior [ RunTime:0.000021s ]
INFO: [ app_init ] --END-- [ RunTime:0.000293s ]
INFO: [ app_begin ] --START--
INFO: Run Behavior\ReadHtmlCacheBehavior [ RunTime:0.000298s ]
INFO: [ app_begin ] --END-- [ RunTime:0.000390s ]
NOTIC: [2] Missing argument 1 for I(), called in /Applications/XAMPP/xamppfiles/htdocs/news/Application/Admin/Controller/MenuController.class.php on line 18 and defined /Applications/XAMPP/xamppfiles/htdocs/news/ThinkPHP/Common/functions.php 第 271 行.
NOTIC: [8] Undefined variable: name /Applications/XAMPP/xamppfiles/htdocs/news/ThinkPHP/Common/functions.php 第 273 行.
NOTIC: [8] Undefined variable: name /Applications/XAMPP/xamppfiles/htdocs/news/ThinkPHP/Common/functions.php 第 278 行.
NOTIC: [8] Undefined variable: name /Applications/XAMPP/xamppfiles/htdocs/news/ThinkPHP/Common/functions.php 第 339 行.
SQL: SHOW COLUMNS FROM `menu` [ RunTime:0.0008s ]
NOTIC: [8] Use of undefined constant data - assumed 'data' /Applications/XAMPP/xamppfiles/htdocs/news/Application/Admin/Model/MenuModel.class.php 第 18 行.
SQL: INSERT INTO `menu` (`name`,`type`,`m`,`c`,`f`,`status`) VALUES ('23456','1','23456','234567','3456','1') [ RunTime:0.0015s ]

[ 2017-09-02T17:30:57+08:00 ] 127.0.0.1 /admin.php/menu/add
INFO: [ app_init ] --START--
INFO: Run Behavior\BuildLiteBehavior [ RunTime:0.000031s ]
INFO: [ app_init ] --END-- [ RunTime:0.000420s ]

[ 2017-09-02T17:30:59+08:00 ] 127.0.0.1 /admin.php/menu/add
INFO: [ app_init ] --START--
INFO: Run Behavior\BuildLiteBehavior [ RunTime:0.000044s ]
INFO: [ app_init ] --END-- [ RunTime:0.000658s ]
INFO: [ app_begin ] --START--
INFO: Run Behavior\ReadHtmlCacheBehavior [ RunTime:0.000607s ]
INFO: [ app_begin ] --END-- [ RunTime:0.000744s ]
NOTIC: [2] Missing argument 1 for I(), called in /Applications/XAMPP/xamppfiles/htdocs/news/Application/Admin/Controller/MenuController.class.php on line 18 and defined /Applications/XAMPP/xamppfiles/htdocs/news/ThinkPHP/Common/functions.php 第 271 行.
NOTIC: [8] Undefined variable: name /Applications/XAMPP/xamppfiles/htdocs/news/ThinkPHP/Common/functions.php 第 273 行.
NOTIC: [8] Undefined variable: name /Applications/XAMPP/xamppfiles/htdocs/news/ThinkPHP/Common/functions.php 第 278 行.
NOTIC: [8] Undefined variable: name /Applications/XAMPP/xamppfiles/htdocs/news/ThinkPHP/Common/functions.php 第 339 行.

[ 2017-09-02T17:31:06+08:00 ] 127.0.0.1 /admin.php/menu/add
INFO: [ app_init ] --START--
INFO: Run Behavior\BuildLiteBehavior [ RunTime:0.000035s ]
INFO: [ app_init ] --END-- [ RunTime:0.000476s ]
INFO: [ app_begin ] --START--
INFO: Run Behavior\ReadHtmlCacheBehavior [ RunTime:0.000750s ]
INFO: [ app_begin ] --END-- [ RunTime:0.000875s ]
NOTIC: [2] Missing argument 1 for I(), called in /Applications/XAMPP/xamppfiles/htdocs/news/Application/Admin/Controller/MenuController.class.php on line 18 and defined /Applications/XAMPP/xamppfiles/htdocs/news/ThinkPHP/Common/functions.php 第 271 行.
NOTIC: [8] Undefined variable: name /Applications/XAMPP/xamppfiles/htdocs/news/ThinkPHP/Common/functions.php 第 273 行.
NOTIC: [8] Undefined variable: name /Applications/XAMPP/xamppfiles/htdocs/news/ThinkPHP/Common/functions.php 第 278 行.
NOTIC: [8] Undefined variable: name /Applications/XAMPP/xamppfiles/htdocs/news/ThinkPHP/Common/functions.php 第 339 行.
SQL: SHOW COLUMNS FROM `menu` [ RunTime:0.0039s ]
SQL: INSERT INTO `menu` (`name`,`type`,`m`,`c`,`f`,`status`) VALUES ('3456','1','3456','34567','34567','1') [ RunTime:0.0009s ]

[ 2017-09-02T17:32:38+08:00 ] 127.0.0.1 /admin.php/menu/add
INFO: [ app_init ] --START--
INFO: Run Behavior\BuildLiteBehavior [ RunTime:0.000018s ]
INFO: [ app_init ] --END-- [ RunTime:0.000256s ]

[ 2017-09-02T17:32:44+08:00 ] 127.0.0.1 /admin.php/menu/add
INFO: [ app_init ] --START--
INFO: Run Behavior\BuildLiteBehavior [ RunTime:0.000045s ]
INFO: [ app_init ] --END-- [ RunTime:0.000630s ]
INFO: [ app_begin ] --START--
INFO: Run Behavior\ReadHtmlCacheBehavior [ RunTime:0.000909s ]
INFO: [ app_begin ] --END-- [ RunTime:0.001091s ]
NOTIC: [2] Missing argument 1 for I(), called in /Applications/XAMPP/xamppfiles/htdocs/news/Application/Admin/Controller/MenuController.class.php on line 18 and defined /Applications/XAMPP/xamppfiles/htdocs/news/ThinkPHP/Common/functions.php 第 271 行.
NOTIC: [8] Undefined variable: name /Applications/XAMPP/xamppfiles/htdocs/news/ThinkPHP/Common/functions.php 第 273 行.
NOTIC: [8] Undefined variable: name /Applications/XAMPP/xamppfiles/htdocs/news/ThinkPHP/Common/functions.php 第 278 行.
NOTIC: [8] Undefined variable: name /Applications/XAMPP/xamppfiles/htdocs/news/ThinkPHP/Common/functions.php 第 339 行.
SQL: SHOW COLUMNS FROM `menu` [ RunTime:0.0028s ]
SQL: INSERT INTO `menu` (`name`,`type`,`m`,`c`,`f`,`status`) VALUES ('12345','1','234567','4567','234567','1') [ RunTime:0.0044s ]
INFO: [ app_end ] --START--
INFO: Run Behavior\ShowPageTraceBehavior [ RunTime:0.000447s ]
INFO: [ app_end ] --END-- [ RunTime:0.000532s ]

[ 2017-09-02T17:33:57+08:00 ] 127.0.0.1 /admin.php/menu/add
INFO: [ app_init ] --START--
INFO: Run Behavior\BuildLiteBehavior [ RunTime:0.000024s ]
INFO: [ app_init ] --END-- [ RunTime:0.000365s ]

[ 2017-09-02T17:34:02+08:00 ] 127.0.0.1 /admin.php/menu/add
INFO: [ app_init ] --START--
INFO: Run Behavior\BuildLiteBehavior [ RunTime:0.000022s ]
INFO: [ app_init ] --END-- [ RunTime:0.000348s ]
INFO: [ app_begin ] --START--
INFO: Run Behavior\ReadHtmlCacheBehavior [ RunTime:0.000494s ]
INFO: [ app_begin ] --END-- [ RunTime:0.000612s ]
SQL: SHOW COLUMNS FROM `menu` [ RunTime:0.0007s ]
SQL: INSERT INTO `menu` (`name`,`type`,`m`,`c`,`f`,`status`) VALUES ('234','1','3456','5678','5678','1') [ RunTime:0.0033s ]
INFO: [ app_end ] --START--
INFO: Run Behavior\ShowPageTraceBehavior [ RunTime:0.000616s ]
INFO: [ app_end ] --END-- [ RunTime:0.000744s ]

[ 2017-09-02T17:36:30+08:00 ] 127.0.0.1 /admin.php/menu/add
INFO: [ app_init ] --START--
INFO: Run Behavior\BuildLiteBehavior [ RunTime:0.000027s ]
INFO: [ app_init ] --END-- [ RunTime:0.000400s ]
INFO: [ app_begin ] --START--
INFO: Run Behavior\ReadHtmlCacheBehavior [ RunTime:0.000430s ]
INFO: [ app_begin ] --END-- [ RunTime:0.000536s ]
NOTIC: [2] Missing argument 1 for I(), called in /Applications/XAMPP/xamppfiles/htdocs/news/Application/Admin/Controller/MenuController.class.php on line 18 and defined /Applications/XAMPP/xamppfiles/htdocs/news/ThinkPHP/Common/functions.php 第 271 行.
NOTIC: [8] Undefined variable: name /Applications/XAMPP/xamppfiles/htdocs/news/ThinkPHP/Common/functions.php 第 273 行.
NOTIC: [8] Undefined variable: name /Applications/XAMPP/xamppfiles/htdocs/news/ThinkPHP/Common/functions.php 第 278 行.
NOTIC: [8] Undefined variable: name /Applications/XAMPP/xamppfiles/htdocs/news/ThinkPHP/Common/functions.php 第 339 行.
SQL: SHOW COLUMNS FROM `menu` [ RunTime:0.0039s ]
SQL: INSERT INTO `menu` (`name`,`type`,`m`,`c`,`f`,`status`) VALUES ('234','1','3456','5678','5678','1') [ RunTime:0.0006s ]
INFO: [ app_end ] --START--
INFO: Run Behavior\ShowPageTraceBehavior [ RunTime:0.000381s ]
INFO: [ app_end ] --END-- [ RunTime:0.000441s ]

[ 2017-09-02T17:36:33+08:00 ] 127.0.0.1 /admin.php/menu/add
INFO: [ app_init ] --START--
INFO: Run Behavior\BuildLiteBehavior [ RunTime:0.000022s ]
INFO: [ app_init ] --END-- [ RunTime:0.000293s ]

[ 2017-09-02T17:36:38+08:00 ] 127.0.0.1 /admin.php/menu/add
INFO: [ app_init ] --START--
INFO: Run Behavior\BuildLiteBehavior [ RunTime:0.000020s ]
INFO: [ app_init ] --END-- [ RunTime:0.000350s ]
INFO: [ app_begin ] --START--
INFO: Run Behavior\ReadHtmlCacheBehavior [ RunTime:0.000568s ]
INFO: [ app_begin ] --END-- [ RunTime:0.000680s ]
NOTIC: [2] Missing argument 1 for I(), called in /Applications/XAMPP/xamppfiles/htdocs/news/Application/Admin/Controller/MenuController.class.php on line 18 and defined /Applications/XAMPP/xamppfiles/htdocs/news/ThinkPHP/Common/functions.php 第 271 行.
NOTIC: [8] Undefined variable: name /Applications/XAMPP/xamppfiles/htdocs/news/ThinkPHP/Common/functions.php 第 273 行.
NOTIC: [8] Undefined variable: name /Applications/XAMPP/xamppfiles/htdocs/news/ThinkPHP/Common/functions.php 第 278 行.
NOTIC: [8] Undefined variable: name /Applications/XAMPP/xamppfiles/htdocs/news/ThinkPHP/Common/functions.php 第 339 行.
SQL: SHOW COLUMNS FROM `menu` [ RunTime:0.0027s ]
SQL: INSERT INTO `menu` (`name`,`type`,`m`,`c`,`f`,`status`) VALUES ('1','1','1','1','1','1') [ RunTime:0.0006s ]
INFO: [ app_end ] --START--
INFO: Run Behavior\ShowPageTraceBehavior [ RunTime:0.000574s ]
INFO: [ app_end ] --END-- [ RunTime:0.000670s ]

[ 2017-09-02T17:41:08+08:00 ] 127.0.0.1 /admin.php/menu/add
INFO: [ app_init ] --START--
INFO: Run Behavior\BuildLiteBehavior [ RunTime:0.000031s ]
INFO: [ app_init ] --END-- [ RunTime:0.000523s ]

[ 2017-09-02T17:41:15+08:00 ] 127.0.0.1 /admin.php/menu/add
INFO: [ app_init ] --START--
INFO: Run Behavior\BuildLiteBehavior [ RunTime:0.000022s ]
INFO: [ app_init ] --END-- [ RunTime:0.000302s ]
INFO: [ app_begin ] --START--
INFO: Run Behavior\ReadHtmlCacheBehavior [ RunTime:0.000535s ]
INFO: [ app_begin ] --END-- [ RunTime:0.000650s ]
NOTIC: [2] Missing argument 1 for I(), called in /Applications/XAMPP/xamppfiles/htdocs/news/Application/Admin/Controller/MenuController.class.php on line 18 and defined /Applications/XAMPP/xamppfiles/htdocs/news/ThinkPHP/Common/functions.php 第 271 行.
NOTIC: [8] Undefined variable: name /Applications/XAMPP/xamppfiles/htdocs/news/ThinkPHP/Common/functions.php 第 273 行.
NOTIC: [8] Undefined variable: name /Applications/XAMPP/xamppfiles/htdocs/news/ThinkPHP/Common/functions.php 第 278 行.
NOTIC: [8] Undefined variable: name /Applications/XAMPP/xamppfiles/htdocs/news/ThinkPHP/Common/functions.php 第 339 行.
SQL: SHOW COLUMNS FROM `menu` [ RunTime:0.0042s ]
SQL: INSERT INTO `menu` (`name`,`type`,`m`,`c`,`f`,`status`) VALUES ('2','1','2','2','2','1') [ RunTime:0.0037s ]

[ 2017-09-02T17:42:16+08:00 ] 127.0.0.1 /admin.php/menu/add
INFO: [ app_init ] --START--
INFO: Run Behavior\BuildLiteBehavior [ RunTime:0.000029s ]
INFO: [ app_init ] --END-- [ RunTime:0.000436s ]

[ 2017-09-02T17:42:20+08:00 ] 127.0.0.1 /admin.php/menu/add
INFO: [ app_init ] --START--
INFO: Run Behavior\BuildLiteBehavior [ RunTime:0.000030s ]
INFO: [ app_init ] --END-- [ RunTime:0.000373s ]
INFO: [ app_begin ] --START--
INFO: Run Behavior\ReadHtmlCacheBehavior [ RunTime:0.000493s ]
INFO: [ app_begin ] --END-- [ RunTime:0.000617s ]
NOTIC: [2] Missing argument 1 for I(), called in /Applications/XAMPP/xamppfiles/htdocs/news/Application/Admin/Controller/MenuController.class.php on line 18 and defined /Applications/XAMPP/xamppfiles/htdocs/news/ThinkPHP/Common/functions.php 第 271 行.
NOTIC: [8] Undefined variable: name /Applications/XAMPP/xamppfiles/htdocs/news/ThinkPHP/Common/functions.php 第 273 行.
NOTIC: [8] Undefined variable: name /Applications/XAMPP/xamppfiles/htdocs/news/ThinkPHP/Common/functions.php 第 278 行.
NOTIC: [8] Undefined variable: name /Applications/XAMPP/xamppfiles/htdocs/news/ThinkPHP/Common/functions.php 第 339 行.
SQL: SHOW COLUMNS FROM `menu` [ RunTime:0.0047s ]
SQL: INSERT INTO `menu` (`name`,`type`,`m`,`c`,`f`,`status`) VALUES ('3','1','4','5','6','1') [ RunTime:0.0015s ]
INFO: [ app_end ] --START--
INFO: Run Behavior\ShowPageTraceBehavior [ RunTime:0.000555s ]
INFO: [ app_end ] --END-- [ RunTime:0.000659s ]

[ 2017-09-02T17:43:01+08:00 ] 127.0.0.1 /admin.php/menu/add
INFO: [ app_init ] --START--
INFO: Run Behavior\BuildLiteBehavior [ RunTime:0.000030s ]
INFO: [ app_init ] --END-- [ RunTime:0.000442s ]

[ 2017-09-02T17:43:10+08:00 ] 127.0.0.1 /admin.php/menu/add
INFO: [ app_init ] --START--
INFO: Run Behavior\BuildLiteBehavior [ RunTime:0.000059s ]
INFO: [ app_init ] --END-- [ RunTime:0.000809s ]
INFO: [ app_begin ] --START--
INFO: Run Behavior\ReadHtmlCacheBehavior [ RunTime:0.000785s ]
INFO: [ app_begin ] --END-- [ RunTime:0.000957s ]
NOTIC: [2] Missing argument 1 for I(), called in /Applications/XAMPP/xamppfiles/htdocs/news/Application/Admin/Controller/MenuController.class.php on line 18 and defined /Applications/XAMPP/xamppfiles/htdocs/news/ThinkPHP/Common/functions.php 第 271 行.
NOTIC: [8] Undefined variable: name /Applications/XAMPP/xamppfiles/htdocs/news/ThinkPHP/Common/functions.php 第 273 行.
NOTIC: [8] Undefined variable: name /Applications/XAMPP/xamppfiles/htdocs/news/ThinkPHP/Common/functions.php 第 278 行.
NOTIC: [8] Undefined variable: name /Applications/XAMPP/xamppfiles/htdocs/news/ThinkPHP/Common/functions.php 第 339 行.
SQL: SHOW COLUMNS FROM `menu` [ RunTime:0.0031s ]
SQL: INSERT INTO `menu` (`name`,`type`,`m`,`c`,`f`,`status`) VALUES ('4','1','5','5','5','1') [ RunTime:0.0043s ]
INFO: [ app_end ] --START--
INFO: Run Behavior\ShowPageTraceBehavior [ RunTime:0.000628s ]
INFO: [ app_end ] --END-- [ RunTime:0.000718s ]

[ 2017-09-02T17:44:11+08:00 ] 127.0.0.1 /admin.php/menu/add
INFO: [ app_init ] --START--
INFO: Run Behavior\BuildLiteBehavior [ RunTime:0.000026s ]
INFO: [ app_init ] --END-- [ RunTime:0.000673s ]

[ 2017-09-02T19:44:05+08:00 ] 127.0.0.1 /admin.php/menu/add
INFO: [ app_init ] --START--
INFO: Run Behavior\BuildLiteBehavior [ RunTime:0.000033s ]
INFO: [ app_init ] --END-- [ RunTime:0.000776s ]

[ 2017-09-02T19:44:12+08:00 ] 127.0.0.1 /admin.php/menu/add
INFO: [ app_init ] --START--
INFO: Run Behavior\BuildLiteBehavior [ RunTime:0.000041s ]
INFO: [ app_init ] --END-- [ RunTime:0.001161s ]
INFO: [ app_begin ] --START--
INFO: Run Behavior\ReadHtmlCacheBehavior [ RunTime:0.000744s ]
INFO: [ app_begin ] --END-- [ RunTime:0.000930s ]
NOTIC: [2] Missing argument 1 for I(), called in /Applications/XAMPP/xamppfiles/htdocs/news/Application/Admin/Controller/MenuController.class.php on line 18 and defined /Applications/XAMPP/xamppfiles/htdocs/news/ThinkPHP/Common/functions.php 第 271 行.
NOTIC: [8] Undefined variable: name /Applications/XAMPP/xamppfiles/htdocs/news/ThinkPHP/Common/functions.php 第 273 行.
NOTIC: [8] Undefined variable: name /Applications/XAMPP/xamppfiles/htdocs/news/ThinkPHP/Common/functions.php 第 278 行.
NOTIC: [8] Undefined variable: name /Applications/XAMPP/xamppfiles/htdocs/news/ThinkPHP/Common/functions.php 第 339 行.
SQL: SHOW COLUMNS FROM `menu` [ RunTime:0.0025s ]
SQL: INSERT INTO `menu` (`name`,`type`,`m`,`c`,`f`,`status`) VALUES ('123','1','123','123','123','1') [ RunTime:0.0025s ]

[ 2017-09-02T19:44:37+08:00 ] 127.0.0.1 /admin.php/menu/add
INFO: [ app_init ] --START--
INFO: Run Behavior\BuildLiteBehavior [ RunTime:0.000025s ]
INFO: [ app_init ] --END-- [ RunTime:0.000445s ]

[ 2017-09-02T19:44:48+08:00 ] 127.0.0.1 /admin.php/menu/add
INFO: [ app_init ] --START--
INFO: Run Behavior\BuildLiteBehavior [ RunTime:0.000036s ]
INFO: [ app_init ] --END-- [ RunTime:0.000680s ]
INFO: [ app_begin ] --START--
INFO: Run Behavior\ReadHtmlCacheBehavior [ RunTime:0.000570s ]
INFO: [ app_begin ] --END-- [ RunTime:0.000718s ]
NOTIC: [2] Missing argument 1 for I(), called in /Applications/XAMPP/xamppfiles/htdocs/news/Application/Admin/Controller/MenuController.class.php on line 18 and defined /Applications/XAMPP/xamppfiles/htdocs/news/ThinkPHP/Common/functions.php 第 271 行.
NOTIC: [8] Undefined variable: name /Applications/XAMPP/xamppfiles/htdocs/news/ThinkPHP/Common/functions.php 第 273 行.
NOTIC: [8] Undefined variable: name /Applications/XAMPP/xamppfiles/htdocs/news/ThinkPHP/Common/functions.php 第 278 行.
NOTIC: [8] Undefined variable: name /Applications/XAMPP/xamppfiles/htdocs/news/ThinkPHP/Common/functions.php 第 339 行.
SQL: SHOW COLUMNS FROM `menu` [ RunTime:0.0008s ]
SQL: INSERT INTO `menu` (`name`,`type`,`m`,`c`,`f`,`status`) VALUES ('345','1','45','145','45','1') [ RunTime:0.0006s ]

[ 2017-09-02T19:44:49+08:00 ] 127.0.0.1 /admin.php/menu/add
INFO: [ app_init ] --START--
INFO: Run Behavior\BuildLiteBehavior [ RunTime:0.000018s ]
INFO: [ app_init ] --END-- [ RunTime:0.000263s ]

[ 2017-09-02T19:46:02+08:00 ] 127.0.0.1 /admin.php/menu/add
INFO: [ app_init ] --START--
INFO: Run Behavior\BuildLiteBehavior [ RunTime:0.000030s ]
INFO: [ app_init ] --END-- [ RunTime:0.000422s ]

[ 2017-09-02T19:46:10+08:00 ] 127.0.0.1 /admin.php/menu/add
INFO: [ app_init ] --START--
INFO: Run Behavior\BuildLiteBehavior [ RunTime:0.000022s ]
INFO: [ app_init ] --END-- [ RunTime:0.000313s ]
INFO: [ app_begin ] --START--
INFO: Run Behavior\ReadHtmlCacheBehavior [ RunTime:0.000476s ]
INFO: [ app_begin ] --END-- [ RunTime:0.000584s ]
NOTIC: [2] Missing argument 1 for I(), called in /Applications/XAMPP/xamppfiles/htdocs/news/Application/Admin/Controller/MenuController.class.php on line 18 and defined /Applications/XAMPP/xamppfiles/htdocs/news/ThinkPHP/Common/functions.php 第 271 行.
NOTIC: [8] Undefined variable: name /Applications/XAMPP/xamppfiles/htdocs/news/ThinkPHP/Common/functions.php 第 273 行.
NOTIC: [8] Undefined variable: name /Applications/XAMPP/xamppfiles/htdocs/news/ThinkPHP/Common/functions.php 第 278 行.
NOTIC: [8] Undefined variable: name /Applications/XAMPP/xamppfiles/htdocs/news/ThinkPHP/Common/functions.php 第 339 行.
SQL: SHOW COLUMNS FROM `menu` [ RunTime:0.0015s ]
SQL: INSERT INTO `menu` (`name`,`type`,`m`,`c`,`f`,`status`) VALUES ('76','1','6','9','9','1') [ RunTime:0.0030s ]

[ 2017-09-02T20:00:29+08:00 ] 127.0.0.1 /admin.php/menu/add
INFO: [ app_init ] --START--
INFO: Run Behavior\BuildLiteBehavior [ RunTime:0.000020s ]
INFO: [ app_init ] --END-- [ RunTime:0.000475s ]

[ 2017-09-02T20:00:37+08:00 ] 127.0.0.1 /admin.php/menu/add
INFO: [ app_init ] --START--
INFO: Run Behavior\BuildLiteBehavior [ RunTime:0.000031s ]
INFO: [ app_init ] --END-- [ RunTime:0.000663s ]
INFO: [ app_begin ] --START--
INFO: Run Behavior\ReadHtmlCacheBehavior [ RunTime:0.000699s ]
INFO: [ app_begin ] --END-- [ RunTime:0.000857s ]
NOTIC: [2] Missing argument 1 for I(), called in /Applications/XAMPP/xamppfiles/htdocs/news/Application/Admin/Controller/MenuController.class.php on line 18 and defined /Applications/XAMPP/xamppfiles/htdocs/news/ThinkPHP/Common/functions.php 第 271 行.
NOTIC: [8] Undefined variable: name /Applications/XAMPP/xamppfiles/htdocs/news/ThinkPHP/Common/functions.php 第 273 行.
NOTIC: [8] Undefined variable: name /Applications/XAMPP/xamppfiles/htdocs/news/ThinkPHP/Common/functions.php 第 278 行.
NOTIC: [8] Undefined variable: name /Applications/XAMPP/xamppfiles/htdocs/news/ThinkPHP/Common/functions.php 第 339 行.
SQL: SHOW COLUMNS FROM `menu` [ RunTime:0.0013s ]
SQL: INSERT INTO `menu` (`name`,`type`,`m`,`c`,`f`,`status`) VALUES ('8','1','8','88','8','1') [ RunTime:0.0028s ]

[ 2017-09-02T20:00:39+08:00 ] 127.0.0.1 /admin.php/menu/add
INFO: [ app_init ] --START--
INFO: Run Behavior\BuildLiteBehavior [ RunTime:0.000022s ]
INFO: [ app_init ] --END-- [ RunTime:0.000299s ]

[ 2017-09-02T20:01:06+08:00 ] 127.0.0.1 /admin.php/menu/add
INFO: [ app_init ] --START--
INFO: Run Behavior\BuildLiteBehavior [ RunTime:0.000044s ]
INFO: [ app_init ] --END-- [ RunTime:0.000650s ]

[ 2017-09-02T20:01:12+08:00 ] 127.0.0.1 /admin.php/menu/add
INFO: [ app_init ] --START--
INFO: Run Behavior\BuildLiteBehavior [ RunTime:0.000022s ]
INFO: [ app_init ] --END-- [ RunTime:0.000299s ]
INFO: [ app_begin ] --START--
INFO: Run Behavior\ReadHtmlCacheBehavior [ RunTime:0.000311s ]
INFO: [ app_begin ] --END-- [ RunTime:0.000397s ]
NOTIC: [2] Missing argument 1 for I(), called in /Applications/XAMPP/xamppfiles/htdocs/news/Application/Admin/Controller/MenuController.class.php on line 18 and defined /Applications/XAMPP/xamppfiles/htdocs/news/ThinkPHP/Common/functions.php 第 271 行.
NOTIC: [8] Undefined variable: name /Applications/XAMPP/xamppfiles/htdocs/news/ThinkPHP/Common/functions.php 第 273 行.
NOTIC: [8] Undefined variable: name /Applications/XAMPP/xamppfiles/htdocs/news/ThinkPHP/Common/functions.php 第 278 行.
NOTIC: [8] Undefined variable: name /Applications/XAMPP/xamppfiles/htdocs/news/ThinkPHP/Common/functions.php 第 339 行.
SQL: SHOW COLUMNS FROM `menu` [ RunTime:0.0006s ]
SQL: INSERT INTO `menu` (`name`,`type`,`m`,`c`,`f`,`status`) VALUES ('7','1','7','7','7','1') [ RunTime:0.0018s ]

[ 2017-09-02T20:01:14+08:00 ] 127.0.0.1 /admin.php/menu/index
INFO: [ app_init ] --START--
INFO: Run Behavior\BuildLiteBehavior [ RunTime:0.000020s ]
INFO: [ app_init ] --END-- [ RunTime:0.000355s ]

[ 2017-09-02T20:01:40+08:00 ] 127.0.0.1 /admin.php/menu/menu/add
INFO: [ app_init ] --START--
INFO: Run Behavior\BuildLiteBehavior [ RunTime:0.000025s ]
INFO: [ app_init ] --END-- [ RunTime:0.000486s ]
ERR: 非法操作:menu

[ 2017-09-02T20:01:59+08:00 ] 127.0.0.1 /admin.php/menu/index
INFO: [ app_init ] --START--
INFO: Run Behavior\BuildLiteBehavior [ RunTime:0.000025s ]
INFO: [ app_init ] --END-- [ RunTime:0.000414s ]

[ 2017-09-02T20:02:02+08:00 ] 127.0.0.1 /admin.php/menu/index
INFO: [ app_init ] --START--
INFO: Run Behavior\BuildLiteBehavior [ RunTime:0.000028s ]
INFO: [ app_init ] --END-- [ RunTime:0.000414s ]

[ 2017-09-02T20:02:04+08:00 ] 127.0.0.1 /admin.php/menu/add
INFO: [ app_init ] --START--
INFO: Run Behavior\BuildLiteBehavior [ RunTime:0.000020s ]
INFO: [ app_init ] --END-- [ RunTime:0.000353s ]

[ 2017-09-02T20:02:16+08:00 ] 127.0.0.1 /admin.php/menu/add
INFO: [ app_init ] --START--
INFO: Run Behavior\BuildLiteBehavior [ RunTime:0.000044s ]
INFO: [ app_init ] --END-- [ RunTime:0.000634s ]
INFO: [ app_begin ] --START--
INFO: Run Behavior\ReadHtmlCacheBehavior [ RunTime:0.000612s ]
INFO: [ app_begin ] --END-- [ RunTime:0.000757s ]
NOTIC: [2] Missing argument 1 for I(), called in /Applications/XAMPP/xamppfiles/htdocs/news/Application/Admin/Controller/MenuController.class.php on line 18 and defined /Applications/XAMPP/xamppfiles/htdocs/news/ThinkPHP/Common/functions.php 第 271 行.
NOTIC: [8] Undefined variable: name /Applications/XAMPP/xamppfiles/htdocs/news/ThinkPHP/Common/functions.php 第 273 行.
NOTIC: [8] Undefined variable: name /Applications/XAMPP/xamppfiles/htdocs/news/ThinkPHP/Common/functions.php 第 278 行.
NOTIC: [8] Undefined variable: name /Applications/XAMPP/xamppfiles/htdocs/news/ThinkPHP/Common/functions.php 第 339 行.
SQL: SHOW COLUMNS FROM `menu` [ RunTime:0.0010s ]
SQL: INSERT INTO `menu` (`name`,`type`,`m`,`c`,`f`,`status`) VALUES ('5','1','5','5','5','1') [ RunTime:0.0017s ]

[ 2017-09-02T20:02:18+08:00 ] 127.0.0.1 /admin.php/menu/index
INFO: [ app_init ] --START--
INFO: Run Behavior\BuildLiteBehavior [ RunTime:0.000030s ]
INFO: [ app_init ] --END-- [ RunTime:0.000418s ]

[ 2017-09-02T20:37:22+08:00 ] 127.0.0.1 /admin.php/menu/index
INFO: [ app_init ] --START--
INFO: Run Behavior\BuildLiteBehavior [ RunTime:0.000036s ]
INFO: [ app_init ] --END-- [ RunTime:0.000745s ]

[ 2017-09-02T20:37:38+08:00 ] 127.0.0.1 /admin.php/menu/index
INFO: [ app_init ] --START--
INFO: Run Behavior\BuildLiteBehavior [ RunTime:0.000018s ]
INFO: [ app_init ] --END-- [ RunTime:0.000337s ]

[ 2017-09-02T20:37:43+08:00 ] 127.0.0.1 /admin.php/menu/index
INFO: [ app_init ] --START--
INFO: Run Behavior\BuildLiteBehavior [ RunTime:0.000020s ]
INFO: [ app_init ] --END-- [ RunTime:0.000286s ]

[ 2017-09-02T20:38:10+08:00 ] 127.0.0.1 /admin.php/menu/index
INFO: [ app_init ] --START--
INFO: Run Behavior\BuildLiteBehavior [ RunTime:0.000022s ]
INFO: [ app_init ] --END-- [ RunTime:0.000296s ]

[ 2017-09-02T20:38:50+08:00 ] 127.0.0.1 /admin.php/menu/index
INFO: [ app_init ] --START--
INFO: Run Behavior\BuildLiteBehavior [ RunTime:0.000033s ]
INFO: [ app_init ] --END-- [ RunTime:0.000466s ]

[ 2017-09-02T20:39:48+08:00 ] 127.0.0.1 /admin.php/menu/index
INFO: [ app_init ] --START--
INFO: Run Behavior\BuildLiteBehavior [ RunTime:0.000028s ]
INFO: [ app_init ] --END-- [ RunTime:0.000534s ]

[ 2017-09-02T20:40:35+08:00 ] 127.0.0.1 /admin.php/menu/index
INFO: [ app_init ] --START--
INFO: Run Behavior\BuildLiteBehavior [ RunTime:0.000021s ]
INFO: [ app_init ] --END-- [ RunTime:0.000311s ]

[ 2017-09-02T20:44:14+08:00 ] 127.0.0.1 /admin.php/menu/index
INFO: [ app_init ] --START--
INFO: Run Behavior\BuildLiteBehavior [ RunTime:0.000024s ]
INFO: [ app_init ] --END-- [ RunTime:0.000331s ]

[ 2017-09-02T20:46:03+08:00 ] 127.0.0.1 /admin.php/menu/index
INFO: [ app_init ] --START--
INFO: Run Behavior\BuildLiteBehavior [ RunTime:0.000029s ]
INFO: [ app_init ] --END-- [ RunTime:0.000414s ]

[ 2017-09-02T20:46:21+08:00 ] 127.0.0.1 /admin.php/menu/index
INFO: [ app_init ] --START--
INFO: Run Behavior\BuildLiteBehavior [ RunTime:0.000024s ]
INFO: [ app_init ] --END-- [ RunTime:0.000364s ]

[ 2017-09-02T20:48:33+08:00 ] 127.0.0.1 /admin.php/menu/index
INFO: [ app_init ] --START--
INFO: Run Behavior\BuildLiteBehavior [ RunTime:0.000029s ]
INFO: [ app_init ] --END-- [ RunTime:0.000695s ]

[ 2017-09-02T20:49:09+08:00 ] 127.0.0.1 /admin.php/menu/index
INFO: [ app_init ] --START--
INFO: Run Behavior\BuildLiteBehavior [ RunTime:0.000026s ]
INFO: [ app_init ] --END-- [ RunTime:0.000652s ]

[ 2017-09-02T20:50:21+08:00 ] 127.0.0.1 /admin.php/menu/index?p=1
INFO: [ app_init ] --START--
INFO: Run Behavior\BuildLiteBehavior [ RunTime:0.000017s ]
INFO: [ app_init ] --END-- [ RunTime:0.000367s ]

[ 2017-09-02T20:51:52+08:00 ] 127.0.0.1 /admin.php/menu/index?p=1
INFO: [ app_init ] --START--
INFO: Run Behavior\BuildLiteBehavior [ RunTime:0.000035s ]
INFO: [ app_init ] --END-- [ RunTime:0.001030s ]

[ 2017-09-02T20:53:23+08:00 ] 127.0.0.1 /admin.php/menu/index?p=1
INFO: [ app_init ] --START--
INFO: Run Behavior\BuildLiteBehavior [ RunTime:0.000032s ]
INFO: [ app_init ] --END-- [ RunTime:0.000739s ]

[ 2017-09-02T20:54:30+08:00 ] 127.0.0.1 /admin.php/menu/index?p=1
INFO: [ app_init ] --START--
INFO: Run Behavior\BuildLiteBehavior [ RunTime:0.000021s ]
INFO: [ app_init ] --END-- [ RunTime:0.000315s ]

[ 2017-09-02T20:56:18+08:00 ] 127.0.0.1 /admin.php/menu/index?p=1
INFO: [ app_init ] --START--
INFO: Run Behavior\BuildLiteBehavior [ RunTime:0.000039s ]
INFO: [ app_init ] --END-- [ RunTime:0.000794s ]

[ 2017-09-02T21:11:17+08:00 ] 127.0.0.1 /admin.php/menu/index?p=1
INFO: [ app_init ] --START--
INFO: Run Behavior\BuildLiteBehavior [ RunTime:0.000032s ]
INFO: [ app_init ] --END-- [ RunTime:0.000829s ]

[ 2017-09-02T21:11:39+08:00 ] 127.0.0.1 /admin.php/menu/index?p=1
INFO: [ app_init ] --START--
INFO: Run Behavior\BuildLiteBehavior [ RunTime:0.000030s ]
INFO: [ app_init ] --END-- [ RunTime:0.000624s ]

[ 2017-09-02T21:13:21+08:00 ] 127.0.0.1 /admin.php/menu/index?p=1
INFO: [ app_init ] --START--
INFO: Run Behavior\BuildLiteBehavior [ RunTime:0.000022s ]
INFO: [ app_init ] --END-- [ RunTime:0.000543s ]

[ 2017-09-02T21:13:53+08:00 ] 127.0.0.1 /admin.php/menu/index?p=1
INFO: [ app_init ] --START--
INFO: Run Behavior\BuildLiteBehavior [ RunTime:0.000030s ]
INFO: [ app_init ] --END-- [ RunTime:0.000417s ]

[ 2017-09-02T21:13:57+08:00 ] 127.0.0.1 /admin.php/menu/index?p=1
INFO: [ app_init ] --START--
INFO: Run Behavior\BuildLiteBehavior [ RunTime:0.000030s ]
INFO: [ app_init ] --END-- [ RunTime:0.000488s ]

[ 2017-09-02T21:14:27+08:00 ] 127.0.0.1 /admin.php/menu/index?p=1
INFO: [ app_init ] --START--
INFO: Run Behavior\BuildLiteBehavior [ RunTime:0.000020s ]
INFO: [ app_init ] --END-- [ RunTime:0.000283s ]

