[ 2017-09-11T10:34:38+08:00 ] 127.0.0.1 /admin.php/login
INFO: [ app_init ] --START--
INFO: Run Behavior\BuildLiteBehavior [ RunTime:0.000032s ]
INFO: [ app_init ] --END-- [ RunTime:0.001934s ]

[ 2017-09-11T10:34:38+08:00 ] 127.0.0.1 /admin.php/index.html
INFO: [ app_init ] --START--
INFO: Run Behavior\BuildLiteBehavior [ RunTime:0.000034s ]
INFO: [ app_init ] --END-- [ RunTime:0.000281s ]

[ 2017-09-11T10:34:42+08:00 ] 127.0.0.1 /admin.php/menu
INFO: [ app_init ] --START--
INFO: Run Behavior\BuildLiteBehavior [ RunTime:0.000021s ]
INFO: [ app_init ] --END-- [ RunTime:0.000374s ]

[ 2017-09-11T10:34:47+08:00 ] 127.0.0.1 /admin.php/Menu/index/p/5.html
INFO: [ app_init ] --START--
INFO: Run Behavior\BuildLiteBehavior [ RunTime:0.000022s ]
INFO: [ app_init ] --END-- [ RunTime:0.000303s ]

[ 2017-09-11T10:34:48+08:00 ] 127.0.0.1 /admin.php/Menu/index/p/6.html
INFO: [ app_init ] --START--
INFO: Run Behavior\BuildLiteBehavior [ RunTime:0.000020s ]
INFO: [ app_init ] --END-- [ RunTime:0.000307s ]

[ 2017-09-11T10:47:27+08:00 ] 127.0.0.1 /admin.php/Menu/index/p/1.html
INFO: [ app_init ] --START--
INFO: Run Behavior\BuildLiteBehavior [ RunTime:0.000061s ]
INFO: [ app_init ] --END-- [ RunTime:0.001130s ]

[ 2017-09-11T10:47:29+08:00 ] 127.0.0.1 /admin.php/menu/edit/id/16
INFO: [ app_init ] --START--
INFO: Run Behavior\BuildLiteBehavior [ RunTime:0.000049s ]
INFO: [ app_init ] --END-- [ RunTime:0.000810s ]

[ 2017-09-11T10:47:32+08:00 ] 127.0.0.1 /admin.php/menu/add
INFO: [ app_init ] --START--
INFO: Run Behavior\BuildLiteBehavior [ RunTime:0.000018s ]
INFO: [ app_init ] --END-- [ RunTime:0.000271s ]
INFO: [ app_begin ] --START--
INFO: Run Behavior\ReadHtmlCacheBehavior [ RunTime:0.000290s ]
INFO: [ app_begin ] --END-- [ RunTime:0.000354s ]
NOTIC: [8] Undefined index: menu_id /Applications/XAMPP/xamppfiles/htdocs/news/Application/Admin/Controller/MenuController.class.php 第 36 行.
NOTIC: [2] Missing argument 1 for I(), called in /Applications/XAMPP/xamppfiles/htdocs/news/Application/Admin/Controller/MenuController.class.php on line 40 and defined /Applications/XAMPP/xamppfiles/htdocs/news/ThinkPHP/Common/functions.php 第 271 行.
NOTIC: [8] Undefined variable: name /Applications/XAMPP/xamppfiles/htdocs/news/ThinkPHP/Common/functions.php 第 273 行.
NOTIC: [8] Undefined variable: name /Applications/XAMPP/xamppfiles/htdocs/news/ThinkPHP/Common/functions.php 第 278 行.
NOTIC: [8] Undefined variable: name /Applications/XAMPP/xamppfiles/htdocs/news/ThinkPHP/Common/functions.php 第 339 行.
SQL: SHOW COLUMNS FROM `menu` [ RunTime:0.0005s ]
SQL: INSERT INTO `menu` (`name`,`type`,`m`,`c`,`f`,`status`) VALUES ('广告管理','0','admin','guanggao','index','1') [ RunTime:0.0027s ]

[ 2017-09-11T10:47:34+08:00 ] 127.0.0.1 /admin.php/menu/index
INFO: [ app_init ] --START--
INFO: Run Behavior\BuildLiteBehavior [ RunTime:0.000028s ]
INFO: [ app_init ] --END-- [ RunTime:0.000441s ]

[ 2017-09-11T10:47:39+08:00 ] 127.0.0.1 /admin.php/Menu/index/p/6.html
INFO: [ app_init ] --START--
INFO: Run Behavior\BuildLiteBehavior [ RunTime:0.000035s ]
INFO: [ app_init ] --END-- [ RunTime:0.000670s ]

[ 2017-09-11T10:47:42+08:00 ] 127.0.0.1 /admin.php/menu/edit/id/42
INFO: [ app_init ] --START--
INFO: Run Behavior\BuildLiteBehavior [ RunTime:0.000018s ]
INFO: [ app_init ] --END-- [ RunTime:0.000263s ]

[ 2017-09-11T10:52:06+08:00 ] 127.0.0.1 /admin.php/Menu/index/p/1.html
INFO: [ app_init ] --START--
INFO: Run Behavior\BuildLiteBehavior [ RunTime:0.000039s ]
INFO: [ app_init ] --END-- [ RunTime:0.001033s ]

[ 2017-09-11T10:52:08+08:00 ] 127.0.0.1 /admin.php/menu/edit/id/15
INFO: [ app_init ] --START--
INFO: Run Behavior\BuildLiteBehavior [ RunTime:0.000021s ]
INFO: [ app_init ] --END-- [ RunTime:0.000319s ]

[ 2017-09-11T10:52:12+08:00 ] 127.0.0.1 /admin.php/menu/add
INFO: [ app_init ] --START--
INFO: Run Behavior\BuildLiteBehavior [ RunTime:0.000019s ]
INFO: [ app_init ] --END-- [ RunTime:0.000276s ]
INFO: [ app_begin ] --START--
INFO: Run Behavior\ReadHtmlCacheBehavior [ RunTime:0.000283s ]
INFO: [ app_begin ] --END-- [ RunTime:0.000347s ]
NOTIC: [8] Undefined index: menu_id /Applications/XAMPP/xamppfiles/htdocs/news/Application/Admin/Controller/MenuController.class.php 第 36 行.
NOTIC: [2] Missing argument 1 for I(), called in /Applications/XAMPP/xamppfiles/htdocs/news/Application/Admin/Controller/MenuController.class.php on line 40 and defined /Applications/XAMPP/xamppfiles/htdocs/news/ThinkPHP/Common/functions.php 第 271 行.
NOTIC: [8] Undefined variable: name /Applications/XAMPP/xamppfiles/htdocs/news/ThinkPHP/Common/functions.php 第 273 行.
NOTIC: [8] Undefined variable: name /Applications/XAMPP/xamppfiles/htdocs/news/ThinkPHP/Common/functions.php 第 278 行.
NOTIC: [8] Undefined variable: name /Applications/XAMPP/xamppfiles/htdocs/news/ThinkPHP/Common/functions.php 第 339 行.
SQL: SHOW COLUMNS FROM `menu` [ RunTime:0.0006s ]
SQL: INSERT INTO `menu` (`name`,`type`,`m`,`c`,`f`,`status`) VALUES ('文章管理','0','admin','blog','index','1') [ RunTime:0.0041s ]

[ 2017-09-11T10:52:13+08:00 ] 127.0.0.1 /admin.php/menu/index
INFO: [ app_init ] --START--
INFO: Run Behavior\BuildLiteBehavior [ RunTime:0.000027s ]
INFO: [ app_init ] --END-- [ RunTime:0.000449s ]

[ 2017-09-11T10:52:18+08:00 ] 127.0.0.1 /admin.php/Menu/index/p/7.html
INFO: [ app_init ] --START--
INFO: Run Behavior\BuildLiteBehavior [ RunTime:0.000020s ]
INFO: [ app_init ] --END-- [ RunTime:0.000289s ]

[ 2017-09-11T10:52:20+08:00 ] 127.0.0.1 /admin.php/menu/edit/id/43
INFO: [ app_init ] --START--
INFO: Run Behavior\BuildLiteBehavior [ RunTime:0.000020s ]
INFO: [ app_init ] --END-- [ RunTime:0.000351s ]

[ 2017-09-11T10:54:03+08:00 ] 127.0.0.1 /admin.php/menu/edit/id/43
INFO: [ app_init ] --START--
INFO: Run Behavior\BuildLiteBehavior [ RunTime:0.000025s ]
INFO: [ app_init ] --END-- [ RunTime:0.000597s ]

[ 2017-09-11T10:54:16+08:00 ] 127.0.0.1 /admin.php/menu/add
INFO: [ app_init ] --START--
INFO: Run Behavior\BuildLiteBehavior [ RunTime:0.000025s ]
INFO: [ app_init ] --END-- [ RunTime:0.000443s ]
INFO: [ app_begin ] --START--
INFO: Run Behavior\ReadHtmlCacheBehavior [ RunTime:0.000430s ]
INFO: [ app_begin ] --END-- [ RunTime:0.000591s ]
NOTIC: [8] Undefined index: menu_id /Applications/XAMPP/xamppfiles/htdocs/news/Application/Admin/Controller/MenuController.class.php 第 36 行.
NOTIC: [2] Missing argument 1 for I(), called in /Applications/XAMPP/xamppfiles/htdocs/news/Application/Admin/Controller/MenuController.class.php on line 40 and defined /Applications/XAMPP/xamppfiles/htdocs/news/ThinkPHP/Common/functions.php 第 271 行.
NOTIC: [8] Undefined variable: name /Applications/XAMPP/xamppfiles/htdocs/news/ThinkPHP/Common/functions.php 第 273 行.
NOTIC: [8] Undefined variable: name /Applications/XAMPP/xamppfiles/htdocs/news/ThinkPHP/Common/functions.php 第 278 行.
NOTIC: [8] Undefined variable: name /Applications/XAMPP/xamppfiles/htdocs/news/ThinkPHP/Common/functions.php 第 339 行.
SQL: SHOW COLUMNS FROM `menu` [ RunTime:0.0005s ]
SQL: INSERT INTO `menu` (`name`,`type`,`m`,`c`,`f`,`status`) VALUES ('文章管理','1','admin','blog','index','0') [ RunTime:0.0005s ]

[ 2017-09-11T10:54:19+08:00 ] 127.0.0.1 /admin.php/menu/index
INFO: [ app_init ] --START--
INFO: Run Behavior\BuildLiteBehavior [ RunTime:0.000020s ]
INFO: [ app_init ] --END-- [ RunTime:0.000398s ]

[ 2017-09-11T10:54:45+08:00 ] 127.0.0.1 /admin.php/Menu/index/p/7.html
INFO: [ app_init ] --START--
INFO: Run Behavior\BuildLiteBehavior [ RunTime:0.000028s ]
INFO: [ app_init ] --END-- [ RunTime:0.000540s ]

[ 2017-09-11T10:56:22+08:00 ] 127.0.0.1 /admin.php/menu
INFO: [ app_init ] --START--
INFO: Run Behavior\BuildLiteBehavior [ RunTime:0.000024s ]
INFO: [ app_init ] --END-- [ RunTime:0.000386s ]

[ 2017-09-11T10:56:27+08:00 ] 127.0.0.1 /admin.php/menu/edit/id/15
INFO: [ app_init ] --START--
INFO: Run Behavior\BuildLiteBehavior [ RunTime:0.000018s ]
INFO: [ app_init ] --END-- [ RunTime:0.000288s ]

[ 2017-09-11T10:56:29+08:00 ] 127.0.0.1 /admin.php/menu/add
INFO: [ app_init ] --START--
INFO: Run Behavior\BuildLiteBehavior [ RunTime:0.000019s ]
INFO: [ app_init ] --END-- [ RunTime:0.000321s ]
INFO: [ app_begin ] --START--
INFO: Run Behavior\ReadHtmlCacheBehavior [ RunTime:0.000326s ]
INFO: [ app_begin ] --END-- [ RunTime:0.000442s ]
NOTIC: [2] Missing argument 1 for I(), called in /Applications/XAMPP/xamppfiles/htdocs/news/Application/Admin/Controller/MenuController.class.php on line 36 and defined /Applications/XAMPP/xamppfiles/htdocs/news/ThinkPHP/Common/functions.php 第 271 行.
NOTIC: [8] Undefined variable: name /Applications/XAMPP/xamppfiles/htdocs/news/ThinkPHP/Common/functions.php 第 273 行.
NOTIC: [8] Undefined variable: name /Applications/XAMPP/xamppfiles/htdocs/news/ThinkPHP/Common/functions.php 第 278 行.
NOTIC: [8] Undefined variable: name /Applications/XAMPP/xamppfiles/htdocs/news/ThinkPHP/Common/functions.php 第 339 行.
NOTIC: [8] Undefined index: menu_id /Applications/XAMPP/xamppfiles/htdocs/news/Application/Admin/Controller/MenuController.class.php 第 56 行.
SQL: SHOW COLUMNS FROM `menu` [ RunTime:0.0011s ]
SQL: INSERT INTO `menu` (`name`,`type`,`m`,`c`,`f`,`status`) VALUES ('文章管理','0','admin','blog','index','1') [ RunTime:0.0007s ]

[ 2017-09-11T10:56:31+08:00 ] 127.0.0.1 /admin.php/menu/index
INFO: [ app_init ] --START--
INFO: Run Behavior\BuildLiteBehavior [ RunTime:0.000026s ]
INFO: [ app_init ] --END-- [ RunTime:0.000384s ]

[ 2017-09-11T10:56:33+08:00 ] 127.0.0.1 /admin.php/menu/edit/id/15
INFO: [ app_init ] --START--
INFO: Run Behavior\BuildLiteBehavior [ RunTime:0.000046s ]
INFO: [ app_init ] --END-- [ RunTime:0.000429s ]

[ 2017-09-11T10:56:37+08:00 ] 127.0.0.1 /admin.php/Menu/index/p/7.html
INFO: [ app_init ] --START--
INFO: Run Behavior\BuildLiteBehavior [ RunTime:0.000066s ]
INFO: [ app_init ] --END-- [ RunTime:0.000430s ]

[ 2017-09-11T10:56:48+08:00 ] 127.0.0.1 /admin.php/Menu/index/p/6.html
INFO: [ app_init ] --START--
INFO: Run Behavior\BuildLiteBehavior [ RunTime:0.000037s ]
INFO: [ app_init ] --END-- [ RunTime:0.000810s ]

[ 2017-09-11T10:56:50+08:00 ] 127.0.0.1 /admin.php/Menu/index/p/5.html
INFO: [ app_init ] --START--
INFO: Run Behavior\BuildLiteBehavior [ RunTime:0.000022s ]
INFO: [ app_init ] --END-- [ RunTime:0.000260s ]

[ 2017-09-11T10:56:52+08:00 ] 127.0.0.1 /admin.php/Menu/index/p/3.html
INFO: [ app_init ] --START--
INFO: Run Behavior\BuildLiteBehavior [ RunTime:0.000020s ]
INFO: [ app_init ] --END-- [ RunTime:0.000301s ]

[ 2017-09-11T10:56:53+08:00 ] 127.0.0.1 /admin.php/Menu/index/p/7.html
INFO: [ app_init ] --START--
INFO: Run Behavior\BuildLiteBehavior [ RunTime:0.000022s ]
INFO: [ app_init ] --END-- [ RunTime:0.000338s ]

[ 2017-09-11T11:04:25+08:00 ] 127.0.0.1 /admin.php/menu
INFO: [ app_init ] --START--
INFO: Run Behavior\BuildLiteBehavior [ RunTime:0.000083s ]
INFO: [ app_init ] --END-- [ RunTime:0.000700s ]

[ 2017-09-11T11:04:27+08:00 ] 127.0.0.1 /admin.php/Menu/index/p/7.html
INFO: [ app_init ] --START--
INFO: Run Behavior\BuildLiteBehavior [ RunTime:0.000020s ]
INFO: [ app_init ] --END-- [ RunTime:0.000287s ]

[ 2017-09-11T11:04:30+08:00 ] 127.0.0.1 /admin.php/Menu/index/p/6.html
INFO: [ app_init ] --START--
INFO: Run Behavior\BuildLiteBehavior [ RunTime:0.000019s ]
INFO: [ app_init ] --END-- [ RunTime:0.000293s ]

[ 2017-09-11T11:04:32+08:00 ] 127.0.0.1 /admin.php/Menu/index/p/5.html
INFO: [ app_init ] --START--
INFO: Run Behavior\BuildLiteBehavior [ RunTime:0.000020s ]
INFO: [ app_init ] --END-- [ RunTime:0.000292s ]

[ 2017-09-11T11:04:34+08:00 ] 127.0.0.1 /admin.php/Menu/index/p/4.html
INFO: [ app_init ] --START--
INFO: Run Behavior\BuildLiteBehavior [ RunTime:0.000026s ]
INFO: [ app_init ] --END-- [ RunTime:0.000371s ]

[ 2017-09-11T11:04:36+08:00 ] 127.0.0.1 /admin.php/Menu/index/p/3.html
INFO: [ app_init ] --START--
INFO: Run Behavior\BuildLiteBehavior [ RunTime:0.000025s ]
INFO: [ app_init ] --END-- [ RunTime:0.000396s ]

[ 2017-09-11T11:04:38+08:00 ] 127.0.0.1 /admin.php/Menu/index/p/2.html
INFO: [ app_init ] --START--
INFO: Run Behavior\BuildLiteBehavior [ RunTime:0.000025s ]
INFO: [ app_init ] --END-- [ RunTime:0.000353s ]

[ 2017-09-11T11:04:39+08:00 ] 127.0.0.1 /admin.php/Menu/index/p/1.html
INFO: [ app_init ] --START--
INFO: Run Behavior\BuildLiteBehavior [ RunTime:0.000017s ]
INFO: [ app_init ] --END-- [ RunTime:0.000257s ]

[ 2017-09-11T11:04:58+08:00 ] 127.0.0.1 /admin.php/menu?type=0&c=menu&a=index
INFO: [ app_init ] --START--
INFO: Run Behavior\BuildLiteBehavior [ RunTime:0.000026s ]
INFO: [ app_init ] --END-- [ RunTime:0.000546s ]

[ 2017-09-11T11:05:03+08:00 ] 127.0.0.1 /admin.php/menu?type=1&c=menu&a=index
INFO: [ app_init ] --START--
INFO: Run Behavior\BuildLiteBehavior [ RunTime:0.000020s ]
INFO: [ app_init ] --END-- [ RunTime:0.000280s ]

[ 2017-09-11T11:05:22+08:00 ] 127.0.0.1 /admin.php/menu?type=1&c=menu&a=index
INFO: [ app_init ] --START--
INFO: Run Behavior\BuildLiteBehavior [ RunTime:0.000023s ]
INFO: [ app_init ] --END-- [ RunTime:0.000391s ]

[ 2017-09-11T11:05:26+08:00 ] 127.0.0.1 /admin.php/menu?type=0&c=menu&a=index
INFO: [ app_init ] --START--
INFO: Run Behavior\BuildLiteBehavior [ RunTime:0.000019s ]
INFO: [ app_init ] --END-- [ RunTime:0.000288s ]

[ 2017-09-11T11:05:31+08:00 ] 127.0.0.1 /admin.php/menu?type=1&c=menu&a=index
INFO: [ app_init ] --START--
INFO: Run Behavior\BuildLiteBehavior [ RunTime:0.000018s ]
INFO: [ app_init ] --END-- [ RunTime:0.000273s ]

[ 2017-09-11T11:05:36+08:00 ] 127.0.0.1 /admin.php/menu?type=0&c=menu&a=index
INFO: [ app_init ] --START--
INFO: Run Behavior\BuildLiteBehavior [ RunTime:0.000028s ]
INFO: [ app_init ] --END-- [ RunTime:0.000501s ]

[ 2017-09-11T11:05:43+08:00 ] 127.0.0.1 /admin.php/menu?type=&c=menu&a=index
INFO: [ app_init ] --START--
INFO: Run Behavior\BuildLiteBehavior [ RunTime:0.000020s ]
INFO: [ app_init ] --END-- [ RunTime:0.000290s ]

[ 2017-09-11T11:05:58+08:00 ] 127.0.0.1 /admin.php/menu?type=&c=menu&a=index
INFO: [ app_init ] --START--
INFO: Run Behavior\BuildLiteBehavior [ RunTime:0.000020s ]
INFO: [ app_init ] --END-- [ RunTime:0.000315s ]

[ 2017-09-11T11:06:14+08:00 ] 127.0.0.1 /admin.php/menu?type=&c=menu&a=index
INFO: [ app_init ] --START--
INFO: Run Behavior\BuildLiteBehavior [ RunTime:0.000019s ]
INFO: [ app_init ] --END-- [ RunTime:0.000278s ]

[ 2017-09-11T11:06:21+08:00 ] 127.0.0.1 /admin.php/Menu/index/p/7.html
INFO: [ app_init ] --START--
INFO: Run Behavior\BuildLiteBehavior [ RunTime:0.000067s ]
INFO: [ app_init ] --END-- [ RunTime:0.000773s ]

[ 2017-09-11T11:06:23+08:00 ] 127.0.0.1 /admin.php/menu/edit/id/45
INFO: [ app_init ] --START--
INFO: Run Behavior\BuildLiteBehavior [ RunTime:0.000021s ]
INFO: [ app_init ] --END-- [ RunTime:0.000370s ]

[ 2017-09-11T11:06:26+08:00 ] 127.0.0.1 /admin.php/menu/add
INFO: [ app_init ] --START--
INFO: Run Behavior\BuildLiteBehavior [ RunTime:0.000021s ]
INFO: [ app_init ] --END-- [ RunTime:0.000285s ]
INFO: [ app_begin ] --START--
INFO: Run Behavior\ReadHtmlCacheBehavior [ RunTime:0.000300s ]
INFO: [ app_begin ] --END-- [ RunTime:0.000371s ]
NOTIC: [2] Missing argument 1 for I(), called in /Applications/XAMPP/xamppfiles/htdocs/news/Application/Admin/Controller/MenuController.class.php on line 36 and defined /Applications/XAMPP/xamppfiles/htdocs/news/ThinkPHP/Common/functions.php 第 271 行.
NOTIC: [8] Undefined variable: name /Applications/XAMPP/xamppfiles/htdocs/news/ThinkPHP/Common/functions.php 第 273 行.
NOTIC: [8] Undefined variable: name /Applications/XAMPP/xamppfiles/htdocs/news/ThinkPHP/Common/functions.php 第 278 行.
NOTIC: [8] Undefined variable: name /Applications/XAMPP/xamppfiles/htdocs/news/ThinkPHP/Common/functions.php 第 339 行.
NOTIC: [8] Undefined index: menu_id /Applications/XAMPP/xamppfiles/htdocs/news/Application/Admin/Controller/MenuController.class.php 第 56 行.
SQL: SHOW COLUMNS FROM `menu` [ RunTime:0.0005s ]
SQL: INSERT INTO `menu` (`name`,`type`,`m`,`c`,`f`,`status`) VALUES ('文章管理','1','admin','blog','index','0') [ RunTime:0.0022s ]

[ 2017-09-11T11:06:27+08:00 ] 127.0.0.1 /admin.php/menu/index
INFO: [ app_init ] --START--
INFO: Run Behavior\BuildLiteBehavior [ RunTime:0.000027s ]
INFO: [ app_init ] --END-- [ RunTime:0.000396s ]

[ 2017-09-11T11:06:29+08:00 ] 127.0.0.1 /admin.php/Menu/index/p/8.html
INFO: [ app_init ] --START--
INFO: Run Behavior\BuildLiteBehavior [ RunTime:0.000018s ]
INFO: [ app_init ] --END-- [ RunTime:0.000259s ]

[ 2017-09-11T11:10:34+08:00 ] 127.0.0.1 /admin.php/Menu/index/p/8.html
INFO: [ app_init ] --START--
INFO: Run Behavior\BuildLiteBehavior [ RunTime:0.000028s ]
INFO: [ app_init ] --END-- [ RunTime:0.000848s ]

[ 2017-09-11T11:10:37+08:00 ] 127.0.0.1 /admin.php/menu/edit/id/46
INFO: [ app_init ] --START--
INFO: Run Behavior\BuildLiteBehavior [ RunTime:0.000021s ]
INFO: [ app_init ] --END-- [ RunTime:0.000313s ]

[ 2017-09-11T11:10:40+08:00 ] 127.0.0.1 /admin.php/menu/add
INFO: [ app_init ] --START--
INFO: Run Behavior\BuildLiteBehavior [ RunTime:0.000035s ]
INFO: [ app_init ] --END-- [ RunTime:0.000691s ]
INFO: [ app_begin ] --START--
INFO: Run Behavior\ReadHtmlCacheBehavior [ RunTime:0.000295s ]
INFO: [ app_begin ] --END-- [ RunTime:0.000372s ]
NOTIC: [2] Missing argument 1 for I(), called in /Applications/XAMPP/xamppfiles/htdocs/news/Application/Admin/Controller/MenuController.class.php on line 36 and defined /Applications/XAMPP/xamppfiles/htdocs/news/ThinkPHP/Common/functions.php 第 271 行.
NOTIC: [8] Undefined variable: name /Applications/XAMPP/xamppfiles/htdocs/news/ThinkPHP/Common/functions.php 第 273 行.
NOTIC: [8] Undefined variable: name /Applications/XAMPP/xamppfiles/htdocs/news/ThinkPHP/Common/functions.php 第 278 行.
NOTIC: [8] Undefined variable: name /Applications/XAMPP/xamppfiles/htdocs/news/ThinkPHP/Common/functions.php 第 339 行.
SQL: SHOW COLUMNS FROM `menu` [ RunTime:0.0005s ]
SQL: UPDATE `menu` SET `name`='文章管理',`type`='1',`m`='admin',`c`='blog',`f`='index',`status`='1' WHERE ( menu_id=46 ) [ RunTime:0.0075s ]

[ 2017-09-11T11:10:41+08:00 ] 127.0.0.1 /admin.php/menu/index
INFO: [ app_init ] --START--
INFO: Run Behavior\BuildLiteBehavior [ RunTime:0.000023s ]
INFO: [ app_init ] --END-- [ RunTime:0.000344s ]

[ 2017-09-11T11:10:44+08:00 ] 127.0.0.1 /admin.php/Menu/index/p/8.html
INFO: [ app_init ] --START--
INFO: Run Behavior\BuildLiteBehavior [ RunTime:0.000018s ]
INFO: [ app_init ] --END-- [ RunTime:0.000258s ]

[ 2017-09-11T11:10:46+08:00 ] 127.0.0.1 /admin.php/Menu/index/p/7.html
INFO: [ app_init ] --START--
INFO: Run Behavior\BuildLiteBehavior [ RunTime:0.000019s ]
INFO: [ app_init ] --END-- [ RunTime:0.000303s ]

[ 2017-09-11T11:10:48+08:00 ] 127.0.0.1 /admin.php/menu/edit/id/44
INFO: [ app_init ] --START--
INFO: Run Behavior\BuildLiteBehavior [ RunTime:0.000018s ]
INFO: [ app_init ] --END-- [ RunTime:0.000282s ]

[ 2017-09-11T11:10:50+08:00 ] 127.0.0.1 /admin.php/menu/add
INFO: [ app_init ] --START--
INFO: Run Behavior\BuildLiteBehavior [ RunTime:0.000054s ]
INFO: [ app_init ] --END-- [ RunTime:0.000350s ]
INFO: [ app_begin ] --START--
INFO: Run Behavior\ReadHtmlCacheBehavior [ RunTime:0.000966s ]
INFO: [ app_begin ] --END-- [ RunTime:0.001306s ]
NOTIC: [2] Missing argument 1 for I(), called in /Applications/XAMPP/xamppfiles/htdocs/news/Application/Admin/Controller/MenuController.class.php on line 36 and defined /Applications/XAMPP/xamppfiles/htdocs/news/ThinkPHP/Common/functions.php 第 271 行.
NOTIC: [8] Undefined variable: name /Applications/XAMPP/xamppfiles/htdocs/news/ThinkPHP/Common/functions.php 第 273 行.
NOTIC: [8] Undefined variable: name /Applications/XAMPP/xamppfiles/htdocs/news/ThinkPHP/Common/functions.php 第 278 行.
NOTIC: [8] Undefined variable: name /Applications/XAMPP/xamppfiles/htdocs/news/ThinkPHP/Common/functions.php 第 339 行.
SQL: SHOW COLUMNS FROM `menu` [ RunTime:0.0005s ]
SQL: UPDATE `menu` SET `name`='文章管理',`type`='1',`m`='admin',`c`='blog',`f`='index',`status`='1' WHERE ( menu_id=44 ) [ RunTime:0.0022s ]

[ 2017-09-11T11:10:51+08:00 ] 127.0.0.1 /admin.php/menu/index
INFO: [ app_init ] --START--
INFO: Run Behavior\BuildLiteBehavior [ RunTime:0.000020s ]
INFO: [ app_init ] --END-- [ RunTime:0.000310s ]

[ 2017-09-11T11:10:53+08:00 ] 127.0.0.1 /admin.php/Menu/index/p/7.html
INFO: [ app_init ] --START--
INFO: Run Behavior\BuildLiteBehavior [ RunTime:0.000018s ]
INFO: [ app_init ] --END-- [ RunTime:0.000272s ]

[ 2017-09-11T11:10:55+08:00 ] 127.0.0.1 /admin.php/Menu/index/p/1.html
INFO: [ app_init ] --START--
INFO: Run Behavior\BuildLiteBehavior [ RunTime:0.000022s ]
INFO: [ app_init ] --END-- [ RunTime:0.000348s ]

[ 2017-09-11T11:10:58+08:00 ] 127.0.0.1 /admin.php/menu/edit/id/16
INFO: [ app_init ] --START--
INFO: Run Behavior\BuildLiteBehavior [ RunTime:0.000021s ]
INFO: [ app_init ] --END-- [ RunTime:0.000381s ]

[ 2017-09-11T11:11:01+08:00 ] 127.0.0.1 /admin.php/menu/add
INFO: [ app_init ] --START--
INFO: Run Behavior\BuildLiteBehavior [ RunTime:0.000019s ]
INFO: [ app_init ] --END-- [ RunTime:0.000299s ]
INFO: [ app_begin ] --START--
INFO: Run Behavior\ReadHtmlCacheBehavior [ RunTime:0.000343s ]
INFO: [ app_begin ] --END-- [ RunTime:0.000413s ]
NOTIC: [2] Missing argument 1 for I(), called in /Applications/XAMPP/xamppfiles/htdocs/news/Application/Admin/Controller/MenuController.class.php on line 36 and defined /Applications/XAMPP/xamppfiles/htdocs/news/ThinkPHP/Common/functions.php 第 271 行.
NOTIC: [8] Undefined variable: name /Applications/XAMPP/xamppfiles/htdocs/news/ThinkPHP/Common/functions.php 第 273 行.
NOTIC: [8] Undefined variable: name /Applications/XAMPP/xamppfiles/htdocs/news/ThinkPHP/Common/functions.php 第 278 行.
NOTIC: [8] Undefined variable: name /Applications/XAMPP/xamppfiles/htdocs/news/ThinkPHP/Common/functions.php 第 339 行.
SQL: SHOW COLUMNS FROM `menu` [ RunTime:0.0005s ]
SQL: UPDATE `menu` SET `name`='广告管理',`type`='0',`m`='admin',`c`='guanggao',`f`='index',`status`='1' WHERE ( menu_id=16 ) [ RunTime:0.0034s ]

[ 2017-09-11T11:11:03+08:00 ] 127.0.0.1 /admin.php/menu/index
INFO: [ app_init ] --START--
INFO: Run Behavior\BuildLiteBehavior [ RunTime:0.000022s ]
INFO: [ app_init ] --END-- [ RunTime:0.000356s ]

[ 2017-09-11T11:11:05+08:00 ] 127.0.0.1 /admin.php/menu/edit/id/16
INFO: [ app_init ] --START--
INFO: Run Behavior\BuildLiteBehavior [ RunTime:0.000019s ]
INFO: [ app_init ] --END-- [ RunTime:0.000283s ]

[ 2017-09-11T11:11:08+08:00 ] 127.0.0.1 /admin.php/menu/add
INFO: [ app_init ] --START--
INFO: Run Behavior\BuildLiteBehavior [ RunTime:0.000018s ]
INFO: [ app_init ] --END-- [ RunTime:0.000280s ]
INFO: [ app_begin ] --START--
INFO: Run Behavior\ReadHtmlCacheBehavior [ RunTime:0.000287s ]
INFO: [ app_begin ] --END-- [ RunTime:0.000350s ]
NOTIC: [2] Missing argument 1 for I(), called in /Applications/XAMPP/xamppfiles/htdocs/news/Application/Admin/Controller/MenuController.class.php on line 36 and defined /Applications/XAMPP/xamppfiles/htdocs/news/ThinkPHP/Common/functions.php 第 271 行.
NOTIC: [8] Undefined variable: name /Applications/XAMPP/xamppfiles/htdocs/news/ThinkPHP/Common/functions.php 第 273 行.
NOTIC: [8] Undefined variable: name /Applications/XAMPP/xamppfiles/htdocs/news/ThinkPHP/Common/functions.php 第 278 行.
NOTIC: [8] Undefined variable: name /Applications/XAMPP/xamppfiles/htdocs/news/ThinkPHP/Common/functions.php 第 339 行.
SQL: SHOW COLUMNS FROM `menu` [ RunTime:0.0006s ]
SQL: UPDATE `menu` SET `name`='广告管理',`type`='1',`m`='admin',`c`='guanggao',`f`='index',`status`='1' WHERE ( menu_id=16 ) [ RunTime:0.0034s ]

[ 2017-09-11T11:11:12+08:00 ] 127.0.0.1 /admin.php/menu/index
INFO: [ app_init ] --START--
INFO: Run Behavior\BuildLiteBehavior [ RunTime:0.000020s ]
INFO: [ app_init ] --END-- [ RunTime:0.000282s ]

[ 2017-09-11T11:11:16+08:00 ] 127.0.0.1 /admin.php/menu/edit/id/16
INFO: [ app_init ] --START--
INFO: Run Behavior\BuildLiteBehavior [ RunTime:0.000019s ]
INFO: [ app_init ] --END-- [ RunTime:0.000284s ]

[ 2017-09-11T11:26:01+08:00 ] 127.0.0.1 /admin.php/menu/index
INFO: [ app_init ] --START--
INFO: Run Behavior\BuildLiteBehavior [ RunTime:0.000022s ]
INFO: [ app_init ] --END-- [ RunTime:0.000746s ]

[ 2017-09-11T11:26:57+08:00 ] 127.0.0.1 /admin.php/menu/index
INFO: [ app_init ] --START--
INFO: Run Behavior\BuildLiteBehavior [ RunTime:0.000042s ]
INFO: [ app_init ] --END-- [ RunTime:0.000675s ]

[ 2017-09-11T11:27:23+08:00 ] 127.0.0.1 /admin.php/menu/index
INFO: [ app_init ] --START--
INFO: Run Behavior\BuildLiteBehavior [ RunTime:0.000021s ]
INFO: [ app_init ] --END-- [ RunTime:0.000285s ]

[ 2017-09-11T11:28:19+08:00 ] 127.0.0.1 /admin.php/menu/index
INFO: [ app_init ] --START--
INFO: Run Behavior\BuildLiteBehavior [ RunTime:0.000026s ]
INFO: [ app_init ] --END-- [ RunTime:0.000454s ]

[ 2017-09-11T16:59:52+08:00 ] 127.0.0.1 /admin.php/menu/index
INFO: [ app_init ] --START--
INFO: Run Behavior\BuildLiteBehavior [ RunTime:0.000022s ]
INFO: [ app_init ] --END-- [ RunTime:0.000903s ]

[ 2017-09-11T17:02:40+08:00 ] 127.0.0.1 /admin.php/menu/index
INFO: [ app_init ] --START--
INFO: Run Behavior\BuildLiteBehavior [ RunTime:0.000020s ]
INFO: [ app_init ] --END-- [ RunTime:0.000488s ]

[ 2017-09-11T17:03:27+08:00 ] 127.0.0.1 /admin.php/menu/index
INFO: [ app_init ] --START--
INFO: Run Behavior\BuildLiteBehavior [ RunTime:0.000024s ]
INFO: [ app_init ] --END-- [ RunTime:0.000398s ]

[ 2017-09-11T17:03:34+08:00 ] 127.0.0.1 /admin.php/menu/index
INFO: [ app_init ] --START--
INFO: Run Behavior\BuildLiteBehavior [ RunTime:0.000028s ]
INFO: [ app_init ] --END-- [ RunTime:0.000608s ]

[ 2017-09-11T17:05:59+08:00 ] 127.0.0.1 /admin.php/menu/index
INFO: [ app_init ] --START--
INFO: Run Behavior\BuildLiteBehavior [ RunTime:0.000019s ]
INFO: [ app_init ] --END-- [ RunTime:0.000405s ]

[ 2017-09-11T17:06:35+08:00 ] 127.0.0.1 /admin.php/menu/index
INFO: [ app_init ] --START--
INFO: Run Behavior\BuildLiteBehavior [ RunTime:0.000021s ]
INFO: [ app_init ] --END-- [ RunTime:0.000493s ]

[ 2017-09-11T17:45:15+08:00 ] 127.0.0.1 /admin.php/menu/index
INFO: [ app_init ] --START--
INFO: Run Behavior\BuildLiteBehavior [ RunTime:0.000021s ]
INFO: [ app_init ] --END-- [ RunTime:0.000683s ]

[ 2017-09-11T17:45:25+08:00 ] 127.0.0.1 /admin.php/menu/setStatus
INFO: [ app_init ] --START--
INFO: Run Behavior\BuildLiteBehavior [ RunTime:0.000022s ]
INFO: [ app_init ] --END-- [ RunTime:0.000665s ]
INFO: [ app_begin ] --START--
INFO: Run Behavior\ReadHtmlCacheBehavior [ RunTime:0.000441s ]
INFO: [ app_begin ] --END-- [ RunTime:0.000532s ]
SQL: SHOW COLUMNS FROM `menu` [ RunTime:0.0011s ]
NOTIC: [8] Undefined variable: data /Applications/XAMPP/xamppfiles/htdocs/news/Application/Admin/Model/MenuModel.class.php 第 67 行.
NOTIC: 建议使用E方法替代throw_exception

[ 2017-09-11T17:45:27+08:00 ] 127.0.0.1 /admin.php/menu/setStatus
INFO: [ app_init ] --START--
INFO: Run Behavior\BuildLiteBehavior [ RunTime:0.000020s ]
INFO: [ app_init ] --END-- [ RunTime:0.000580s ]
INFO: [ app_begin ] --START--
INFO: Run Behavior\ReadHtmlCacheBehavior [ RunTime:0.000497s ]
INFO: [ app_begin ] --END-- [ RunTime:0.000596s ]
SQL: SHOW COLUMNS FROM `menu` [ RunTime:0.0009s ]
NOTIC: [8] Undefined variable: data /Applications/XAMPP/xamppfiles/htdocs/news/Application/Admin/Model/MenuModel.class.php 第 67 行.
NOTIC: 建议使用E方法替代throw_exception

[ 2017-09-11T17:45:28+08:00 ] 127.0.0.1 /admin.php/menu/setStatus
INFO: [ app_init ] --START--
INFO: Run Behavior\BuildLiteBehavior [ RunTime:0.000018s ]
INFO: [ app_init ] --END-- [ RunTime:0.000277s ]
INFO: [ app_begin ] --START--
INFO: Run Behavior\ReadHtmlCacheBehavior [ RunTime:0.000409s ]
INFO: [ app_begin ] --END-- [ RunTime:0.000485s ]
SQL: SHOW COLUMNS FROM `menu` [ RunTime:0.0007s ]
NOTIC: [8] Undefined variable: data /Applications/XAMPP/xamppfiles/htdocs/news/Application/Admin/Model/MenuModel.class.php 第 67 行.
NOTIC: 建议使用E方法替代throw_exception

[ 2017-09-11T17:45:28+08:00 ] 127.0.0.1 /admin.php/menu/setStatus
INFO: [ app_init ] --START--
INFO: Run Behavior\BuildLiteBehavior [ RunTime:0.000028s ]
INFO: [ app_init ] --END-- [ RunTime:0.000446s ]
INFO: [ app_begin ] --START--
INFO: Run Behavior\ReadHtmlCacheBehavior [ RunTime:0.000499s ]
INFO: [ app_begin ] --END-- [ RunTime:0.000620s ]
SQL: SHOW COLUMNS FROM `menu` [ RunTime:0.0007s ]
NOTIC: [8] Undefined variable: data /Applications/XAMPP/xamppfiles/htdocs/news/Application/Admin/Model/MenuModel.class.php 第 67 行.
NOTIC: 建议使用E方法替代throw_exception

[ 2017-09-11T17:45:29+08:00 ] 127.0.0.1 /admin.php/menu/setStatus
INFO: [ app_init ] --START--
INFO: Run Behavior\BuildLiteBehavior [ RunTime:0.000019s ]
INFO: [ app_init ] --END-- [ RunTime:0.000275s ]
INFO: [ app_begin ] --START--
INFO: Run Behavior\ReadHtmlCacheBehavior [ RunTime:0.000354s ]
INFO: [ app_begin ] --END-- [ RunTime:0.000421s ]
SQL: SHOW COLUMNS FROM `menu` [ RunTime:0.0008s ]
NOTIC: [8] Undefined variable: data /Applications/XAMPP/xamppfiles/htdocs/news/Application/Admin/Model/MenuModel.class.php 第 67 行.
NOTIC: 建议使用E方法替代throw_exception

[ 2017-09-11T17:45:29+08:00 ] 127.0.0.1 /admin.php/menu/setStatus
INFO: [ app_init ] --START--
INFO: Run Behavior\BuildLiteBehavior [ RunTime:0.000021s ]
INFO: [ app_init ] --END-- [ RunTime:0.000305s ]
INFO: [ app_begin ] --START--
INFO: Run Behavior\ReadHtmlCacheBehavior [ RunTime:0.001287s ]
INFO: [ app_begin ] --END-- [ RunTime:0.001775s ]
SQL: SHOW COLUMNS FROM `menu` [ RunTime:0.0016s ]
NOTIC: [8] Undefined variable: data /Applications/XAMPP/xamppfiles/htdocs/news/Application/Admin/Model/MenuModel.class.php 第 67 行.
NOTIC: 建议使用E方法替代throw_exception

[ 2017-09-11T17:48:41+08:00 ] 127.0.0.1 /admin.php/menu/index
INFO: [ app_init ] --START--
INFO: Run Behavior\BuildLiteBehavior [ RunTime:0.000059s ]
INFO: [ app_init ] --END-- [ RunTime:0.000908s ]

[ 2017-09-11T17:48:47+08:00 ] 127.0.0.1 /admin.php/menu/setStatus
INFO: [ app_init ] --START--
INFO: Run Behavior\BuildLiteBehavior [ RunTime:0.000023s ]
INFO: [ app_init ] --END-- [ RunTime:0.000699s ]
INFO: [ app_begin ] --START--
INFO: Run Behavior\ReadHtmlCacheBehavior [ RunTime:0.000445s ]
INFO: [ app_begin ] --END-- [ RunTime:0.000540s ]
SQL: SHOW COLUMNS FROM `menu` [ RunTime:0.0009s ]
NOTIC: [8] Undefined variable: data /Applications/XAMPP/xamppfiles/htdocs/news/Application/Admin/Model/MenuModel.class.php 第 67 行.
NOTIC: 建议使用E方法替代throw_exception

[ 2017-09-11T17:48:48+08:00 ] 127.0.0.1 /admin.php/menu/setStatus
INFO: [ app_init ] --START--
INFO: Run Behavior\BuildLiteBehavior [ RunTime:0.000020s ]
INFO: [ app_init ] --END-- [ RunTime:0.000319s ]
INFO: [ app_begin ] --START--
INFO: Run Behavior\ReadHtmlCacheBehavior [ RunTime:0.000312s ]
INFO: [ app_begin ] --END-- [ RunTime:0.000386s ]
SQL: SHOW COLUMNS FROM `menu` [ RunTime:0.0006s ]
NOTIC: [8] Undefined variable: data /Applications/XAMPP/xamppfiles/htdocs/news/Application/Admin/Model/MenuModel.class.php 第 67 行.
NOTIC: 建议使用E方法替代throw_exception

[ 2017-09-11T17:48:49+08:00 ] 127.0.0.1 /admin.php/menu/setStatus
INFO: [ app_init ] --START--
INFO: Run Behavior\BuildLiteBehavior [ RunTime:0.000021s ]
INFO: [ app_init ] --END-- [ RunTime:0.000275s ]
INFO: [ app_begin ] --START--
INFO: Run Behavior\ReadHtmlCacheBehavior [ RunTime:0.000289s ]
INFO: [ app_begin ] --END-- [ RunTime:0.000353s ]
SQL: SHOW COLUMNS FROM `menu` [ RunTime:0.0007s ]
NOTIC: [8] Undefined variable: data /Applications/XAMPP/xamppfiles/htdocs/news/Application/Admin/Model/MenuModel.class.php 第 67 行.
NOTIC: 建议使用E方法替代throw_exception

[ 2017-09-11T17:49:10+08:00 ] 127.0.0.1 /admin.php/menu/index
INFO: [ app_init ] --START--
INFO: Run Behavior\BuildLiteBehavior [ RunTime:0.000027s ]
INFO: [ app_init ] --END-- [ RunTime:0.000790s ]

[ 2017-09-11T17:49:16+08:00 ] 127.0.0.1 /admin.php/menu/setStatus
INFO: [ app_init ] --START--
INFO: Run Behavior\BuildLiteBehavior [ RunTime:0.000020s ]
INFO: [ app_init ] --END-- [ RunTime:0.000435s ]
INFO: [ app_begin ] --START--
INFO: Run Behavior\ReadHtmlCacheBehavior [ RunTime:0.000442s ]
INFO: [ app_begin ] --END-- [ RunTime:0.000529s ]
SQL: SHOW COLUMNS FROM `menu` [ RunTime:0.0014s ]
NOTIC: [8] Undefined variable: data /Applications/XAMPP/xamppfiles/htdocs/news/Application/Admin/Model/MenuModel.class.php 第 67 行.
NOTIC: 建议使用E方法替代throw_exception

[ 2017-09-11T17:49:17+08:00 ] 127.0.0.1 /admin.php/menu/setStatus
INFO: [ app_init ] --START--
INFO: Run Behavior\BuildLiteBehavior [ RunTime:0.000041s ]
INFO: [ app_init ] --END-- [ RunTime:0.000339s ]
INFO: [ app_begin ] --START--
INFO: Run Behavior\ReadHtmlCacheBehavior [ RunTime:0.000300s ]
INFO: [ app_begin ] --END-- [ RunTime:0.000367s ]
SQL: SHOW COLUMNS FROM `menu` [ RunTime:0.0006s ]
NOTIC: [8] Undefined variable: data /Applications/XAMPP/xamppfiles/htdocs/news/Application/Admin/Model/MenuModel.class.php 第 67 行.
NOTIC: 建议使用E方法替代throw_exception

[ 2017-09-11T17:49:18+08:00 ] 127.0.0.1 /admin.php/menu/setStatus
INFO: [ app_init ] --START--
INFO: Run Behavior\BuildLiteBehavior [ RunTime:0.000028s ]
INFO: [ app_init ] --END-- [ RunTime:0.000442s ]
INFO: [ app_begin ] --START--
INFO: Run Behavior\ReadHtmlCacheBehavior [ RunTime:0.000465s ]
INFO: [ app_begin ] --END-- [ RunTime:0.000604s ]
SQL: SHOW COLUMNS FROM `menu` [ RunTime:0.0006s ]
NOTIC: [8] Undefined variable: data /Applications/XAMPP/xamppfiles/htdocs/news/Application/Admin/Model/MenuModel.class.php 第 67 行.
NOTIC: 建议使用E方法替代throw_exception

[ 2017-09-11T17:53:01+08:00 ] 127.0.0.1 /admin.php/menu/index
INFO: [ app_init ] --START--
INFO: Run Behavior\BuildLiteBehavior [ RunTime:0.000024s ]
INFO: [ app_init ] --END-- [ RunTime:0.001053s ]

[ 2017-09-11T17:53:06+08:00 ] 127.0.0.1 /admin.php/menu/setStatus
INFO: [ app_init ] --START--
INFO: Run Behavior\BuildLiteBehavior [ RunTime:0.000024s ]
INFO: [ app_init ] --END-- [ RunTime:0.000285s ]
INFO: [ app_begin ] --START--
INFO: Run Behavior\ReadHtmlCacheBehavior [ RunTime:0.000322s ]
INFO: [ app_begin ] --END-- [ RunTime:0.000402s ]
SQL: SHOW COLUMNS FROM `menu` [ RunTime:0.0006s ]
NOTIC: [8] Undefined variable: data /Applications/XAMPP/xamppfiles/htdocs/news/Application/Admin/Model/MenuModel.class.php 第 67 行.
NOTIC: 建议使用E方法替代throw_exception

[ 2017-09-11T17:53:07+08:00 ] 127.0.0.1 /admin.php/menu/setStatus
INFO: [ app_init ] --START--
INFO: Run Behavior\BuildLiteBehavior [ RunTime:0.000020s ]
INFO: [ app_init ] --END-- [ RunTime:0.000314s ]
INFO: [ app_begin ] --START--
INFO: Run Behavior\ReadHtmlCacheBehavior [ RunTime:0.000504s ]
INFO: [ app_begin ] --END-- [ RunTime:0.000641s ]
SQL: SHOW COLUMNS FROM `menu` [ RunTime:0.0006s ]
NOTIC: [8] Undefined variable: data /Applications/XAMPP/xamppfiles/htdocs/news/Application/Admin/Model/MenuModel.class.php 第 67 行.
NOTIC: 建议使用E方法替代throw_exception

[ 2017-09-11T17:53:07+08:00 ] 127.0.0.1 /admin.php/menu/setStatus
INFO: [ app_init ] --START--
INFO: Run Behavior\BuildLiteBehavior [ RunTime:0.000025s ]
INFO: [ app_init ] --END-- [ RunTime:0.000368s ]
INFO: [ app_begin ] --START--
INFO: Run Behavior\ReadHtmlCacheBehavior [ RunTime:0.000424s ]
INFO: [ app_begin ] --END-- [ RunTime:0.000527s ]
SQL: SHOW COLUMNS FROM `menu` [ RunTime:0.0010s ]
NOTIC: [8] Undefined variable: data /Applications/XAMPP/xamppfiles/htdocs/news/Application/Admin/Model/MenuModel.class.php 第 67 行.
NOTIC: 建议使用E方法替代throw_exception

[ 2017-09-11T17:53:07+08:00 ] 127.0.0.1 /admin.php/menu/setStatus
INFO: [ app_init ] --START--
INFO: Run Behavior\BuildLiteBehavior [ RunTime:0.000020s ]
INFO: [ app_init ] --END-- [ RunTime:0.000288s ]
INFO: [ app_begin ] --START--
INFO: Run Behavior\ReadHtmlCacheBehavior [ RunTime:0.000292s ]
INFO: [ app_begin ] --END-- [ RunTime:0.000358s ]
SQL: SHOW COLUMNS FROM `menu` [ RunTime:0.0007s ]
NOTIC: [8] Undefined variable: data /Applications/XAMPP/xamppfiles/htdocs/news/Application/Admin/Model/MenuModel.class.php 第 67 行.
NOTIC: 建议使用E方法替代throw_exception

[ 2017-09-11T17:53:07+08:00 ] 127.0.0.1 /admin.php/menu/setStatus
INFO: [ app_init ] --START--
INFO: Run Behavior\BuildLiteBehavior [ RunTime:0.000022s ]
INFO: [ app_init ] --END-- [ RunTime:0.000293s ]
INFO: [ app_begin ] --START--
INFO: Run Behavior\ReadHtmlCacheBehavior [ RunTime:0.000297s ]
INFO: [ app_begin ] --END-- [ RunTime:0.000366s ]
SQL: SHOW COLUMNS FROM `menu` [ RunTime:0.0005s ]
NOTIC: [8] Undefined variable: data /Applications/XAMPP/xamppfiles/htdocs/news/Application/Admin/Model/MenuModel.class.php 第 67 行.
NOTIC: 建议使用E方法替代throw_exception

[ 2017-09-11T17:53:08+08:00 ] 127.0.0.1 /admin.php/menu/setStatus
INFO: [ app_init ] --START--
INFO: Run Behavior\BuildLiteBehavior [ RunTime:0.000021s ]
INFO: [ app_init ] --END-- [ RunTime:0.000310s ]
INFO: [ app_begin ] --START--
INFO: Run Behavior\ReadHtmlCacheBehavior [ RunTime:0.000483s ]
INFO: [ app_begin ] --END-- [ RunTime:0.000599s ]
SQL: SHOW COLUMNS FROM `menu` [ RunTime:0.0009s ]
NOTIC: [8] Undefined variable: data /Applications/XAMPP/xamppfiles/htdocs/news/Application/Admin/Model/MenuModel.class.php 第 67 行.
NOTIC: 建议使用E方法替代throw_exception

[ 2017-09-11T17:53:09+08:00 ] 127.0.0.1 /admin.php/menu/setStatus
INFO: [ app_init ] --START--
INFO: Run Behavior\BuildLiteBehavior [ RunTime:0.000019s ]
INFO: [ app_init ] --END-- [ RunTime:0.000289s ]
INFO: [ app_begin ] --START--
INFO: Run Behavior\ReadHtmlCacheBehavior [ RunTime:0.000373s ]
INFO: [ app_begin ] --END-- [ RunTime:0.000447s ]
SQL: SHOW COLUMNS FROM `menu` [ RunTime:0.0006s ]
NOTIC: [8] Undefined variable: data /Applications/XAMPP/xamppfiles/htdocs/news/Application/Admin/Model/MenuModel.class.php 第 67 行.
NOTIC: 建议使用E方法替代throw_exception

[ 2017-09-11T17:53:13+08:00 ] 127.0.0.1 /admin.php/menu/setStatus
INFO: [ app_init ] --START--
INFO: Run Behavior\BuildLiteBehavior [ RunTime:0.000019s ]
INFO: [ app_init ] --END-- [ RunTime:0.000279s ]
INFO: [ app_begin ] --START--
INFO: Run Behavior\ReadHtmlCacheBehavior [ RunTime:0.000402s ]
INFO: [ app_begin ] --END-- [ RunTime:0.000494s ]
SQL: SHOW COLUMNS FROM `menu` [ RunTime:0.0005s ]
NOTIC: [8] Undefined variable: data /Applications/XAMPP/xamppfiles/htdocs/news/Application/Admin/Model/MenuModel.class.php 第 67 行.
NOTIC: 建议使用E方法替代throw_exception

[ 2017-09-11T17:55:59+08:00 ] 127.0.0.1 /admin.php/menu/index
INFO: [ app_init ] --START--
INFO: Run Behavior\BuildLiteBehavior [ RunTime:0.000102s ]
INFO: [ app_init ] --END-- [ RunTime:0.001129s ]

[ 2017-09-11T17:56:11+08:00 ] 127.0.0.1 /admin.php/menu/index
INFO: [ app_init ] --START--
INFO: Run Behavior\BuildLiteBehavior [ RunTime:0.000020s ]
INFO: [ app_init ] --END-- [ RunTime:0.000294s ]

[ 2017-09-11T17:58:42+08:00 ] 127.0.0.1 /admin.php/menu/index
INFO: [ app_init ] --START--
INFO: Run Behavior\BuildLiteBehavior [ RunTime:0.000021s ]
INFO: [ app_init ] --END-- [ RunTime:0.000658s ]

[ 2017-09-11T17:58:46+08:00 ] 127.0.0.1 /admin.php/menu/setStatus
INFO: [ app_init ] --START--
INFO: Run Behavior\BuildLiteBehavior [ RunTime:0.000020s ]
INFO: [ app_init ] --END-- [ RunTime:0.000297s ]
INFO: [ app_begin ] --START--
INFO: Run Behavior\ReadHtmlCacheBehavior [ RunTime:0.000302s ]
INFO: [ app_begin ] --END-- [ RunTime:0.000370s ]
SQL: SHOW COLUMNS FROM `menu` [ RunTime:0.0005s ]
NOTIC: [8] Undefined variable: data /Applications/XAMPP/xamppfiles/htdocs/news/Application/Admin/Model/MenuModel.class.php 第 67 行.
NOTIC: 建议使用E方法替代throw_exception

[ 2017-09-11T17:58:47+08:00 ] 127.0.0.1 /admin.php/menu/setStatus
INFO: [ app_init ] --START--
INFO: Run Behavior\BuildLiteBehavior [ RunTime:0.000019s ]
INFO: [ app_init ] --END-- [ RunTime:0.000280s ]
INFO: [ app_begin ] --START--
INFO: Run Behavior\ReadHtmlCacheBehavior [ RunTime:0.000297s ]
INFO: [ app_begin ] --END-- [ RunTime:0.000362s ]
SQL: SHOW COLUMNS FROM `menu` [ RunTime:0.0005s ]
NOTIC: [8] Undefined variable: data /Applications/XAMPP/xamppfiles/htdocs/news/Application/Admin/Model/MenuModel.class.php 第 67 行.
NOTIC: 建议使用E方法替代throw_exception

[ 2017-09-11T18:00:54+08:00 ] 127.0.0.1 /admin.php/menu/index
INFO: [ app_init ] --START--
INFO: Run Behavior\BuildLiteBehavior [ RunTime:0.000021s ]
INFO: [ app_init ] --END-- [ RunTime:0.000279s ]

[ 2017-09-11T18:00:58+08:00 ] 127.0.0.1 /admin.php/menu/setStatus
INFO: [ app_init ] --START--
INFO: Run Behavior\BuildLiteBehavior [ RunTime:0.000022s ]
INFO: [ app_init ] --END-- [ RunTime:0.000296s ]
INFO: [ app_begin ] --START--
INFO: Run Behavior\ReadHtmlCacheBehavior [ RunTime:0.000440s ]
INFO: [ app_begin ] --END-- [ RunTime:0.000519s ]
SQL: SHOW COLUMNS FROM `menu` [ RunTime:0.0006s ]
NOTIC: [8] Undefined variable: data /Applications/XAMPP/xamppfiles/htdocs/news/Application/Admin/Model/MenuModel.class.php 第 67 行.
NOTIC: 建议使用E方法替代throw_exception

[ 2017-09-11T18:00:59+08:00 ] 127.0.0.1 /admin.php/menu/setStatus
INFO: [ app_init ] --START--
INFO: Run Behavior\BuildLiteBehavior [ RunTime:0.000020s ]
INFO: [ app_init ] --END-- [ RunTime:0.000372s ]
INFO: [ app_begin ] --START--
INFO: Run Behavior\ReadHtmlCacheBehavior [ RunTime:0.000368s ]
INFO: [ app_begin ] --END-- [ RunTime:0.000442s ]
SQL: SHOW COLUMNS FROM `menu` [ RunTime:0.0006s ]
NOTIC: [8] Undefined variable: data /Applications/XAMPP/xamppfiles/htdocs/news/Application/Admin/Model/MenuModel.class.php 第 67 行.
NOTIC: 建议使用E方法替代throw_exception

[ 2017-09-11T18:00:59+08:00 ] 127.0.0.1 /admin.php/menu/setStatus
INFO: [ app_init ] --START--
INFO: Run Behavior\BuildLiteBehavior [ RunTime:0.000019s ]
INFO: [ app_init ] --END-- [ RunTime:0.000279s ]
INFO: [ app_begin ] --START--
INFO: Run Behavior\ReadHtmlCacheBehavior [ RunTime:0.000286s ]
INFO: [ app_begin ] --END-- [ RunTime:0.000348s ]
SQL: SHOW COLUMNS FROM `menu` [ RunTime:0.0005s ]
NOTIC: [8] Undefined variable: data /Applications/XAMPP/xamppfiles/htdocs/news/Application/Admin/Model/MenuModel.class.php 第 67 行.
NOTIC: 建议使用E方法替代throw_exception

[ 2017-09-11T18:00:59+08:00 ] 127.0.0.1 /admin.php/menu/setStatus
INFO: [ app_init ] --START--
INFO: Run Behavior\BuildLiteBehavior [ RunTime:0.000028s ]
INFO: [ app_init ] --END-- [ RunTime:0.000414s ]
INFO: [ app_begin ] --START--
INFO: Run Behavior\ReadHtmlCacheBehavior [ RunTime:0.000367s ]
INFO: [ app_begin ] --END-- [ RunTime:0.000437s ]
SQL: SHOW COLUMNS FROM `menu` [ RunTime:0.0010s ]
NOTIC: [8] Undefined variable: data /Applications/XAMPP/xamppfiles/htdocs/news/Application/Admin/Model/MenuModel.class.php 第 67 行.
NOTIC: 建议使用E方法替代throw_exception

[ 2017-09-11T18:01:03+08:00 ] 127.0.0.1 /admin.php/menu/setStatus
INFO: [ app_init ] --START--
INFO: Run Behavior\BuildLiteBehavior [ RunTime:0.000064s ]
INFO: [ app_init ] --END-- [ RunTime:0.000547s ]
INFO: [ app_begin ] --START--
INFO: Run Behavior\ReadHtmlCacheBehavior [ RunTime:0.000486s ]
INFO: [ app_begin ] --END-- [ RunTime:0.000613s ]
SQL: SHOW COLUMNS FROM `menu` [ RunTime:0.0006s ]
NOTIC: [8] Undefined variable: data /Applications/XAMPP/xamppfiles/htdocs/news/Application/Admin/Model/MenuModel.class.php 第 67 行.
NOTIC: 建议使用E方法替代throw_exception

[ 2017-09-11T18:03:08+08:00 ] 127.0.0.1 /admin.php/menu/index
INFO: [ app_init ] --START--
INFO: Run Behavior\BuildLiteBehavior [ RunTime:0.000018s ]
INFO: [ app_init ] --END-- [ RunTime:0.000846s ]

[ 2017-09-11T18:03:11+08:00 ] 127.0.0.1 /admin.php/menu/setStatus
INFO: [ app_init ] --START--
INFO: Run Behavior\BuildLiteBehavior [ RunTime:0.000020s ]
INFO: [ app_init ] --END-- [ RunTime:0.000291s ]
INFO: [ app_begin ] --START--
INFO: Run Behavior\ReadHtmlCacheBehavior [ RunTime:0.000301s ]
INFO: [ app_begin ] --END-- [ RunTime:0.000365s ]
SQL: SHOW COLUMNS FROM `menu` [ RunTime:0.0005s ]
NOTIC: [8] Undefined variable: data /Applications/XAMPP/xamppfiles/htdocs/news/Application/Admin/Model/MenuModel.class.php 第 67 行.
NOTIC: 建议使用E方法替代throw_exception

[ 2017-09-11T18:03:12+08:00 ] 127.0.0.1 /admin.php/menu/setStatus
INFO: [ app_init ] --START--
INFO: Run Behavior\BuildLiteBehavior [ RunTime:0.000023s ]
INFO: [ app_init ] --END-- [ RunTime:0.000422s ]
INFO: [ app_begin ] --START--
INFO: Run Behavior\ReadHtmlCacheBehavior [ RunTime:0.000367s ]
INFO: [ app_begin ] --END-- [ RunTime:0.000455s ]
SQL: SHOW COLUMNS FROM `menu` [ RunTime:0.0005s ]
NOTIC: [8] Undefined variable: data /Applications/XAMPP/xamppfiles/htdocs/news/Application/Admin/Model/MenuModel.class.php 第 67 行.
NOTIC: 建议使用E方法替代throw_exception

[ 2017-09-11T18:03:12+08:00 ] 127.0.0.1 /admin.php/menu/setStatus
INFO: [ app_init ] --START--
INFO: Run Behavior\BuildLiteBehavior [ RunTime:0.000019s ]
INFO: [ app_init ] --END-- [ RunTime:0.000272s ]
INFO: [ app_begin ] --START--
INFO: Run Behavior\ReadHtmlCacheBehavior [ RunTime:0.000461s ]
INFO: [ app_begin ] --END-- [ RunTime:0.000707s ]
SQL: SHOW COLUMNS FROM `menu` [ RunTime:0.0007s ]
NOTIC: [8] Undefined variable: data /Applications/XAMPP/xamppfiles/htdocs/news/Application/Admin/Model/MenuModel.class.php 第 67 行.
NOTIC: 建议使用E方法替代throw_exception

[ 2017-09-11T18:03:31+08:00 ] 127.0.0.1 /admin.php/menu/index
INFO: [ app_init ] --START--
INFO: Run Behavior\BuildLiteBehavior [ RunTime:0.000020s ]
INFO: [ app_init ] --END-- [ RunTime:0.000305s ]

[ 2017-09-11T18:03:47+08:00 ] 127.0.0.1 /admin.php/menu/index
INFO: [ app_init ] --START--
INFO: Run Behavior\BuildLiteBehavior [ RunTime:0.000018s ]
INFO: [ app_init ] --END-- [ RunTime:0.000336s ]

[ 2017-09-11T18:04:28+08:00 ] 127.0.0.1 /admin.php/menu/index
INFO: [ app_init ] --START--
INFO: Run Behavior\BuildLiteBehavior [ RunTime:0.000020s ]
INFO: [ app_init ] --END-- [ RunTime:0.000292s ]

[ 2017-09-11T18:04:34+08:00 ] 127.0.0.1 /admin.php/menu/index
INFO: [ app_init ] --START--
INFO: Run Behavior\BuildLiteBehavior [ RunTime:0.000019s ]
INFO: [ app_init ] --END-- [ RunTime:0.000295s ]

[ 2017-09-11T18:04:43+08:00 ] 127.0.0.1 /admin.php/menu/index
INFO: [ app_init ] --START--
INFO: Run Behavior\BuildLiteBehavior [ RunTime:0.000020s ]
INFO: [ app_init ] --END-- [ RunTime:0.000282s ]

[ 2017-09-11T18:04:46+08:00 ] 127.0.0.1 /admin.php/menu/setStatus
INFO: [ app_init ] --START--
INFO: Run Behavior\BuildLiteBehavior [ RunTime:0.000020s ]
INFO: [ app_init ] --END-- [ RunTime:0.000292s ]
INFO: [ app_begin ] --START--
INFO: Run Behavior\ReadHtmlCacheBehavior [ RunTime:0.000422s ]
INFO: [ app_begin ] --END-- [ RunTime:0.000510s ]
SQL: SHOW COLUMNS FROM `menu` [ RunTime:0.0005s ]
NOTIC: [8] Undefined variable: data /Applications/XAMPP/xamppfiles/htdocs/news/Application/Admin/Model/MenuModel.class.php 第 67 行.
NOTIC: 建议使用E方法替代throw_exception

[ 2017-09-11T18:06:28+08:00 ] 127.0.0.1 /admin.php/menu/index
INFO: [ app_init ] --START--
INFO: Run Behavior\BuildLiteBehavior [ RunTime:0.000019s ]
INFO: [ app_init ] --END-- [ RunTime:0.000356s ]

[ 2017-09-11T18:09:07+08:00 ] 127.0.0.1 /admin.php/menu/index
INFO: [ app_init ] --START--
INFO: Run Behavior\BuildLiteBehavior [ RunTime:0.000045s ]
INFO: [ app_init ] --END-- [ RunTime:0.000728s ]

[ 2017-09-11T18:09:14+08:00 ] 127.0.0.1 /admin.php/menu/setStatus
INFO: [ app_init ] --START--
INFO: Run Behavior\BuildLiteBehavior [ RunTime:0.000021s ]
INFO: [ app_init ] --END-- [ RunTime:0.000298s ]
INFO: [ app_begin ] --START--
INFO: Run Behavior\ReadHtmlCacheBehavior [ RunTime:0.000677s ]
INFO: [ app_begin ] --END-- [ RunTime:0.000790s ]
SQL: SHOW COLUMNS FROM `menu` [ RunTime:0.0007s ]
NOTIC: [8] Undefined variable: data /Applications/XAMPP/xamppfiles/htdocs/news/Application/Admin/Model/MenuModel.class.php 第 67 行.
NOTIC: 建议使用E方法替代throw_exception

[ 2017-09-11T18:09:55+08:00 ] 127.0.0.1 /admin.php/menu/index
INFO: [ app_init ] --START--
INFO: Run Behavior\BuildLiteBehavior [ RunTime:0.000041s ]
INFO: [ app_init ] --END-- [ RunTime:0.000615s ]

[ 2017-09-11T18:09:58+08:00 ] 127.0.0.1 /admin.php/menu/setStatus
INFO: [ app_init ] --START--
INFO: Run Behavior\BuildLiteBehavior [ RunTime:0.000028s ]
INFO: [ app_init ] --END-- [ RunTime:0.000430s ]
INFO: [ app_begin ] --START--
INFO: Run Behavior\ReadHtmlCacheBehavior [ RunTime:0.000483s ]
INFO: [ app_begin ] --END-- [ RunTime:0.000585s ]
SQL: SHOW COLUMNS FROM `menu` [ RunTime:0.0025s ]
NOTIC: [8] Undefined variable: data /Applications/XAMPP/xamppfiles/htdocs/news/Application/Admin/Model/MenuModel.class.php 第 67 行.
NOTIC: 建议使用E方法替代throw_exception

[ 2017-09-11T18:10:20+08:00 ] 127.0.0.1 /admin.php/menu/index
INFO: [ app_init ] --START--
INFO: Run Behavior\BuildLiteBehavior [ RunTime:0.000028s ]
INFO: [ app_init ] --END-- [ RunTime:0.000416s ]

[ 2017-09-11T18:10:23+08:00 ] 127.0.0.1 /admin.php/menu/setStatus
INFO: [ app_init ] --START--
INFO: Run Behavior\BuildLiteBehavior [ RunTime:0.000036s ]
INFO: [ app_init ] --END-- [ RunTime:0.000615s ]
INFO: [ app_begin ] --START--
INFO: Run Behavior\ReadHtmlCacheBehavior [ RunTime:0.001821s ]
INFO: [ app_begin ] --END-- [ RunTime:0.002433s ]
SQL: SHOW COLUMNS FROM `menu` [ RunTime:0.0006s ]
NOTIC: [8] Undefined variable: data /Applications/XAMPP/xamppfiles/htdocs/news/Application/Admin/Model/MenuModel.class.php 第 67 行.
NOTIC: 建议使用E方法替代throw_exception

[ 2017-09-11T18:10:39+08:00 ] 127.0.0.1 /admin.php/menu/index
INFO: [ app_init ] --START--
INFO: Run Behavior\BuildLiteBehavior [ RunTime:0.000030s ]
INFO: [ app_init ] --END-- [ RunTime:0.000435s ]

[ 2017-09-11T18:10:42+08:00 ] 127.0.0.1 /admin.php/menu/setStatus
INFO: [ app_init ] --START--
INFO: Run Behavior\BuildLiteBehavior [ RunTime:0.000031s ]
INFO: [ app_init ] --END-- [ RunTime:0.000504s ]
INFO: [ app_begin ] --START--
INFO: Run Behavior\ReadHtmlCacheBehavior [ RunTime:0.000341s ]
INFO: [ app_begin ] --END-- [ RunTime:0.000442s ]
SQL: SHOW COLUMNS FROM `menu` [ RunTime:0.0007s ]
NOTIC: [8] Undefined variable: data /Applications/XAMPP/xamppfiles/htdocs/news/Application/Admin/Model/MenuModel.class.php 第 67 行.
NOTIC: 建议使用E方法替代throw_exception

[ 2017-09-11T18:10:59+08:00 ] 127.0.0.1 /admin.php/menu/index
INFO: [ app_init ] --START--
INFO: Run Behavior\BuildLiteBehavior [ RunTime:0.000032s ]
INFO: [ app_init ] --END-- [ RunTime:0.002681s ]

[ 2017-09-11T18:11:02+08:00 ] 127.0.0.1 /admin.php/menu/setStatus
INFO: [ app_init ] --START--
INFO: Run Behavior\BuildLiteBehavior [ RunTime:0.000038s ]
INFO: [ app_init ] --END-- [ RunTime:0.000624s ]
INFO: [ app_begin ] --START--
INFO: Run Behavior\ReadHtmlCacheBehavior [ RunTime:0.000638s ]
INFO: [ app_begin ] --END-- [ RunTime:0.000825s ]
SQL: SHOW COLUMNS FROM `menu` [ RunTime:0.0006s ]
NOTIC: [8] Undefined variable: data /Applications/XAMPP/xamppfiles/htdocs/news/Application/Admin/Model/MenuModel.class.php 第 72 行.

[ 2017-09-11T18:12:30+08:00 ] 127.0.0.1 /admin.php/menu
INFO: [ app_init ] --START--
INFO: Run Behavior\BuildLiteBehavior [ RunTime:0.000035s ]
INFO: [ app_init ] --END-- [ RunTime:0.000582s ]

[ 2017-09-11T18:12:34+08:00 ] 127.0.0.1 /admin.php/menu/edit/id/33
INFO: [ app_init ] --START--
INFO: Run Behavior\BuildLiteBehavior [ RunTime:0.000022s ]
INFO: [ app_init ] --END-- [ RunTime:0.000617s ]

[ 2017-09-11T18:12:36+08:00 ] 127.0.0.1 /admin.php/menu
INFO: [ app_init ] --START--
INFO: Run Behavior\BuildLiteBehavior [ RunTime:0.000039s ]
INFO: [ app_init ] --END-- [ RunTime:0.000602s ]

[ 2017-09-11T18:12:40+08:00 ] 127.0.0.1 /admin.php/menu/setStatus
INFO: [ app_init ] --START--
INFO: Run Behavior\BuildLiteBehavior [ RunTime:0.000021s ]
INFO: [ app_init ] --END-- [ RunTime:0.000307s ]
INFO: [ app_begin ] --START--
INFO: Run Behavior\ReadHtmlCacheBehavior [ RunTime:0.000366s ]
INFO: [ app_begin ] --END-- [ RunTime:0.000541s ]
SQL: SHOW COLUMNS FROM `menu` [ RunTime:0.0010s ]
NOTIC: [8] Undefined variable: data /Applications/XAMPP/xamppfiles/htdocs/news/Application/Admin/Model/MenuModel.class.php 第 71 行.

[ 2017-09-11T18:16:44+08:00 ] 127.0.0.1 /admin.php/menu
INFO: [ app_init ] --START--
INFO: Run Behavior\BuildLiteBehavior [ RunTime:0.000020s ]
INFO: [ app_init ] --END-- [ RunTime:0.000703s ]

[ 2017-09-11T18:16:47+08:00 ] 127.0.0.1 /admin.php/menu/setStatus
INFO: [ app_init ] --START--
INFO: Run Behavior\BuildLiteBehavior [ RunTime:0.000026s ]
INFO: [ app_init ] --END-- [ RunTime:0.000434s ]
INFO: [ app_begin ] --START--
INFO: Run Behavior\ReadHtmlCacheBehavior [ RunTime:0.000719s ]
INFO: [ app_begin ] --END-- [ RunTime:0.000852s ]
SQL: SHOW COLUMNS FROM `menu` [ RunTime:0.0008s ]
NOTIC: [2] Invalid argument supplied for foreach() /Applications/XAMPP/xamppfiles/htdocs/news/ThinkPHP/Library/Think/Model.class.php 第 267 行.
NOTIC: [2] Invalid argument supplied for foreach() /Applications/XAMPP/xamppfiles/htdocs/news/ThinkPHP/Library/Think/Db/Driver.class.php 第 372 行.
NOTIC: [8] Undefined variable: set /Applications/XAMPP/xamppfiles/htdocs/news/ThinkPHP/Library/Think/Db/Driver.class.php 第 387 行.
NOTIC: [2] implode(): Invalid arguments passed /Applications/XAMPP/xamppfiles/htdocs/news/ThinkPHP/Library/Think/Db/Driver.class.php 第 387 行.
ERR: 1064:You have an error in your SQL syntax; check the manual that corresponds to your MySQL server version for the right syntax to use near 'WHERE ( menu_id=33 )' at line 1
 [ SQL语句 ] : UPDATE `menu` SET  WHERE ( menu_id=33 )
ERR: 1064:You have an error in your SQL syntax; check the manual that corresponds to your MySQL server version for the right syntax to use near 'WHERE ( menu_id=33 )' at line 1
 [ SQL语句 ] : UPDATE `menu` SET  WHERE ( menu_id=33 )

[ 2017-09-11T18:21:41+08:00 ] 127.0.0.1 /admin.php/menu
INFO: [ app_init ] --START--
INFO: Run Behavior\BuildLiteBehavior [ RunTime:0.000054s ]
INFO: [ app_init ] --END-- [ RunTime:0.001018s ]

[ 2017-09-11T18:21:44+08:00 ] 127.0.0.1 /admin.php/menu/setStatus
INFO: [ app_init ] --START--
INFO: Run Behavior\BuildLiteBehavior [ RunTime:0.000020s ]
INFO: [ app_init ] --END-- [ RunTime:0.000307s ]
INFO: [ app_begin ] --START--
INFO: Run Behavior\ReadHtmlCacheBehavior [ RunTime:0.000373s ]
INFO: [ app_begin ] --END-- [ RunTime:0.000457s ]
SQL: SHOW COLUMNS FROM `menu` [ RunTime:0.0006s ]
SQL: UPDATE `menu` SET `status`='-1' WHERE ( menu_id=33 ) [ RunTime:0.0024s ]

[ 2017-09-11T18:21:45+08:00 ] 127.0.0.1 /admin.php/menu
INFO: [ app_init ] --START--
INFO: Run Behavior\BuildLiteBehavior [ RunTime:0.000028s ]
INFO: [ app_init ] --END-- [ RunTime:0.000468s ]

[ 2017-09-11T18:21:49+08:00 ] 127.0.0.1 /admin.php/Menu/index/p/3.html
INFO: [ app_init ] --START--
INFO: Run Behavior\BuildLiteBehavior [ RunTime:0.000020s ]
INFO: [ app_init ] --END-- [ RunTime:0.000306s ]

[ 2017-09-11T18:21:53+08:00 ] 127.0.0.1 /admin.php/Menu/index/p/2.html
INFO: [ app_init ] --START--
INFO: Run Behavior\BuildLiteBehavior [ RunTime:0.000024s ]
INFO: [ app_init ] --END-- [ RunTime:0.000296s ]

[ 2017-09-11T18:22:01+08:00 ] 127.0.0.1 /admin.php/Menu/index/p/1.html
INFO: [ app_init ] --START--
INFO: Run Behavior\BuildLiteBehavior [ RunTime:0.000021s ]
INFO: [ app_init ] --END-- [ RunTime:0.000291s ]

