[ 2017-10-18T15:29:16+08:00 ] 127.0.0.1 /admin.php/content/add
INFO: [ app_init ] --START--
INFO: Run Behavior\BuildLiteBehavior [ RunTime:0.000060s ]
INFO: [ app_init ] --END-- [ RunTime:0.002243s ]

[ 2017-10-18T15:29:18+08:00 ] 127.0.0.1 /admin.php/content/
INFO: [ app_init ] --START--
INFO: Run Behavior\BuildLiteBehavior [ RunTime:0.000025s ]
INFO: [ app_init ] --END-- [ RunTime:0.000453s ]

[ 2017-10-18T15:30:10+08:00 ] 127.0.0.1 /admin.php/content/add
INFO: [ app_init ] --START--
INFO: Run Behavior\BuildLiteBehavior [ RunTime:0.000026s ]
INFO: [ app_init ] --END-- [ RunTime:0.000698s ]

[ 2017-10-18T15:30:11+08:00 ] 127.0.0.1 /admin.php/content/
INFO: [ app_init ] --START--
INFO: Run Behavior\BuildLiteBehavior [ RunTime:0.000024s ]
INFO: [ app_init ] --END-- [ RunTime:0.000303s ]

[ 2017-10-18T15:30:13+08:00 ] 127.0.0.1 /admin.php/content/add
INFO: [ app_init ] --START--
INFO: Run Behavior\BuildLiteBehavior [ RunTime:0.000020s ]
INFO: [ app_init ] --END-- [ RunTime:0.000278s ]

[ 2017-10-18T15:30:14+08:00 ] 127.0.0.1 /admin.php/content/
INFO: [ app_init ] --START--
INFO: Run Behavior\BuildLiteBehavior [ RunTime:0.000017s ]
INFO: [ app_init ] --END-- [ RunTime:0.000267s ]

[ 2017-10-18T15:30:14+08:00 ] 127.0.0.1 /admin.php/content/add
INFO: [ app_init ] --START--
INFO: Run Behavior\BuildLiteBehavior [ RunTime:0.000031s ]
INFO: [ app_init ] --END-- [ RunTime:0.000366s ]

[ 2017-10-18T15:30:15+08:00 ] 127.0.0.1 /admin.php/content/
INFO: [ app_init ] --START--
INFO: Run Behavior\BuildLiteBehavior [ RunTime:0.000017s ]
INFO: [ app_init ] --END-- [ RunTime:0.000241s ]

[ 2017-10-18T15:30:16+08:00 ] 127.0.0.1 /admin.php/content/add
INFO: [ app_init ] --START--
INFO: Run Behavior\BuildLiteBehavior [ RunTime:0.000020s ]
INFO: [ app_init ] --END-- [ RunTime:0.000288s ]

[ 2017-10-18T15:30:16+08:00 ] 127.0.0.1 /admin.php/content/add
INFO: [ app_init ] --START--
INFO: Run Behavior\BuildLiteBehavior [ RunTime:0.000035s ]
INFO: [ app_init ] --END-- [ RunTime:0.000651s ]

[ 2017-10-18T15:30:16+08:00 ] 127.0.0.1 /admin.php/content/add
INFO: [ app_init ] --START--
INFO: Run Behavior\BuildLiteBehavior [ RunTime:0.000022s ]
INFO: [ app_init ] --END-- [ RunTime:0.000400s ]

[ 2017-10-18T15:30:16+08:00 ] 127.0.0.1 /admin.php/content/add
INFO: [ app_init ] --START--
INFO: Run Behavior\BuildLiteBehavior [ RunTime:0.000023s ]
INFO: [ app_init ] --END-- [ RunTime:0.000357s ]

[ 2017-10-18T15:30:16+08:00 ] 127.0.0.1 /admin.php/content/add
INFO: [ app_init ] --START--
INFO: Run Behavior\BuildLiteBehavior [ RunTime:0.000023s ]
INFO: [ app_init ] --END-- [ RunTime:0.000302s ]

[ 2017-10-18T15:30:16+08:00 ] 127.0.0.1 /admin.php/content/add
INFO: [ app_init ] --START--
INFO: Run Behavior\BuildLiteBehavior [ RunTime:0.000025s ]
INFO: [ app_init ] --END-- [ RunTime:0.000392s ]

[ 2017-10-18T15:30:17+08:00 ] 127.0.0.1 /admin.php/content/
INFO: [ app_init ] --START--
INFO: Run Behavior\BuildLiteBehavior [ RunTime:0.000015s ]
INFO: [ app_init ] --END-- [ RunTime:0.000229s ]

[ 2017-10-18T15:30:43+08:00 ] 127.0.0.1 /admin.php/content/add
INFO: [ app_init ] --START--
INFO: Run Behavior\BuildLiteBehavior [ RunTime:0.000025s ]
INFO: [ app_init ] --END-- [ RunTime:0.000884s ]

[ 2017-10-18T15:30:45+08:00 ] 127.0.0.1 /admin.php/content/
INFO: [ app_init ] --START--
INFO: Run Behavior\BuildLiteBehavior [ RunTime:0.000024s ]
INFO: [ app_init ] --END-- [ RunTime:0.000370s ]

[ 2017-10-18T15:30:51+08:00 ] 127.0.0.1 /admin.php/content/add
INFO: [ app_init ] --START--
INFO: Run Behavior\BuildLiteBehavior [ RunTime:0.000045s ]
INFO: [ app_init ] --END-- [ RunTime:0.001379s ]

[ 2017-10-18T15:30:52+08:00 ] 127.0.0.1 /admin.php/content/
INFO: [ app_init ] --START--
INFO: Run Behavior\BuildLiteBehavior [ RunTime:0.000023s ]
INFO: [ app_init ] --END-- [ RunTime:0.000335s ]

[ 2017-10-18T15:31:00+08:00 ] 127.0.0.1 /admin.php/image/ajaxuploadimage
INFO: [ app_init ] --START--
INFO: Run Behavior\BuildLiteBehavior [ RunTime:0.000041s ]
INFO: [ app_init ] --END-- [ RunTime:0.000584s ]

[ 2017-10-18T15:31:10+08:00 ] 127.0.0.1 /admin.php/content/add
INFO: [ app_init ] --START--
INFO: Run Behavior\BuildLiteBehavior [ RunTime:0.000027s ]
INFO: [ app_init ] --END-- [ RunTime:0.000478s ]
INFO: [ app_begin ] --START--
INFO: Run Behavior\ReadHtmlCacheBehavior [ RunTime:0.000338s ]
INFO: [ app_begin ] --END-- [ RunTime:0.000427s ]
INFO: [ view_parse ] --START--
INFO: [ template_filter ] --START--
INFO: Run Behavior\ContentReplaceBehavior [ RunTime:0.000085s ]
INFO: [ template_filter ] --END-- [ RunTime:0.000178s ]
SQL: SHOW COLUMNS FROM `menu` [ RunTime:0.0007s ]
SQL: SELECT * FROM `menu` WHERE `status` = 1 AND `type` = 1 ORDER BY menu_id  [ RunTime:0.0011s ]
NOTIC: [8] Undefined variable: titleFontColor /Applications/XAMPP/xamppfiles/htdocs/news/Application/Runtime/Cache/Admin/e2744aea2724da3a85f9df759ede898a.php 第 104 行.
NOTIC: [8] Undefined variable: webSiteMenu /Applications/XAMPP/xamppfiles/htdocs/news/Application/Runtime/Cache/Admin/e2744aea2724da3a85f9df759ede898a.php 第 112 行.
NOTIC: [8] Undefined variable: copyfrom /Applications/XAMPP/xamppfiles/htdocs/news/Application/Runtime/Cache/Admin/e2744aea2724da3a85f9df759ede898a.php 第 120 行.
INFO: Run Behavior\ParseTemplateBehavior [ RunTime:0.028150s ]
INFO: [ view_parse ] --END-- [ RunTime:0.028236s ]
INFO: [ view_filter ] --START--
INFO: Run Behavior\WriteHtmlCacheBehavior [ RunTime:0.000559s ]
INFO: [ view_filter ] --END-- [ RunTime:0.000668s ]
INFO: [ app_end ] --START--
INFO: Run Behavior\ShowPageTraceBehavior [ RunTime:0.000892s ]
INFO: [ app_end ] --END-- [ RunTime:0.001019s ]

