[ 2017-10-19T14:10:08+08:00 ] 127.0.0.1 /admin.php/content/add
INFO: [ app_init ] --START--
INFO: Run Behavior\BuildLiteBehavior [ RunTime:0.000033s ]
INFO: [ app_init ] --END-- [ RunTime:0.001480s ]

[ 2017-10-19T14:10:10+08:00 ] 127.0.0.1 /admin.php/content/
INFO: [ app_init ] --START--
INFO: Run Behavior\BuildLiteBehavior [ RunTime:0.000031s ]
INFO: [ app_init ] --END-- [ RunTime:0.000690s ]

[ 2017-10-19T14:34:54+08:00 ] 127.0.0.1 /admin.php/content/add
INFO: [ app_init ] --START--
INFO: Run Behavior\BuildLiteBehavior [ RunTime:0.000019s ]
INFO: [ app_init ] --END-- [ RunTime:0.000564s ]

[ 2017-10-19T14:34:56+08:00 ] 127.0.0.1 /admin.php/content/
INFO: [ app_init ] --START--
INFO: Run Behavior\BuildLiteBehavior [ RunTime:0.000033s ]
INFO: [ app_init ] --END-- [ RunTime:0.000465s ]

[ 2017-10-19T14:35:08+08:00 ] 127.0.0.1 /admin.php/image/kindupload?dir=image
INFO: [ app_init ] --START--
INFO: Run Behavior\BuildLiteBehavior [ RunTime:0.000038s ]
INFO: [ app_init ] --END-- [ RunTime:0.000573s ]

[ 2017-10-19T14:35:39+08:00 ] 127.0.0.1 /admin.php/image/kindupload?dir=image
INFO: [ app_init ] --START--
INFO: Run Behavior\BuildLiteBehavior [ RunTime:0.000053s ]
INFO: [ app_init ] --END-- [ RunTime:0.000884s ]

[ 2017-10-19T14:35:39+08:00 ] 127.0.0.1 /admin.php/image/kindupload?dir=image
INFO: [ app_init ] --START--
INFO: Run Behavior\BuildLiteBehavior [ RunTime:0.000029s ]
INFO: [ app_init ] --END-- [ RunTime:0.000441s ]

[ 2017-10-19T14:36:05+08:00 ] 127.0.0.1 /admin.php/content/add
INFO: [ app_init ] --START--
INFO: Run Behavior\BuildLiteBehavior [ RunTime:0.000036s ]
INFO: [ app_init ] --END-- [ RunTime:0.001030s ]

[ 2017-10-19T14:36:07+08:00 ] 127.0.0.1 /admin.php/content/
INFO: [ app_init ] --START--
INFO: Run Behavior\BuildLiteBehavior [ RunTime:0.000030s ]
INFO: [ app_init ] --END-- [ RunTime:0.000433s ]

[ 2017-10-19T16:17:04+08:00 ] 127.0.0.1 /admin.php/content/add
INFO: [ app_init ] --START--
INFO: Run Behavior\BuildLiteBehavior [ RunTime:0.000033s ]
INFO: [ app_init ] --END-- [ RunTime:0.000839s ]

[ 2017-10-19T16:18:38+08:00 ] 127.0.0.1 /admin.php/content/add
INFO: [ app_init ] --START--
INFO: Run Behavior\BuildLiteBehavior [ RunTime:0.000038s ]
INFO: [ app_init ] --END-- [ RunTime:0.000814s ]

[ 2017-10-19T16:20:42+08:00 ] 127.0.0.1 /admin.php/content/add
INFO: [ app_init ] --START--
INFO: Run Behavior\BuildLiteBehavior [ RunTime:0.000027s ]
INFO: [ app_init ] --END-- [ RunTime:0.000883s ]

[ 2017-10-19T16:20:44+08:00 ] 127.0.0.1 /admin.php/content/add
INFO: [ app_init ] --START--
INFO: Run Behavior\BuildLiteBehavior [ RunTime:0.000030s ]
INFO: [ app_init ] --END-- [ RunTime:0.000447s ]

[ 2017-10-19T16:21:00+08:00 ] 127.0.0.1 /admin.php/content/add
INFO: [ app_init ] --START--
INFO: Run Behavior\BuildLiteBehavior [ RunTime:0.000031s ]
INFO: [ app_init ] --END-- [ RunTime:0.001455s ]

[ 2017-10-19T16:21:05+08:00 ] 127.0.0.1 /admin.php/content
INFO: [ app_init ] --START--
INFO: Run Behavior\BuildLiteBehavior [ RunTime:0.000018s ]
INFO: [ app_init ] --END-- [ RunTime:0.000263s ]
ERR: Think\Model:getNews方法不存在！

[ 2017-10-19T16:21:25+08:00 ] 127.0.0.1 /admin.php/content
INFO: [ app_init ] --START--
INFO: Run Behavior\BuildLiteBehavior [ RunTime:0.000028s ]
INFO: [ app_init ] --END-- [ RunTime:0.000777s ]

[ 2017-10-19T16:21:32+08:00 ] 127.0.0.1 /admin.php/content/add
INFO: [ app_init ] --START--
INFO: Run Behavior\BuildLiteBehavior [ RunTime:0.000027s ]
INFO: [ app_init ] --END-- [ RunTime:0.000424s ]

[ 2017-10-19T16:22:17+08:00 ] 127.0.0.1 /admin.php/content/add
INFO: [ app_init ] --START--
INFO: Run Behavior\BuildLiteBehavior [ RunTime:0.000032s ]
INFO: [ app_init ] --END-- [ RunTime:0.000594s ]

[ 2017-10-19T16:22:19+08:00 ] 127.0.0.1 /admin.php/content/
INFO: [ app_init ] --START--
INFO: Run Behavior\BuildLiteBehavior [ RunTime:0.000032s ]
INFO: [ app_init ] --END-- [ RunTime:0.000536s ]

[ 2017-10-19T16:22:31+08:00 ] 127.0.0.1 /admin.php/content/add
INFO: [ app_init ] --START--
INFO: Run Behavior\BuildLiteBehavior [ RunTime:0.000049s ]
INFO: [ app_init ] --END-- [ RunTime:0.001235s ]

[ 2017-10-19T16:22:46+08:00 ] 127.0.0.1 /admin.php/content
INFO: [ app_init ] --START--
INFO: Run Behavior\BuildLiteBehavior [ RunTime:0.000032s ]
INFO: [ app_init ] --END-- [ RunTime:0.000438s ]

[ 2017-10-19T16:22:49+08:00 ] 127.0.0.1 /admin.php/content/add
INFO: [ app_init ] --START--
INFO: Run Behavior\BuildLiteBehavior [ RunTime:0.000045s ]
INFO: [ app_init ] --END-- [ RunTime:0.000685s ]

[ 2017-10-19T16:24:48+08:00 ] 127.0.0.1 /admin.php/content/add
INFO: [ app_init ] --START--
INFO: Run Behavior\BuildLiteBehavior [ RunTime:0.000037s ]
INFO: [ app_init ] --END-- [ RunTime:0.000809s ]

[ 2017-10-19T16:25:04+08:00 ] 127.0.0.1 /admin.php/content/add
INFO: [ app_init ] --START--
INFO: Run Behavior\BuildLiteBehavior [ RunTime:0.000031s ]
INFO: [ app_init ] --END-- [ RunTime:0.000491s ]

[ 2017-10-19T16:25:21+08:00 ] 127.0.0.1 /admin.php/content/add
INFO: [ app_init ] --START--
INFO: Run Behavior\BuildLiteBehavior [ RunTime:0.000020s ]
INFO: [ app_init ] --END-- [ RunTime:0.000630s ]

[ 2017-10-19T16:25:32+08:00 ] 127.0.0.1 /admin.php/content/add
INFO: [ app_init ] --START--
INFO: Run Behavior\BuildLiteBehavior [ RunTime:0.000038s ]
INFO: [ app_init ] --END-- [ RunTime:0.000592s ]

[ 2017-10-19T16:26:47+08:00 ] 127.0.0.1 /admin.php/content/add
INFO: [ app_init ] --START--
INFO: Run Behavior\BuildLiteBehavior [ RunTime:0.000037s ]
INFO: [ app_init ] --END-- [ RunTime:0.001024s ]

[ 2017-10-19T16:26:49+08:00 ] 127.0.0.1 /admin.php/content/
INFO: [ app_init ] --START--
INFO: Run Behavior\BuildLiteBehavior [ RunTime:0.000024s ]
INFO: [ app_init ] --END-- [ RunTime:0.000373s ]

[ 2017-10-19T16:28:59+08:00 ] 127.0.0.1 /admin.php/content/add
INFO: [ app_init ] --START--
INFO: Run Behavior\BuildLiteBehavior [ RunTime:0.000021s ]
INFO: [ app_init ] --END-- [ RunTime:0.000660s ]

[ 2017-10-19T16:29:01+08:00 ] 127.0.0.1 /admin.php/content/
INFO: [ app_init ] --START--
INFO: Run Behavior\BuildLiteBehavior [ RunTime:0.000040s ]
INFO: [ app_init ] --END-- [ RunTime:0.000514s ]

[ 2017-10-19T16:29:37+08:00 ] 127.0.0.1 /admin.php/content/add
INFO: [ app_init ] --START--
INFO: Run Behavior\BuildLiteBehavior [ RunTime:0.000037s ]
INFO: [ app_init ] --END-- [ RunTime:0.000894s ]

[ 2017-10-19T16:30:39+08:00 ] 127.0.0.1 /admin.php/content/add
INFO: [ app_init ] --START--
INFO: Run Behavior\BuildLiteBehavior [ RunTime:0.000020s ]
INFO: [ app_init ] --END-- [ RunTime:0.000578s ]

[ 2017-10-19T16:30:59+08:00 ] 127.0.0.1 /admin.php/content
INFO: [ app_init ] --START--
INFO: Run Behavior\BuildLiteBehavior [ RunTime:0.000030s ]
INFO: [ app_init ] --END-- [ RunTime:0.000655s ]

[ 2017-10-19T16:31:00+08:00 ] 127.0.0.1 /admin.php/content/add
INFO: [ app_init ] --START--
INFO: Run Behavior\BuildLiteBehavior [ RunTime:0.000036s ]
INFO: [ app_init ] --END-- [ RunTime:0.000869s ]

[ 2017-10-19T16:31:02+08:00 ] 127.0.0.1 /admin.php/content/
INFO: [ app_init ] --START--
INFO: Run Behavior\BuildLiteBehavior [ RunTime:0.000033s ]
INFO: [ app_init ] --END-- [ RunTime:0.000481s ]

[ 2017-10-19T16:31:05+08:00 ] 127.0.0.1 /admin.php/menu/index
INFO: [ app_init ] --START--
INFO: Run Behavior\BuildLiteBehavior [ RunTime:0.000020s ]
INFO: [ app_init ] --END-- [ RunTime:0.000283s ]

[ 2017-10-19T16:31:09+08:00 ] 127.0.0.1 /admin.php/menu/setStatus
INFO: [ app_init ] --START--
INFO: Run Behavior\BuildLiteBehavior [ RunTime:0.000020s ]
INFO: [ app_init ] --END-- [ RunTime:0.000372s ]
INFO: [ app_begin ] --START--
INFO: Run Behavior\ReadHtmlCacheBehavior [ RunTime:0.000384s ]
INFO: [ app_begin ] --END-- [ RunTime:0.000468s ]
SQL: SHOW COLUMNS FROM `menu` [ RunTime:0.0011s ]
SQL: UPDATE `menu` SET `status`='-1' WHERE ( menu_id=47 ) [ RunTime:0.0159s ]

[ 2017-10-19T16:31:10+08:00 ] 127.0.0.1 /admin.php/menu/index
INFO: [ app_init ] --START--
INFO: Run Behavior\BuildLiteBehavior [ RunTime:0.000020s ]
INFO: [ app_init ] --END-- [ RunTime:0.000239s ]

[ 2017-10-19T16:31:13+08:00 ] 127.0.0.1 /admin.php/content/index
INFO: [ app_init ] --START--
INFO: Run Behavior\BuildLiteBehavior [ RunTime:0.000019s ]
INFO: [ app_init ] --END-- [ RunTime:0.000299s ]

[ 2017-10-19T16:31:16+08:00 ] 127.0.0.1 /admin.php/content/add
INFO: [ app_init ] --START--
INFO: Run Behavior\BuildLiteBehavior [ RunTime:0.000030s ]
INFO: [ app_init ] --END-- [ RunTime:0.000462s ]

[ 2017-10-19T16:31:18+08:00 ] 127.0.0.1 /admin.php/content/
INFO: [ app_init ] --START--
INFO: Run Behavior\BuildLiteBehavior [ RunTime:0.000024s ]
INFO: [ app_init ] --END-- [ RunTime:0.000361s ]

