[ 2017-10-17T15:50:24+08:00 ] 127.0.0.1 /admin.php/login
INFO: [ app_init ] --START--
INFO: Run Behavior\BuildLiteBehavior [ RunTime:0.000026s ]
INFO: [ app_init ] --END-- [ RunTime:0.001238s ]

[ 2017-10-17T15:50:24+08:00 ] 127.0.0.1 /admin.php/index.html
INFO: [ app_init ] --START--
INFO: Run Behavior\BuildLiteBehavior [ RunTime:0.000024s ]
INFO: [ app_init ] --END-- [ RunTime:0.000352s ]

[ 2017-10-17T15:50:28+08:00 ] 127.0.0.1 /admin.php/content/index
INFO: [ app_init ] --START--
INFO: Run Behavior\BuildLiteBehavior [ RunTime:0.000036s ]
INFO: [ app_init ] --END-- [ RunTime:0.000452s ]

[ 2017-10-17T15:50:29+08:00 ] 127.0.0.1 /admin.php/positioncontent/index
INFO: [ app_init ] --START--
INFO: Run Behavior\BuildLiteBehavior [ RunTime:0.000019s ]
INFO: [ app_init ] --END-- [ RunTime:0.000283s ]
ERR: 无法加载控制器:Positioncontent

[ 2017-10-17T15:50:32+08:00 ] 127.0.0.1 /admin.php?c=content&a=add
INFO: [ app_init ] --START--
INFO: Run Behavior\BuildLiteBehavior [ RunTime:0.000044s ]
INFO: [ app_init ] --END-- [ RunTime:0.000754s ]

[ 2017-10-17T15:50:48+08:00 ] 127.0.0.1 /admin.php?c=content&a=add
INFO: [ app_init ] --START--
INFO: Run Behavior\BuildLiteBehavior [ RunTime:0.000026s ]
INFO: [ app_init ] --END-- [ RunTime:0.000390s ]

[ 2017-10-17T15:51:40+08:00 ] 127.0.0.1 /admin.php?c=content&a=add
INFO: [ app_init ] --START--
INFO: Run Behavior\BuildLiteBehavior [ RunTime:0.000025s ]
INFO: [ app_init ] --END-- [ RunTime:0.000657s ]

[ 2017-10-17T15:51:42+08:00 ] 127.0.0.1 /admin.php?c=content&a=add
INFO: [ app_init ] --START--
INFO: Run Behavior\BuildLiteBehavior [ RunTime:0.000019s ]
INFO: [ app_init ] --END-- [ RunTime:0.000301s ]

[ 2017-10-17T15:57:18+08:00 ] 127.0.0.1 /admin.php/content/index
INFO: [ app_init ] --START--
INFO: Run Behavior\BuildLiteBehavior [ RunTime:0.000024s ]
INFO: [ app_init ] --END-- [ RunTime:0.000870s ]

[ 2017-10-17T15:57:20+08:00 ] 127.0.0.1 /admin.php/content/add
INFO: [ app_init ] --START--
INFO: Run Behavior\BuildLiteBehavior [ RunTime:0.000026s ]
INFO: [ app_init ] --END-- [ RunTime:0.000866s ]

[ 2017-10-17T15:57:20+08:00 ] 127.0.0.1 /admin.php/content/__Public__js/kindeditor/kindeditor-all.js
INFO: [ app_init ] --START--
INFO: Run Behavior\BuildLiteBehavior [ RunTime:0.000023s ]
INFO: [ app_init ] --END-- [ RunTime:0.000351s ]
ERR: 非法操作:__Public__js

[ 2017-10-17T15:57:20+08:00 ] 127.0.0.1 /admin.php/content/__Public__/js/admin/image.js
INFO: [ app_init ] --START--
INFO: Run Behavior\BuildLiteBehavior [ RunTime:0.000035s ]
INFO: [ app_init ] --END-- [ RunTime:0.000477s ]
ERR: 非法操作:__Public__

[ 2017-10-17T15:57:20+08:00 ] 127.0.0.1 /admin.php/content/__Public__js/kindeditor/kindeditor-all.js
INFO: [ app_init ] --START--
INFO: Run Behavior\BuildLiteBehavior [ RunTime:0.000017s ]
INFO: [ app_init ] --END-- [ RunTime:0.000277s ]
ERR: 非法操作:__Public__js

[ 2017-10-17T15:57:20+08:00 ] 127.0.0.1 /admin.php/content/__Public__/js/admin/image.js
INFO: [ app_init ] --START--
INFO: Run Behavior\BuildLiteBehavior [ RunTime:0.000035s ]
INFO: [ app_init ] --END-- [ RunTime:0.000607s ]
ERR: 非法操作:__Public__

[ 2017-10-17T16:02:34+08:00 ] 127.0.0.1 /admin.php/content/add
INFO: [ app_init ] --START--
INFO: Run Behavior\BuildLiteBehavior [ RunTime:0.000035s ]
INFO: [ app_init ] --END-- [ RunTime:0.000697s ]

[ 2017-10-17T16:03:55+08:00 ] 127.0.0.1 /admin.php/content/add
INFO: [ app_init ] --START--
INFO: Run Behavior\BuildLiteBehavior [ RunTime:0.000030s ]
INFO: [ app_init ] --END-- [ RunTime:0.000443s ]

[ 2017-10-17T16:03:55+08:00 ] 127.0.0.1 /admin.php/content/__Public__/js/admin/image.js
INFO: [ app_init ] --START--
INFO: Run Behavior\BuildLiteBehavior [ RunTime:0.000029s ]
INFO: [ app_init ] --END-- [ RunTime:0.000501s ]
ERR: 非法操作:__Public__

[ 2017-10-17T16:03:55+08:00 ] 127.0.0.1 /admin.php/content/__Public__/js/admin/image.js
INFO: [ app_init ] --START--
INFO: Run Behavior\BuildLiteBehavior [ RunTime:0.000021s ]
INFO: [ app_init ] --END-- [ RunTime:0.000296s ]
ERR: 非法操作:__Public__

[ 2017-10-17T16:04:07+08:00 ] 127.0.0.1 /admin.php/content/add
INFO: [ app_init ] --START--
INFO: Run Behavior\BuildLiteBehavior [ RunTime:0.000026s ]
INFO: [ app_init ] --END-- [ RunTime:0.000390s ]

[ 2017-10-17T16:04:07+08:00 ] 127.0.0.1 /admin.php/content/__Public__/js/admin/image.js
INFO: [ app_init ] --START--
INFO: Run Behavior\BuildLiteBehavior [ RunTime:0.000031s ]
INFO: [ app_init ] --END-- [ RunTime:0.000485s ]
ERR: 非法操作:__Public__

[ 2017-10-17T16:04:08+08:00 ] 127.0.0.1 /admin.php/content/__Public__/js/admin/image.js
INFO: [ app_init ] --START--
INFO: Run Behavior\BuildLiteBehavior [ RunTime:0.000020s ]
INFO: [ app_init ] --END-- [ RunTime:0.000289s ]
ERR: 非法操作:__Public__

[ 2017-10-17T16:04:20+08:00 ] 127.0.0.1 /admin.php/content/add
INFO: [ app_init ] --START--
INFO: Run Behavior\BuildLiteBehavior [ RunTime:0.000027s ]
INFO: [ app_init ] --END-- [ RunTime:0.000387s ]
INFO: [ app_begin ] --START--
INFO: Run Behavior\ReadHtmlCacheBehavior [ RunTime:0.000355s ]
INFO: [ app_begin ] --END-- [ RunTime:0.000427s ]
INFO: [ view_parse ] --START--
INFO: [ template_filter ] --START--
INFO: Run Behavior\ContentReplaceBehavior [ RunTime:0.000076s ]
INFO: [ template_filter ] --END-- [ RunTime:0.000150s ]
SQL: SHOW COLUMNS FROM `menu` [ RunTime:0.0006s ]
SQL: SELECT * FROM `menu` WHERE `status` = 1 AND `type` = 1 ORDER BY menu_id  [ RunTime:0.0004s ]
NOTIC: [8] Undefined variable: titleFontColor /Applications/XAMPP/xamppfiles/htdocs/news/Application/Runtime/Cache/Admin/e2744aea2724da3a85f9df759ede898a.php 第 109 行.
NOTIC: [8] Undefined variable: webSiteMenu /Applications/XAMPP/xamppfiles/htdocs/news/Application/Runtime/Cache/Admin/e2744aea2724da3a85f9df759ede898a.php 第 118 行.
NOTIC: [8] Undefined variable: copyfrom /Applications/XAMPP/xamppfiles/htdocs/news/Application/Runtime/Cache/Admin/e2744aea2724da3a85f9df759ede898a.php 第 126 行.
INFO: Run Behavior\ParseTemplateBehavior [ RunTime:0.017507s ]
INFO: [ view_parse ] --END-- [ RunTime:0.017572s ]
INFO: [ view_filter ] --START--
INFO: Run Behavior\WriteHtmlCacheBehavior [ RunTime:0.000166s ]
INFO: [ view_filter ] --END-- [ RunTime:0.000216s ]
INFO: [ app_end ] --START--
INFO: Run Behavior\ShowPageTraceBehavior [ RunTime:0.000348s ]
INFO: [ app_end ] --END-- [ RunTime:0.000405s ]

[ 2017-10-17T16:04:21+08:00 ] 127.0.0.1 /admin.php/content/add
INFO: [ app_init ] --START--
INFO: Run Behavior\BuildLiteBehavior [ RunTime:0.000021s ]
INFO: [ app_init ] --END-- [ RunTime:0.000337s ]
INFO: [ app_begin ] --START--
INFO: Run Behavior\ReadHtmlCacheBehavior [ RunTime:0.000304s ]
INFO: [ app_begin ] --END-- [ RunTime:0.000370s ]
INFO: [ view_parse ] --START--
INFO: [ template_filter ] --START--
INFO: Run Behavior\ContentReplaceBehavior [ RunTime:0.000057s ]
INFO: [ template_filter ] --END-- [ RunTime:0.000148s ]
SQL: SHOW COLUMNS FROM `menu` [ RunTime:0.0006s ]
SQL: SELECT * FROM `menu` WHERE `status` = 1 AND `type` = 1 ORDER BY menu_id  [ RunTime:0.0003s ]
NOTIC: [8] Undefined variable: titleFontColor /Applications/XAMPP/xamppfiles/htdocs/news/Application/Runtime/Cache/Admin/e2744aea2724da3a85f9df759ede898a.php 第 109 行.
NOTIC: [8] Undefined variable: webSiteMenu /Applications/XAMPP/xamppfiles/htdocs/news/Application/Runtime/Cache/Admin/e2744aea2724da3a85f9df759ede898a.php 第 118 行.
NOTIC: [8] Undefined variable: copyfrom /Applications/XAMPP/xamppfiles/htdocs/news/Application/Runtime/Cache/Admin/e2744aea2724da3a85f9df759ede898a.php 第 126 行.
INFO: Run Behavior\ParseTemplateBehavior [ RunTime:0.016758s ]
INFO: [ view_parse ] --END-- [ RunTime:0.016819s ]
INFO: [ view_filter ] --START--
INFO: Run Behavior\WriteHtmlCacheBehavior [ RunTime:0.000174s ]
INFO: [ view_filter ] --END-- [ RunTime:0.000229s ]
INFO: [ app_end ] --START--
INFO: Run Behavior\ShowPageTraceBehavior [ RunTime:0.000400s ]
INFO: [ app_end ] --END-- [ RunTime:0.000484s ]

[ 2017-10-17T16:07:07+08:00 ] 127.0.0.1 /admin.php/content/add
INFO: [ app_init ] --START--
INFO: Run Behavior\BuildLiteBehavior [ RunTime:0.000025s ]
INFO: [ app_init ] --END-- [ RunTime:0.000388s ]
INFO: [ app_begin ] --START--
INFO: Run Behavior\ReadHtmlCacheBehavior [ RunTime:0.000429s ]
INFO: [ app_begin ] --END-- [ RunTime:0.000518s ]
INFO: [ view_parse ] --START--
INFO: [ template_filter ] --START--
INFO: Run Behavior\ContentReplaceBehavior [ RunTime:0.000057s ]
INFO: [ template_filter ] --END-- [ RunTime:0.000132s ]
SQL: SHOW COLUMNS FROM `menu` [ RunTime:0.0007s ]
SQL: SELECT * FROM `menu` WHERE `status` = 1 AND `type` = 1 ORDER BY menu_id  [ RunTime:0.0004s ]
NOTIC: [8] Undefined variable: titleFontColor /Applications/XAMPP/xamppfiles/htdocs/news/Application/Runtime/Cache/Admin/e2744aea2724da3a85f9df759ede898a.php 第 109 行.
NOTIC: [8] Undefined variable: webSiteMenu /Applications/XAMPP/xamppfiles/htdocs/news/Application/Runtime/Cache/Admin/e2744aea2724da3a85f9df759ede898a.php 第 118 行.
NOTIC: [8] Undefined variable: copyfrom /Applications/XAMPP/xamppfiles/htdocs/news/Application/Runtime/Cache/Admin/e2744aea2724da3a85f9df759ede898a.php 第 126 行.
INFO: Run Behavior\ParseTemplateBehavior [ RunTime:0.017720s ]
INFO: [ view_parse ] --END-- [ RunTime:0.017794s ]
INFO: [ view_filter ] --START--
INFO: Run Behavior\WriteHtmlCacheBehavior [ RunTime:0.000272s ]
INFO: [ view_filter ] --END-- [ RunTime:0.000357s ]
INFO: [ app_end ] --START--
INFO: Run Behavior\ShowPageTraceBehavior [ RunTime:0.000541s ]
INFO: [ app_end ] --END-- [ RunTime:0.000625s ]

[ 2017-10-17T16:07:07+08:00 ] 127.0.0.1 /admin.php/content/add
INFO: [ app_init ] --START--
INFO: Run Behavior\BuildLiteBehavior [ RunTime:0.000019s ]
INFO: [ app_init ] --END-- [ RunTime:0.000361s ]
INFO: [ app_begin ] --START--
INFO: Run Behavior\ReadHtmlCacheBehavior [ RunTime:0.000374s ]
INFO: [ app_begin ] --END-- [ RunTime:0.000443s ]
INFO: [ view_parse ] --START--
INFO: [ template_filter ] --START--
INFO: Run Behavior\ContentReplaceBehavior [ RunTime:0.000082s ]
INFO: [ template_filter ] --END-- [ RunTime:0.000177s ]
SQL: SHOW COLUMNS FROM `menu` [ RunTime:0.0008s ]
SQL: SELECT * FROM `menu` WHERE `status` = 1 AND `type` = 1 ORDER BY menu_id  [ RunTime:0.0004s ]
NOTIC: [8] Undefined variable: titleFontColor /Applications/XAMPP/xamppfiles/htdocs/news/Application/Runtime/Cache/Admin/e2744aea2724da3a85f9df759ede898a.php 第 109 行.
NOTIC: [8] Undefined variable: webSiteMenu /Applications/XAMPP/xamppfiles/htdocs/news/Application/Runtime/Cache/Admin/e2744aea2724da3a85f9df759ede898a.php 第 118 行.
NOTIC: [8] Undefined variable: copyfrom /Applications/XAMPP/xamppfiles/htdocs/news/Application/Runtime/Cache/Admin/e2744aea2724da3a85f9df759ede898a.php 第 126 行.
INFO: Run Behavior\ParseTemplateBehavior [ RunTime:0.016625s ]
INFO: [ view_parse ] --END-- [ RunTime:0.016688s ]
INFO: [ view_filter ] --START--
INFO: Run Behavior\WriteHtmlCacheBehavior [ RunTime:0.000182s ]
INFO: [ view_filter ] --END-- [ RunTime:0.000239s ]
INFO: [ app_end ] --START--
INFO: Run Behavior\ShowPageTraceBehavior [ RunTime:0.000330s ]
INFO: [ app_end ] --END-- [ RunTime:0.000389s ]

[ 2017-10-17T16:07:08+08:00 ] 127.0.0.1 /admin.php/content/add
INFO: [ app_init ] --START--
INFO: Run Behavior\BuildLiteBehavior [ RunTime:0.000018s ]
INFO: [ app_init ] --END-- [ RunTime:0.000280s ]
INFO: [ app_begin ] --START--
INFO: Run Behavior\ReadHtmlCacheBehavior [ RunTime:0.000360s ]
INFO: [ app_begin ] --END-- [ RunTime:0.000429s ]
INFO: [ view_parse ] --START--
INFO: [ template_filter ] --START--
INFO: Run Behavior\ContentReplaceBehavior [ RunTime:0.000073s ]
INFO: [ template_filter ] --END-- [ RunTime:0.000154s ]
SQL: SHOW COLUMNS FROM `menu` [ RunTime:0.0006s ]
SQL: SELECT * FROM `menu` WHERE `status` = 1 AND `type` = 1 ORDER BY menu_id  [ RunTime:0.0003s ]
NOTIC: [8] Undefined variable: titleFontColor /Applications/XAMPP/xamppfiles/htdocs/news/Application/Runtime/Cache/Admin/e2744aea2724da3a85f9df759ede898a.php 第 109 行.
NOTIC: [8] Undefined variable: webSiteMenu /Applications/XAMPP/xamppfiles/htdocs/news/Application/Runtime/Cache/Admin/e2744aea2724da3a85f9df759ede898a.php 第 118 行.
NOTIC: [8] Undefined variable: copyfrom /Applications/XAMPP/xamppfiles/htdocs/news/Application/Runtime/Cache/Admin/e2744aea2724da3a85f9df759ede898a.php 第 126 行.
INFO: Run Behavior\ParseTemplateBehavior [ RunTime:0.017239s ]
INFO: [ view_parse ] --END-- [ RunTime:0.017302s ]
INFO: [ view_filter ] --START--
INFO: Run Behavior\WriteHtmlCacheBehavior [ RunTime:0.000182s ]
INFO: [ view_filter ] --END-- [ RunTime:0.000239s ]
INFO: [ app_end ] --START--
INFO: Run Behavior\ShowPageTraceBehavior [ RunTime:0.000332s ]
INFO: [ app_end ] --END-- [ RunTime:0.000390s ]

[ 2017-10-17T16:07:08+08:00 ] 127.0.0.1 /admin.php/content/add
INFO: [ app_init ] --START--
INFO: Run Behavior\BuildLiteBehavior [ RunTime:0.000020s ]
INFO: [ app_init ] --END-- [ RunTime:0.000275s ]
INFO: [ app_begin ] --START--
INFO: Run Behavior\ReadHtmlCacheBehavior [ RunTime:0.000415s ]
INFO: [ app_begin ] --END-- [ RunTime:0.000544s ]
INFO: [ view_parse ] --START--
INFO: [ template_filter ] --START--
INFO: Run Behavior\ContentReplaceBehavior [ RunTime:0.000060s ]
INFO: [ template_filter ] --END-- [ RunTime:0.000163s ]
SQL: SHOW COLUMNS FROM `menu` [ RunTime:0.0006s ]
SQL: SELECT * FROM `menu` WHERE `status` = 1 AND `type` = 1 ORDER BY menu_id  [ RunTime:0.0004s ]
NOTIC: [8] Undefined variable: titleFontColor /Applications/XAMPP/xamppfiles/htdocs/news/Application/Runtime/Cache/Admin/e2744aea2724da3a85f9df759ede898a.php 第 109 行.
NOTIC: [8] Undefined variable: webSiteMenu /Applications/XAMPP/xamppfiles/htdocs/news/Application/Runtime/Cache/Admin/e2744aea2724da3a85f9df759ede898a.php 第 118 行.
NOTIC: [8] Undefined variable: copyfrom /Applications/XAMPP/xamppfiles/htdocs/news/Application/Runtime/Cache/Admin/e2744aea2724da3a85f9df759ede898a.php 第 126 行.
INFO: Run Behavior\ParseTemplateBehavior [ RunTime:0.016434s ]
INFO: [ view_parse ] --END-- [ RunTime:0.016500s ]
INFO: [ view_filter ] --START--
INFO: Run Behavior\WriteHtmlCacheBehavior [ RunTime:0.000180s ]
INFO: [ view_filter ] --END-- [ RunTime:0.000236s ]
INFO: [ app_end ] --START--
INFO: Run Behavior\ShowPageTraceBehavior [ RunTime:0.000329s ]
INFO: [ app_end ] --END-- [ RunTime:0.000397s ]

[ 2017-10-17T16:15:17+08:00 ] 127.0.0.1 /admin.php/content/add
INFO: [ app_init ] --START--
INFO: Run Behavior\BuildLiteBehavior [ RunTime:0.000021s ]
INFO: [ app_init ] --END-- [ RunTime:0.000769s ]

[ 2017-10-17T16:16:18+08:00 ] 127.0.0.1 /admin.php/content/add
INFO: [ app_init ] --START--
INFO: Run Behavior\BuildLiteBehavior [ RunTime:0.000028s ]
INFO: [ app_init ] --END-- [ RunTime:0.000408s ]

[ 2017-10-17T16:16:25+08:00 ] 127.0.0.1 /admin.php/content/add
INFO: [ app_init ] --START--
INFO: Run Behavior\BuildLiteBehavior [ RunTime:0.000018s ]
INFO: [ app_init ] --END-- [ RunTime:0.000295s ]
INFO: [ app_begin ] --START--
INFO: Run Behavior\ReadHtmlCacheBehavior [ RunTime:0.000386s ]
INFO: [ app_begin ] --END-- [ RunTime:0.000489s ]
INFO: [ view_parse ] --START--
INFO: [ template_filter ] --START--
INFO: Run Behavior\ContentReplaceBehavior [ RunTime:0.000086s ]
INFO: [ template_filter ] --END-- [ RunTime:0.000168s ]
SQL: SHOW COLUMNS FROM `menu` [ RunTime:0.0006s ]
SQL: SELECT * FROM `menu` WHERE `status` = 1 AND `type` = 1 ORDER BY menu_id  [ RunTime:0.0004s ]
NOTIC: [8] Undefined variable: titleFontColor /Applications/XAMPP/xamppfiles/htdocs/news/Application/Runtime/Cache/Admin/e2744aea2724da3a85f9df759ede898a.php 第 109 行.
NOTIC: [8] Undefined variable: webSiteMenu /Applications/XAMPP/xamppfiles/htdocs/news/Application/Runtime/Cache/Admin/e2744aea2724da3a85f9df759ede898a.php 第 118 行.
NOTIC: [8] Undefined variable: copyfrom /Applications/XAMPP/xamppfiles/htdocs/news/Application/Runtime/Cache/Admin/e2744aea2724da3a85f9df759ede898a.php 第 126 行.
INFO: Run Behavior\ParseTemplateBehavior [ RunTime:0.019443s ]
INFO: [ view_parse ] --END-- [ RunTime:0.019510s ]
INFO: [ view_filter ] --START--
INFO: Run Behavior\WriteHtmlCacheBehavior [ RunTime:0.000186s ]
INFO: [ view_filter ] --END-- [ RunTime:0.000244s ]
INFO: [ app_end ] --START--
INFO: Run Behavior\ShowPageTraceBehavior [ RunTime:0.000387s ]
INFO: [ app_end ] --END-- [ RunTime:0.000452s ]

[ 2017-10-17T16:16:28+08:00 ] 127.0.0.1 /admin.php/content/add
INFO: [ app_init ] --START--
INFO: Run Behavior\BuildLiteBehavior [ RunTime:0.000023s ]
INFO: [ app_init ] --END-- [ RunTime:0.000293s ]

[ 2017-10-17T16:19:58+08:00 ] 127.0.0.1 /admin.php/content/add
INFO: [ app_init ] --START--
INFO: Run Behavior\BuildLiteBehavior [ RunTime:0.000028s ]
INFO: [ app_init ] --END-- [ RunTime:0.000417s ]

[ 2017-10-17T16:19:59+08:00 ] 127.0.0.1 /admin.php/content/add
INFO: [ app_init ] --START--
INFO: Run Behavior\BuildLiteBehavior [ RunTime:0.000027s ]
INFO: [ app_init ] --END-- [ RunTime:0.000435s ]

[ 2017-10-17T16:19:59+08:00 ] 127.0.0.1 /admin.php/content/add
INFO: [ app_init ] --START--
INFO: Run Behavior\BuildLiteBehavior [ RunTime:0.000029s ]
INFO: [ app_init ] --END-- [ RunTime:0.000407s ]

[ 2017-10-17T16:20:00+08:00 ] 127.0.0.1 /admin.php/content/add
INFO: [ app_init ] --START--
INFO: Run Behavior\BuildLiteBehavior [ RunTime:0.000027s ]
INFO: [ app_init ] --END-- [ RunTime:0.000413s ]

[ 2017-10-17T16:21:45+08:00 ] 127.0.0.1 /admin.php/content/add
INFO: [ app_init ] --START--
INFO: Run Behavior\BuildLiteBehavior [ RunTime:0.000019s ]
INFO: [ app_init ] --END-- [ RunTime:0.000435s ]

[ 2017-10-17T16:23:24+08:00 ] 127.0.0.1 /admin.php/content/add
INFO: [ app_init ] --START--
INFO: Run Behavior\BuildLiteBehavior [ RunTime:0.000028s ]
INFO: [ app_init ] --END-- [ RunTime:0.000974s ]
INFO: [ app_begin ] --START--
INFO: Run Behavior\ReadHtmlCacheBehavior [ RunTime:0.000569s ]
INFO: [ app_begin ] --END-- [ RunTime:0.000633s ]
INFO: [ view_parse ] --START--
INFO: [ template_filter ] --START--
INFO: Run Behavior\ContentReplaceBehavior [ RunTime:0.000054s ]
INFO: [ template_filter ] --END-- [ RunTime:0.000119s ]
SQL: SHOW COLUMNS FROM `menu` [ RunTime:0.0005s ]
SQL: SELECT * FROM `menu` WHERE `status` = 1 AND `type` = 1 ORDER BY menu_id  [ RunTime:0.0004s ]
NOTIC: [8] Undefined variable: titleFontColor /Applications/XAMPP/xamppfiles/htdocs/news/Application/Runtime/Cache/Admin/e2744aea2724da3a85f9df759ede898a.php 第 109 行.
NOTIC: [8] Undefined variable: webSiteMenu /Applications/XAMPP/xamppfiles/htdocs/news/Application/Runtime/Cache/Admin/e2744aea2724da3a85f9df759ede898a.php 第 118 行.
NOTIC: [8] Undefined variable: copyfrom /Applications/XAMPP/xamppfiles/htdocs/news/Application/Runtime/Cache/Admin/e2744aea2724da3a85f9df759ede898a.php 第 126 行.
INFO: Run Behavior\ParseTemplateBehavior [ RunTime:0.019003s ]
INFO: [ view_parse ] --END-- [ RunTime:0.019072s ]
INFO: [ view_filter ] --START--
INFO: Run Behavior\WriteHtmlCacheBehavior [ RunTime:0.000500s ]
INFO: [ view_filter ] --END-- [ RunTime:0.000573s ]
INFO: [ app_end ] --START--
INFO: Run Behavior\ShowPageTraceBehavior [ RunTime:0.000698s ]
INFO: [ app_end ] --END-- [ RunTime:0.000769s ]

[ 2017-10-17T16:23:25+08:00 ] 127.0.0.1 /admin.php/content/add
INFO: [ app_init ] --START--
INFO: Run Behavior\BuildLiteBehavior [ RunTime:0.000018s ]
INFO: [ app_init ] --END-- [ RunTime:0.000235s ]
INFO: [ app_begin ] --START--
INFO: Run Behavior\ReadHtmlCacheBehavior [ RunTime:0.000247s ]
INFO: [ app_begin ] --END-- [ RunTime:0.000302s ]
INFO: [ view_parse ] --START--
INFO: [ template_filter ] --START--
INFO: Run Behavior\ContentReplaceBehavior [ RunTime:0.000052s ]
INFO: [ template_filter ] --END-- [ RunTime:0.000110s ]
SQL: SHOW COLUMNS FROM `menu` [ RunTime:0.0004s ]
SQL: SELECT * FROM `menu` WHERE `status` = 1 AND `type` = 1 ORDER BY menu_id  [ RunTime:0.0003s ]
NOTIC: [8] Undefined variable: titleFontColor /Applications/XAMPP/xamppfiles/htdocs/news/Application/Runtime/Cache/Admin/e2744aea2724da3a85f9df759ede898a.php 第 109 行.
NOTIC: [8] Undefined variable: webSiteMenu /Applications/XAMPP/xamppfiles/htdocs/news/Application/Runtime/Cache/Admin/e2744aea2724da3a85f9df759ede898a.php 第 118 行.
NOTIC: [8] Undefined variable: copyfrom /Applications/XAMPP/xamppfiles/htdocs/news/Application/Runtime/Cache/Admin/e2744aea2724da3a85f9df759ede898a.php 第 126 行.
INFO: Run Behavior\ParseTemplateBehavior [ RunTime:0.013230s ]
INFO: [ view_parse ] --END-- [ RunTime:0.013282s ]
INFO: [ view_filter ] --START--
INFO: Run Behavior\WriteHtmlCacheBehavior [ RunTime:0.000155s ]
INFO: [ view_filter ] --END-- [ RunTime:0.000203s ]
INFO: [ app_end ] --START--
INFO: Run Behavior\ShowPageTraceBehavior [ RunTime:0.000281s ]
INFO: [ app_end ] --END-- [ RunTime:0.000332s ]

[ 2017-10-17T16:29:00+08:00 ] 127.0.0.1 /admin.php/content/add
INFO: [ app_init ] --START--
INFO: Run Behavior\BuildLiteBehavior [ RunTime:0.000025s ]
INFO: [ app_init ] --END-- [ RunTime:0.000848s ]

[ 2017-10-17T16:34:25+08:00 ] 127.0.0.1 /admin.php/content/add
INFO: [ app_init ] --START--
INFO: Run Behavior\BuildLiteBehavior [ RunTime:0.000020s ]
INFO: [ app_init ] --END-- [ RunTime:0.000552s ]

[ 2017-10-17T16:34:25+08:00 ] 127.0.0.1 /admin.php/login.html
INFO: [ app_init ] --START--
INFO: Run Behavior\BuildLiteBehavior [ RunTime:0.000098s ]
INFO: [ app_init ] --END-- [ RunTime:0.000602s ]

[ 2017-10-17T16:34:30+08:00 ] 127.0.0.1 /admin.php/login/check
INFO: [ app_init ] --START--
INFO: Run Behavior\BuildLiteBehavior [ RunTime:0.000020s ]
INFO: [ app_init ] --END-- [ RunTime:0.000463s ]
INFO: [ app_begin ] --START--
INFO: Run Behavior\ReadHtmlCacheBehavior [ RunTime:0.000540s ]
INFO: [ app_begin ] --END-- [ RunTime:0.000878s ]
NOTIC: [2] Missing argument 1 for I(), called in /Applications/XAMPP/xamppfiles/htdocs/news/Application/Admin/Controller/LoginController.class.php on line 18 and defined /Applications/XAMPP/xamppfiles/htdocs/news/ThinkPHP/Common/functions.php 第 271 行.
NOTIC: [8] Undefined variable: name /Applications/XAMPP/xamppfiles/htdocs/news/ThinkPHP/Common/functions.php 第 273 行.
NOTIC: [8] Undefined variable: name /Applications/XAMPP/xamppfiles/htdocs/news/ThinkPHP/Common/functions.php 第 278 行.
NOTIC: [8] Undefined variable: name /Applications/XAMPP/xamppfiles/htdocs/news/ThinkPHP/Common/functions.php 第 339 行.
SQL: SHOW COLUMNS FROM `admin` [ RunTime:0.0015s ]
SQL: SELECT * FROM `admin` WHERE ( username ="admin" ) LIMIT 1   [ RunTime:0.0017s ]
NOTIC: [8] Use of undefined constant password - assumed 'password' /Applications/XAMPP/xamppfiles/htdocs/news/Application/Admin/Controller/LoginController.class.php 第 37 行.

[ 2017-10-17T16:34:32+08:00 ] 127.0.0.1 /admin.php/index
INFO: [ app_init ] --START--
INFO: Run Behavior\BuildLiteBehavior [ RunTime:0.000021s ]
INFO: [ app_init ] --END-- [ RunTime:0.000366s ]

[ 2017-10-17T16:34:33+08:00 ] 127.0.0.1 /admin.php/content/index
INFO: [ app_init ] --START--
INFO: Run Behavior\BuildLiteBehavior [ RunTime:0.000018s ]
INFO: [ app_init ] --END-- [ RunTime:0.000244s ]

[ 2017-10-17T16:34:34+08:00 ] 127.0.0.1 /admin.php/content/add
INFO: [ app_init ] --START--
INFO: Run Behavior\BuildLiteBehavior [ RunTime:0.000020s ]
INFO: [ app_init ] --END-- [ RunTime:0.000302s ]

[ 2017-10-17T16:36:39+08:00 ] 127.0.0.1 /admin.php/content/add
INFO: [ app_init ] --START--
INFO: Run Behavior\BuildLiteBehavior [ RunTime:0.000024s ]
INFO: [ app_init ] --END-- [ RunTime:0.000584s ]

[ 2017-10-17T17:11:06+08:00 ] 127.0.0.1 /admin.php/content/add
INFO: [ app_init ] --START--
INFO: Run Behavior\BuildLiteBehavior [ RunTime:0.000038s ]
INFO: [ app_init ] --END-- [ RunTime:0.001078s ]

[ 2017-10-17T17:11:41+08:00 ] 127.0.0.1 /admin.php/content/add
INFO: [ app_init ] --START--
INFO: Run Behavior\BuildLiteBehavior [ RunTime:0.000028s ]
INFO: [ app_init ] --END-- [ RunTime:0.000611s ]

[ 2017-10-17T17:15:12+08:00 ] 127.0.0.1 /admin.php/content/add
INFO: [ app_init ] --START--
INFO: Run Behavior\BuildLiteBehavior [ RunTime:0.000040s ]
INFO: [ app_init ] --END-- [ RunTime:0.000591s ]

[ 2017-10-17T17:19:06+08:00 ] 127.0.0.1 /admin.php/content/add
INFO: [ app_init ] --START--
INFO: Run Behavior\BuildLiteBehavior [ RunTime:0.000030s ]
INFO: [ app_init ] --END-- [ RunTime:0.000420s ]

[ 2017-10-17T17:19:18+08:00 ] 127.0.0.1 /admin.php/content/add
INFO: [ app_init ] --START--
INFO: Run Behavior\BuildLiteBehavior [ RunTime:0.000034s ]
INFO: [ app_init ] --END-- [ RunTime:0.000512s ]

[ 2017-10-17T17:22:08+08:00 ] 127.0.0.1 /admin.php/content/add
INFO: [ app_init ] --START--
INFO: Run Behavior\BuildLiteBehavior [ RunTime:0.000020s ]
INFO: [ app_init ] --END-- [ RunTime:0.000300s ]

[ 2017-10-17T17:23:03+08:00 ] 127.0.0.1 /admin.php/content/add
INFO: [ app_init ] --START--
INFO: Run Behavior\BuildLiteBehavior [ RunTime:0.000021s ]
INFO: [ app_init ] --END-- [ RunTime:0.000307s ]

[ 2017-10-17T17:24:17+08:00 ] 127.0.0.1 /admin.php/content/add
INFO: [ app_init ] --START--
INFO: Run Behavior\BuildLiteBehavior [ RunTime:0.000023s ]
INFO: [ app_init ] --END-- [ RunTime:0.000381s ]

[ 2017-10-17T17:24:55+08:00 ] 127.0.0.1 /admin.php/content/add
INFO: [ app_init ] --START--
INFO: Run Behavior\BuildLiteBehavior [ RunTime:0.000034s ]
INFO: [ app_init ] --END-- [ RunTime:0.000879s ]

[ 2017-10-17T17:25:11+08:00 ] 127.0.0.1 /admin.php/content/add
INFO: [ app_init ] --START--
INFO: Run Behavior\BuildLiteBehavior [ RunTime:0.000033s ]
INFO: [ app_init ] --END-- [ RunTime:0.000596s ]

[ 2017-10-17T17:35:47+08:00 ] 127.0.0.1 /admin.php/content/add
INFO: [ app_init ] --START--
INFO: Run Behavior\BuildLiteBehavior [ RunTime:0.000021s ]
INFO: [ app_init ] --END-- [ RunTime:0.000478s ]

[ 2017-10-17T17:35:53+08:00 ] 127.0.0.1 /admin.php/content/add
INFO: [ app_init ] --START--
INFO: Run Behavior\BuildLiteBehavior [ RunTime:0.000033s ]
INFO: [ app_init ] --END-- [ RunTime:0.000506s ]
INFO: [ app_begin ] --START--
INFO: Run Behavior\ReadHtmlCacheBehavior [ RunTime:0.000369s ]
INFO: [ app_begin ] --END-- [ RunTime:0.000450s ]
INFO: [ view_parse ] --START--
INFO: [ template_filter ] --START--
INFO: Run Behavior\ContentReplaceBehavior [ RunTime:0.000090s ]
INFO: [ template_filter ] --END-- [ RunTime:0.000170s ]
SQL: SHOW COLUMNS FROM `menu` [ RunTime:0.0005s ]
SQL: SELECT * FROM `menu` WHERE `status` = 1 AND `type` = 1 ORDER BY menu_id  [ RunTime:0.0004s ]
NOTIC: [8] Undefined variable: titleFontColor /Applications/XAMPP/xamppfiles/htdocs/news/Application/Runtime/Cache/Admin/e2744aea2724da3a85f9df759ede898a.php 第 104 行.
NOTIC: [8] Undefined variable: webSiteMenu /Applications/XAMPP/xamppfiles/htdocs/news/Application/Runtime/Cache/Admin/e2744aea2724da3a85f9df759ede898a.php 第 112 行.
NOTIC: [8] Undefined variable: copyfrom /Applications/XAMPP/xamppfiles/htdocs/news/Application/Runtime/Cache/Admin/e2744aea2724da3a85f9df759ede898a.php 第 120 行.
INFO: Run Behavior\ParseTemplateBehavior [ RunTime:0.018511s ]
INFO: [ view_parse ] --END-- [ RunTime:0.018577s ]
INFO: [ view_filter ] --START--
INFO: Run Behavior\WriteHtmlCacheBehavior [ RunTime:0.000173s ]
INFO: [ view_filter ] --END-- [ RunTime:0.000227s ]
INFO: [ app_end ] --START--
INFO: Run Behavior\ShowPageTraceBehavior [ RunTime:0.000355s ]
INFO: [ app_end ] --END-- [ RunTime:0.000415s ]

[ 2017-10-17T17:36:01+08:00 ] 127.0.0.1 /admin.php/content/add
INFO: [ app_init ] --START--
INFO: Run Behavior\BuildLiteBehavior [ RunTime:0.000022s ]
INFO: [ app_init ] --END-- [ RunTime:0.000525s ]

[ 2017-10-17T17:37:51+08:00 ] 127.0.0.1 /admin.php/content/add
INFO: [ app_init ] --START--
INFO: Run Behavior\BuildLiteBehavior [ RunTime:0.000030s ]
INFO: [ app_init ] --END-- [ RunTime:0.000861s ]

[ 2017-10-17T17:40:43+08:00 ] 127.0.0.1 /admin.php/content/add
INFO: [ app_init ] --START--
INFO: Run Behavior\BuildLiteBehavior [ RunTime:0.000022s ]
INFO: [ app_init ] --END-- [ RunTime:0.000325s ]
INFO: [ app_begin ] --START--
INFO: Run Behavior\ReadHtmlCacheBehavior [ RunTime:0.000475s ]
INFO: [ app_begin ] --END-- [ RunTime:0.000600s ]
INFO: [ view_parse ] --START--
INFO: [ template_filter ] --START--
INFO: Run Behavior\ContentReplaceBehavior [ RunTime:0.000073s ]
INFO: [ template_filter ] --END-- [ RunTime:0.000159s ]
SQL: SHOW COLUMNS FROM `menu` [ RunTime:0.0010s ]
SQL: SELECT * FROM `menu` WHERE `status` = 1 AND `type` = 1 ORDER BY menu_id  [ RunTime:0.0015s ]
NOTIC: [8] Undefined variable: titleFontColor /Applications/XAMPP/xamppfiles/htdocs/news/Application/Runtime/Cache/Admin/e2744aea2724da3a85f9df759ede898a.php 第 104 行.
NOTIC: [8] Undefined variable: webSiteMenu /Applications/XAMPP/xamppfiles/htdocs/news/Application/Runtime/Cache/Admin/e2744aea2724da3a85f9df759ede898a.php 第 112 行.
NOTIC: [8] Undefined variable: copyfrom /Applications/XAMPP/xamppfiles/htdocs/news/Application/Runtime/Cache/Admin/e2744aea2724da3a85f9df759ede898a.php 第 120 行.
INFO: Run Behavior\ParseTemplateBehavior [ RunTime:0.022868s ]
INFO: [ view_parse ] --END-- [ RunTime:0.022976s ]
INFO: [ view_filter ] --START--
INFO: Run Behavior\WriteHtmlCacheBehavior [ RunTime:0.000490s ]
INFO: [ view_filter ] --END-- [ RunTime:0.000618s ]
INFO: [ app_end ] --START--
INFO: Run Behavior\ShowPageTraceBehavior [ RunTime:0.000600s ]
INFO: [ app_end ] --END-- [ RunTime:0.000713s ]

[ 2017-10-17T17:40:59+08:00 ] 127.0.0.1 /admin.php/content/add
INFO: [ app_init ] --START--
INFO: Run Behavior\BuildLiteBehavior [ RunTime:0.000035s ]
INFO: [ app_init ] --END-- [ RunTime:0.000434s ]
INFO: [ app_begin ] --START--
INFO: Run Behavior\ReadHtmlCacheBehavior [ RunTime:0.000639s ]
INFO: [ app_begin ] --END-- [ RunTime:0.000760s ]
INFO: [ view_parse ] --START--
INFO: [ template_filter ] --START--
INFO: Run Behavior\ContentReplaceBehavior [ RunTime:0.000225s ]
INFO: [ template_filter ] --END-- [ RunTime:0.000391s ]
SQL: SHOW COLUMNS FROM `menu` [ RunTime:0.0008s ]
SQL: SELECT * FROM `menu` WHERE `status` = 1 AND `type` = 1 ORDER BY menu_id  [ RunTime:0.0004s ]
NOTIC: [8] Undefined variable: titleFontColor /Applications/XAMPP/xamppfiles/htdocs/news/Application/Runtime/Cache/Admin/e2744aea2724da3a85f9df759ede898a.php 第 104 行.
NOTIC: [8] Undefined variable: webSiteMenu /Applications/XAMPP/xamppfiles/htdocs/news/Application/Runtime/Cache/Admin/e2744aea2724da3a85f9df759ede898a.php 第 112 行.
NOTIC: [8] Undefined variable: copyfrom /Applications/XAMPP/xamppfiles/htdocs/news/Application/Runtime/Cache/Admin/e2744aea2724da3a85f9df759ede898a.php 第 120 行.
INFO: Run Behavior\ParseTemplateBehavior [ RunTime:0.030047s ]
INFO: [ view_parse ] --END-- [ RunTime:0.030142s ]
INFO: [ view_filter ] --START--
INFO: Run Behavior\WriteHtmlCacheBehavior [ RunTime:0.000187s ]
INFO: [ view_filter ] --END-- [ RunTime:0.000245s ]
INFO: [ app_end ] --START--
INFO: Run Behavior\ShowPageTraceBehavior [ RunTime:0.000408s ]
INFO: [ app_end ] --END-- [ RunTime:0.000490s ]

[ 2017-10-17T17:41:57+08:00 ] 127.0.0.1 /admin.php/content/add
INFO: [ app_init ] --START--
INFO: Run Behavior\BuildLiteBehavior [ RunTime:0.000045s ]
INFO: [ app_init ] --END-- [ RunTime:0.000630s ]
INFO: [ app_begin ] --START--
INFO: Run Behavior\ReadHtmlCacheBehavior [ RunTime:0.000629s ]
INFO: [ app_begin ] --END-- [ RunTime:0.001337s ]
INFO: [ view_parse ] --START--
INFO: [ template_filter ] --START--
INFO: Run Behavior\ContentReplaceBehavior [ RunTime:0.000150s ]
INFO: [ template_filter ] --END-- [ RunTime:0.000269s ]
SQL: SHOW COLUMNS FROM `menu` [ RunTime:0.0005s ]
SQL: SELECT * FROM `menu` WHERE `status` = 1 AND `type` = 1 ORDER BY menu_id  [ RunTime:0.0003s ]
NOTIC: [8] Undefined variable: titleFontColor /Applications/XAMPP/xamppfiles/htdocs/news/Application/Runtime/Cache/Admin/e2744aea2724da3a85f9df759ede898a.php 第 104 行.
NOTIC: [8] Undefined variable: webSiteMenu /Applications/XAMPP/xamppfiles/htdocs/news/Application/Runtime/Cache/Admin/e2744aea2724da3a85f9df759ede898a.php 第 112 行.
NOTIC: [8] Undefined variable: copyfrom /Applications/XAMPP/xamppfiles/htdocs/news/Application/Runtime/Cache/Admin/e2744aea2724da3a85f9df759ede898a.php 第 120 行.
INFO: Run Behavior\ParseTemplateBehavior [ RunTime:0.038777s ]
INFO: [ view_parse ] --END-- [ RunTime:0.038860s ]
INFO: [ view_filter ] --START--
INFO: Run Behavior\WriteHtmlCacheBehavior [ RunTime:0.000210s ]
INFO: [ view_filter ] --END-- [ RunTime:0.000274s ]
INFO: [ app_end ] --START--
INFO: Run Behavior\ShowPageTraceBehavior [ RunTime:0.000381s ]
INFO: [ app_end ] --END-- [ RunTime:0.000603s ]

[ 2017-10-17T17:44:12+08:00 ] 127.0.0.1 /admin.php/content/add
INFO: [ app_init ] --START--
INFO: Run Behavior\BuildLiteBehavior [ RunTime:0.000037s ]
INFO: [ app_init ] --END-- [ RunTime:0.000785s ]
INFO: [ app_begin ] --START--
INFO: Run Behavior\ReadHtmlCacheBehavior [ RunTime:0.001012s ]
INFO: [ app_begin ] --END-- [ RunTime:0.001151s ]
INFO: [ view_parse ] --START--
INFO: [ template_filter ] --START--
INFO: Run Behavior\ContentReplaceBehavior [ RunTime:0.000112s ]
INFO: [ template_filter ] --END-- [ RunTime:0.000213s ]
SQL: SHOW COLUMNS FROM `menu` [ RunTime:0.0005s ]
SQL: SELECT * FROM `menu` WHERE `status` = 1 AND `type` = 1 ORDER BY menu_id  [ RunTime:0.0003s ]
NOTIC: [8] Undefined variable: titleFontColor /Applications/XAMPP/xamppfiles/htdocs/news/Application/Runtime/Cache/Admin/e2744aea2724da3a85f9df759ede898a.php 第 104 行.
NOTIC: [8] Undefined variable: webSiteMenu /Applications/XAMPP/xamppfiles/htdocs/news/Application/Runtime/Cache/Admin/e2744aea2724da3a85f9df759ede898a.php 第 112 行.
NOTIC: [8] Undefined variable: copyfrom /Applications/XAMPP/xamppfiles/htdocs/news/Application/Runtime/Cache/Admin/e2744aea2724da3a85f9df759ede898a.php 第 120 行.
INFO: Run Behavior\ParseTemplateBehavior [ RunTime:0.028781s ]
INFO: [ view_parse ] --END-- [ RunTime:0.028913s ]
INFO: [ view_filter ] --START--
INFO: Run Behavior\WriteHtmlCacheBehavior [ RunTime:0.000526s ]
INFO: [ view_filter ] --END-- [ RunTime:0.000595s ]
INFO: [ app_end ] --START--
INFO: Run Behavior\ShowPageTraceBehavior [ RunTime:0.000728s ]
INFO: [ app_end ] --END-- [ RunTime:0.000814s ]

[ 2017-10-17T17:47:01+08:00 ] 127.0.0.1 /admin.php/content/add
INFO: [ app_init ] --START--
INFO: Run Behavior\BuildLiteBehavior [ RunTime:0.000028s ]
INFO: [ app_init ] --END-- [ RunTime:0.001209s ]

[ 2017-10-17T17:47:10+08:00 ] 127.0.0.1 /admin.php/content/add
INFO: [ app_init ] --START--
INFO: Run Behavior\BuildLiteBehavior [ RunTime:0.000029s ]
INFO: [ app_init ] --END-- [ RunTime:0.000443s ]
INFO: [ app_begin ] --START--
INFO: Run Behavior\ReadHtmlCacheBehavior [ RunTime:0.000497s ]
INFO: [ app_begin ] --END-- [ RunTime:0.000609s ]
INFO: [ view_parse ] --START--
INFO: [ template_filter ] --START--
INFO: Run Behavior\ContentReplaceBehavior [ RunTime:0.000124s ]
INFO: [ template_filter ] --END-- [ RunTime:0.000259s ]
SQL: SHOW COLUMNS FROM `menu` [ RunTime:0.0006s ]
SQL: SELECT * FROM `menu` WHERE `status` = 1 AND `type` = 1 ORDER BY menu_id  [ RunTime:0.0008s ]
NOTIC: [8] Undefined variable: titleFontColor /Applications/XAMPP/xamppfiles/htdocs/news/Application/Runtime/Cache/Admin/e2744aea2724da3a85f9df759ede898a.php 第 104 行.
NOTIC: [8] Undefined variable: webSiteMenu /Applications/XAMPP/xamppfiles/htdocs/news/Application/Runtime/Cache/Admin/e2744aea2724da3a85f9df759ede898a.php 第 112 行.
NOTIC: [8] Undefined variable: copyfrom /Applications/XAMPP/xamppfiles/htdocs/news/Application/Runtime/Cache/Admin/e2744aea2724da3a85f9df759ede898a.php 第 120 行.
INFO: Run Behavior\ParseTemplateBehavior [ RunTime:0.026325s ]
INFO: [ view_parse ] --END-- [ RunTime:0.026437s ]
INFO: [ view_filter ] --START--
INFO: Run Behavior\WriteHtmlCacheBehavior [ RunTime:0.000274s ]
INFO: [ view_filter ] --END-- [ RunTime:0.000368s ]
INFO: [ app_end ] --START--
INFO: Run Behavior\ShowPageTraceBehavior [ RunTime:0.000814s ]
INFO: [ app_end ] --END-- [ RunTime:0.001007s ]

[ 2017-10-17T17:49:48+08:00 ] 127.0.0.1 /admin.php/content/add
INFO: [ app_init ] --START--
INFO: Run Behavior\BuildLiteBehavior [ RunTime:0.000019s ]
INFO: [ app_init ] --END-- [ RunTime:0.000687s ]

[ 2017-10-17T17:49:59+08:00 ] 127.0.0.1 /admin.php/content/add
INFO: [ app_init ] --START--
INFO: Run Behavior\BuildLiteBehavior [ RunTime:0.000021s ]
INFO: [ app_init ] --END-- [ RunTime:0.000313s ]
INFO: [ app_begin ] --START--
INFO: Run Behavior\ReadHtmlCacheBehavior [ RunTime:0.000320s ]
INFO: [ app_begin ] --END-- [ RunTime:0.000402s ]
INFO: [ view_parse ] --START--
INFO: [ template_filter ] --START--
INFO: Run Behavior\ContentReplaceBehavior [ RunTime:0.000100s ]
INFO: [ template_filter ] --END-- [ RunTime:0.000295s ]
SQL: SHOW COLUMNS FROM `menu` [ RunTime:0.0025s ]
SQL: SELECT * FROM `menu` WHERE `status` = 1 AND `type` = 1 ORDER BY menu_id  [ RunTime:0.0006s ]
NOTIC: [8] Undefined variable: titleFontColor /Applications/XAMPP/xamppfiles/htdocs/news/Application/Runtime/Cache/Admin/e2744aea2724da3a85f9df759ede898a.php 第 104 行.
NOTIC: [8] Undefined variable: webSiteMenu /Applications/XAMPP/xamppfiles/htdocs/news/Application/Runtime/Cache/Admin/e2744aea2724da3a85f9df759ede898a.php 第 112 行.
NOTIC: [8] Undefined variable: copyfrom /Applications/XAMPP/xamppfiles/htdocs/news/Application/Runtime/Cache/Admin/e2744aea2724da3a85f9df759ede898a.php 第 120 行.
INFO: Run Behavior\ParseTemplateBehavior [ RunTime:0.027361s ]
INFO: [ view_parse ] --END-- [ RunTime:0.027442s ]
INFO: [ view_filter ] --START--
INFO: Run Behavior\WriteHtmlCacheBehavior [ RunTime:0.000591s ]
INFO: [ view_filter ] --END-- [ RunTime:0.000956s ]
INFO: [ app_end ] --START--
INFO: Run Behavior\ShowPageTraceBehavior [ RunTime:0.000543s ]
INFO: [ app_end ] --END-- [ RunTime:0.000622s ]

[ 2017-10-17T17:50:38+08:00 ] 127.0.0.1 /admin.php/content/add
INFO: [ app_init ] --START--
INFO: Run Behavior\BuildLiteBehavior [ RunTime:0.000040s ]
INFO: [ app_init ] --END-- [ RunTime:0.000561s ]

[ 2017-10-17T17:50:45+08:00 ] 127.0.0.1 /admin.php/content/add
INFO: [ app_init ] --START--
INFO: Run Behavior\BuildLiteBehavior [ RunTime:0.000026s ]
INFO: [ app_init ] --END-- [ RunTime:0.000554s ]
INFO: [ app_begin ] --START--
INFO: Run Behavior\ReadHtmlCacheBehavior [ RunTime:0.000711s ]
INFO: [ app_begin ] --END-- [ RunTime:0.000858s ]
INFO: [ view_parse ] --START--
INFO: [ template_filter ] --START--
INFO: Run Behavior\ContentReplaceBehavior [ RunTime:0.000068s ]
INFO: [ template_filter ] --END-- [ RunTime:0.000138s ]
SQL: SHOW COLUMNS FROM `menu` [ RunTime:0.0006s ]
SQL: SELECT * FROM `menu` WHERE `status` = 1 AND `type` = 1 ORDER BY menu_id  [ RunTime:0.0006s ]
NOTIC: [8] Undefined variable: titleFontColor /Applications/XAMPP/xamppfiles/htdocs/news/Application/Runtime/Cache/Admin/e2744aea2724da3a85f9df759ede898a.php 第 104 行.
NOTIC: [8] Undefined variable: webSiteMenu /Applications/XAMPP/xamppfiles/htdocs/news/Application/Runtime/Cache/Admin/e2744aea2724da3a85f9df759ede898a.php 第 112 行.
NOTIC: [8] Undefined variable: copyfrom /Applications/XAMPP/xamppfiles/htdocs/news/Application/Runtime/Cache/Admin/e2744aea2724da3a85f9df759ede898a.php 第 120 行.
INFO: Run Behavior\ParseTemplateBehavior [ RunTime:0.027504s ]
INFO: [ view_parse ] --END-- [ RunTime:0.027578s ]
INFO: [ view_filter ] --START--
INFO: Run Behavior\WriteHtmlCacheBehavior [ RunTime:0.000151s ]
INFO: [ view_filter ] --END-- [ RunTime:0.000201s ]
INFO: [ app_end ] --START--
INFO: Run Behavior\ShowPageTraceBehavior [ RunTime:0.000386s ]
INFO: [ app_end ] --END-- [ RunTime:0.000437s ]

[ 2017-10-17T17:52:44+08:00 ] 127.0.0.1 /admin.php/content/add
INFO: [ app_init ] --START--
INFO: Run Behavior\BuildLiteBehavior [ RunTime:0.000030s ]
INFO: [ app_init ] --END-- [ RunTime:0.000764s ]

[ 2017-10-17T17:52:48+08:00 ] 127.0.0.1 /admin.php/content/
INFO: [ app_init ] --START--
INFO: Run Behavior\BuildLiteBehavior [ RunTime:0.000023s ]
INFO: [ app_init ] --END-- [ RunTime:0.000479s ]

[ 2017-10-17T17:52:51+08:00 ] 127.0.0.1 /admin.php/image/ajaxuploadimage
INFO: [ app_init ] --START--
INFO: Run Behavior\BuildLiteBehavior [ RunTime:0.000029s ]
INFO: [ app_init ] --END-- [ RunTime:0.000436s ]

[ 2017-10-17T17:54:28+08:00 ] 127.0.0.1 /admin.php/content/add
INFO: [ app_init ] --START--
INFO: Run Behavior\BuildLiteBehavior [ RunTime:0.000037s ]
INFO: [ app_init ] --END-- [ RunTime:0.000987s ]
INFO: [ app_begin ] --START--
INFO: Run Behavior\ReadHtmlCacheBehavior [ RunTime:0.000959s ]
INFO: [ app_begin ] --END-- [ RunTime:0.001102s ]
INFO: [ view_parse ] --START--
INFO: [ template_filter ] --START--
INFO: Run Behavior\ContentReplaceBehavior [ RunTime:0.000096s ]
INFO: [ template_filter ] --END-- [ RunTime:0.000206s ]
SQL: SHOW COLUMNS FROM `menu` [ RunTime:0.0006s ]
SQL: SELECT * FROM `menu` WHERE `status` = 1 AND `type` = 1 ORDER BY menu_id  [ RunTime:0.0004s ]
NOTIC: [8] Undefined variable: titleFontColor /Applications/XAMPP/xamppfiles/htdocs/news/Application/Runtime/Cache/Admin/e2744aea2724da3a85f9df759ede898a.php 第 104 行.
NOTIC: [8] Undefined variable: webSiteMenu /Applications/XAMPP/xamppfiles/htdocs/news/Application/Runtime/Cache/Admin/e2744aea2724da3a85f9df759ede898a.php 第 112 行.
NOTIC: [8] Undefined variable: copyfrom /Applications/XAMPP/xamppfiles/htdocs/news/Application/Runtime/Cache/Admin/e2744aea2724da3a85f9df759ede898a.php 第 120 行.
INFO: Run Behavior\ParseTemplateBehavior [ RunTime:0.031332s ]
INFO: [ view_parse ] --END-- [ RunTime:0.031459s ]
INFO: [ view_filter ] --START--
INFO: Run Behavior\WriteHtmlCacheBehavior [ RunTime:0.000484s ]
INFO: [ view_filter ] --END-- [ RunTime:0.000577s ]
INFO: [ app_end ] --START--
INFO: Run Behavior\ShowPageTraceBehavior [ RunTime:0.000626s ]
INFO: [ app_end ] --END-- [ RunTime:0.000683s ]

[ 2017-10-17T17:54:43+08:00 ] 127.0.0.1 /admin.php/content/add
INFO: [ app_init ] --START--
INFO: Run Behavior\BuildLiteBehavior [ RunTime:0.000056s ]
INFO: [ app_init ] --END-- [ RunTime:0.001991s ]

[ 2017-10-17T17:54:45+08:00 ] 127.0.0.1 /admin.php/content/
INFO: [ app_init ] --START--
INFO: Run Behavior\BuildLiteBehavior [ RunTime:0.000024s ]
INFO: [ app_init ] --END-- [ RunTime:0.000377s ]

[ 2017-10-17T17:54:49+08:00 ] 127.0.0.1 /admin.php/image/ajaxuploadimage
INFO: [ app_init ] --START--
INFO: Run Behavior\BuildLiteBehavior [ RunTime:0.000024s ]
INFO: [ app_init ] --END-- [ RunTime:0.000520s ]

[ 2017-10-17T17:54:57+08:00 ] 127.0.0.1 /admin.php/content/add
INFO: [ app_init ] --START--
INFO: Run Behavior\BuildLiteBehavior [ RunTime:0.000029s ]
INFO: [ app_init ] --END-- [ RunTime:0.000451s ]

[ 2017-10-17T17:54:59+08:00 ] 127.0.0.1 /admin.php/content/
INFO: [ app_init ] --START--
INFO: Run Behavior\BuildLiteBehavior [ RunTime:0.000021s ]
INFO: [ app_init ] --END-- [ RunTime:0.000327s ]

[ 2017-10-17T17:55:15+08:00 ] 127.0.0.1 /admin.php/image/ajaxuploadimage
INFO: [ app_init ] --START--
INFO: Run Behavior\BuildLiteBehavior [ RunTime:0.000026s ]
INFO: [ app_init ] --END-- [ RunTime:0.000405s ]

[ 2017-10-17T17:56:02+08:00 ] 127.0.0.1 /admin.php/content/add
INFO: [ app_init ] --START--
INFO: Run Behavior\BuildLiteBehavior [ RunTime:0.000021s ]
INFO: [ app_init ] --END-- [ RunTime:0.000422s ]
INFO: [ app_begin ] --START--
INFO: Run Behavior\ReadHtmlCacheBehavior [ RunTime:0.000330s ]
INFO: [ app_begin ] --END-- [ RunTime:0.000410s ]
INFO: [ view_parse ] --START--
INFO: [ template_filter ] --START--
INFO: Run Behavior\ContentReplaceBehavior [ RunTime:0.000091s ]
INFO: [ template_filter ] --END-- [ RunTime:0.000204s ]
SQL: SHOW COLUMNS FROM `menu` [ RunTime:0.0006s ]
SQL: SELECT * FROM `menu` WHERE `status` = 1 AND `type` = 1 ORDER BY menu_id  [ RunTime:0.0004s ]
NOTIC: [8] Undefined variable: titleFontColor /Applications/XAMPP/xamppfiles/htdocs/news/Application/Runtime/Cache/Admin/e2744aea2724da3a85f9df759ede898a.php 第 104 行.
NOTIC: [8] Undefined variable: webSiteMenu /Applications/XAMPP/xamppfiles/htdocs/news/Application/Runtime/Cache/Admin/e2744aea2724da3a85f9df759ede898a.php 第 112 行.
NOTIC: [8] Undefined variable: copyfrom /Applications/XAMPP/xamppfiles/htdocs/news/Application/Runtime/Cache/Admin/e2744aea2724da3a85f9df759ede898a.php 第 120 行.
INFO: Run Behavior\ParseTemplateBehavior [ RunTime:0.028021s ]
INFO: [ view_parse ] --END-- [ RunTime:0.028113s ]
INFO: [ view_filter ] --START--
INFO: Run Behavior\WriteHtmlCacheBehavior [ RunTime:0.000285s ]
INFO: [ view_filter ] --END-- [ RunTime:0.000378s ]
INFO: [ app_end ] --START--
INFO: Run Behavior\ShowPageTraceBehavior [ RunTime:0.000819s ]
INFO: [ app_end ] --END-- [ RunTime:0.000933s ]

[ 2017-10-17T17:58:26+08:00 ] 127.0.0.1 /admin.php/content/add
INFO: [ app_init ] --START--
INFO: Run Behavior\BuildLiteBehavior [ RunTime:0.000041s ]
INFO: [ app_init ] --END-- [ RunTime:0.000874s ]

[ 2017-10-17T17:58:30+08:00 ] 127.0.0.1 /admin.php/content/
INFO: [ app_init ] --START--
INFO: Run Behavior\BuildLiteBehavior [ RunTime:0.000026s ]
INFO: [ app_init ] --END-- [ RunTime:0.000415s ]

[ 2017-10-17T17:58:36+08:00 ] 127.0.0.1 /admin.php/image/ajaxuploadimage
INFO: [ app_init ] --START--
INFO: Run Behavior\BuildLiteBehavior [ RunTime:0.000027s ]
INFO: [ app_init ] --END-- [ RunTime:0.000370s ]

[ 2017-10-17T17:58:38+08:00 ] 127.0.0.1 /admin.php/content/add
INFO: [ app_init ] --START--
INFO: Run Behavior\BuildLiteBehavior [ RunTime:0.000023s ]
INFO: [ app_init ] --END-- [ RunTime:0.000301s ]
INFO: [ app_begin ] --START--
INFO: Run Behavior\ReadHtmlCacheBehavior [ RunTime:0.000610s ]
INFO: [ app_begin ] --END-- [ RunTime:0.000728s ]
INFO: [ view_parse ] --START--
INFO: [ template_filter ] --START--
INFO: Run Behavior\ContentReplaceBehavior [ RunTime:0.000093s ]
INFO: [ template_filter ] --END-- [ RunTime:0.000207s ]
SQL: SHOW COLUMNS FROM `menu` [ RunTime:0.0011s ]
SQL: SELECT * FROM `menu` WHERE `status` = 1 AND `type` = 1 ORDER BY menu_id  [ RunTime:0.0005s ]
NOTIC: [8] Undefined variable: titleFontColor /Applications/XAMPP/xamppfiles/htdocs/news/Application/Runtime/Cache/Admin/e2744aea2724da3a85f9df759ede898a.php 第 104 行.
NOTIC: [8] Undefined variable: webSiteMenu /Applications/XAMPP/xamppfiles/htdocs/news/Application/Runtime/Cache/Admin/e2744aea2724da3a85f9df759ede898a.php 第 112 行.
NOTIC: [8] Undefined variable: copyfrom /Applications/XAMPP/xamppfiles/htdocs/news/Application/Runtime/Cache/Admin/e2744aea2724da3a85f9df759ede898a.php 第 120 行.
INFO: Run Behavior\ParseTemplateBehavior [ RunTime:0.026692s ]
INFO: [ view_parse ] --END-- [ RunTime:0.026780s ]
INFO: [ view_filter ] --START--
INFO: Run Behavior\WriteHtmlCacheBehavior [ RunTime:0.000290s ]
INFO: [ view_filter ] --END-- [ RunTime:0.000384s ]
INFO: [ app_end ] --START--
INFO: Run Behavior\ShowPageTraceBehavior [ RunTime:0.000388s ]
INFO: [ app_end ] --END-- [ RunTime:0.000463s ]

[ 2017-10-17T17:58:48+08:00 ] 127.0.0.1 /admin.php/content/add
INFO: [ app_init ] --START--
INFO: Run Behavior\BuildLiteBehavior [ RunTime:0.000029s ]
INFO: [ app_init ] --END-- [ RunTime:0.000444s ]
INFO: [ app_begin ] --START--
INFO: Run Behavior\ReadHtmlCacheBehavior [ RunTime:0.000733s ]
INFO: [ app_begin ] --END-- [ RunTime:0.000888s ]
INFO: [ view_parse ] --START--
INFO: [ template_filter ] --START--
INFO: Run Behavior\ContentReplaceBehavior [ RunTime:0.000096s ]
INFO: [ template_filter ] --END-- [ RunTime:0.000217s ]
SQL: SHOW COLUMNS FROM `menu` [ RunTime:0.0006s ]
SQL: SELECT * FROM `menu` WHERE `status` = 1 AND `type` = 1 ORDER BY menu_id  [ RunTime:0.0014s ]
NOTIC: [8] Undefined variable: titleFontColor /Applications/XAMPP/xamppfiles/htdocs/news/Application/Runtime/Cache/Admin/e2744aea2724da3a85f9df759ede898a.php 第 104 行.
NOTIC: [8] Undefined variable: webSiteMenu /Applications/XAMPP/xamppfiles/htdocs/news/Application/Runtime/Cache/Admin/e2744aea2724da3a85f9df759ede898a.php 第 112 行.
NOTIC: [8] Undefined variable: copyfrom /Applications/XAMPP/xamppfiles/htdocs/news/Application/Runtime/Cache/Admin/e2744aea2724da3a85f9df759ede898a.php 第 120 行.
INFO: Run Behavior\ParseTemplateBehavior [ RunTime:0.030432s ]
INFO: [ view_parse ] --END-- [ RunTime:0.030499s ]
INFO: [ view_filter ] --START--
INFO: Run Behavior\WriteHtmlCacheBehavior [ RunTime:0.000200s ]
INFO: [ view_filter ] --END-- [ RunTime:0.000259s ]
INFO: [ app_end ] --START--
INFO: Run Behavior\ShowPageTraceBehavior [ RunTime:0.000526s ]
INFO: [ app_end ] --END-- [ RunTime:0.000626s ]

[ 2017-10-17T17:59:18+08:00 ] 127.0.0.1 /admin.php/content/add
INFO: [ app_init ] --START--
INFO: Run Behavior\BuildLiteBehavior [ RunTime:0.000040s ]
INFO: [ app_init ] --END-- [ RunTime:0.000599s ]

[ 2017-10-17T17:59:20+08:00 ] 127.0.0.1 /admin.php/content/
INFO: [ app_init ] --START--
INFO: Run Behavior\BuildLiteBehavior [ RunTime:0.000030s ]
INFO: [ app_init ] --END-- [ RunTime:0.000594s ]

[ 2017-10-17T17:59:30+08:00 ] 127.0.0.1 /admin.php/image/ajaxuploadimage
INFO: [ app_init ] --START--
INFO: Run Behavior\BuildLiteBehavior [ RunTime:0.000027s ]
INFO: [ app_init ] --END-- [ RunTime:0.000390s ]

[ 2017-10-17T18:00:12+08:00 ] 127.0.0.1 /admin.php/content/add
INFO: [ app_init ] --START--
INFO: Run Behavior\BuildLiteBehavior [ RunTime:0.000021s ]
INFO: [ app_init ] --END-- [ RunTime:0.000294s ]

[ 2017-10-17T18:00:14+08:00 ] 127.0.0.1 /admin.php/content/
INFO: [ app_init ] --START--
INFO: Run Behavior\BuildLiteBehavior [ RunTime:0.000037s ]
INFO: [ app_init ] --END-- [ RunTime:0.000567s ]

[ 2017-10-17T18:00:17+08:00 ] 127.0.0.1 /admin.php/content/add
INFO: [ app_init ] --START--
INFO: Run Behavior\BuildLiteBehavior [ RunTime:0.000019s ]
INFO: [ app_init ] --END-- [ RunTime:0.000291s ]

[ 2017-10-17T18:00:18+08:00 ] 127.0.0.1 /admin.php/content/
INFO: [ app_init ] --START--
INFO: Run Behavior\BuildLiteBehavior [ RunTime:0.000025s ]
INFO: [ app_init ] --END-- [ RunTime:0.000501s ]

[ 2017-10-17T18:00:25+08:00 ] 127.0.0.1 /admin.php/image/ajaxuploadimage
INFO: [ app_init ] --START--
INFO: Run Behavior\BuildLiteBehavior [ RunTime:0.000029s ]
INFO: [ app_init ] --END-- [ RunTime:0.000431s ]

[ 2017-10-17T18:02:09+08:00 ] 127.0.0.1 /admin.php/content/add
INFO: [ app_init ] --START--
INFO: Run Behavior\BuildLiteBehavior [ RunTime:0.000042s ]
INFO: [ app_init ] --END-- [ RunTime:0.000341s ]

[ 2017-10-17T18:02:11+08:00 ] 127.0.0.1 /admin.php/content/
INFO: [ app_init ] --START--
INFO: Run Behavior\BuildLiteBehavior [ RunTime:0.000027s ]
INFO: [ app_init ] --END-- [ RunTime:0.000384s ]

[ 2017-10-17T18:02:16+08:00 ] 127.0.0.1 /admin.php/image/ajaxuploadimage
INFO: [ app_init ] --START--
INFO: Run Behavior\BuildLiteBehavior [ RunTime:0.000039s ]
INFO: [ app_init ] --END-- [ RunTime:0.000444s ]

[ 2017-10-17T18:02:51+08:00 ] 127.0.0.1 /admin.php/content/add
INFO: [ app_init ] --START--
INFO: Run Behavior\BuildLiteBehavior [ RunTime:0.000022s ]
INFO: [ app_init ] --END-- [ RunTime:0.000339s ]

[ 2017-10-17T18:02:54+08:00 ] 127.0.0.1 /admin.php/content/
INFO: [ app_init ] --START--
INFO: Run Behavior\BuildLiteBehavior [ RunTime:0.000026s ]
INFO: [ app_init ] --END-- [ RunTime:0.000372s ]

[ 2017-10-17T18:02:58+08:00 ] 127.0.0.1 /admin.php/image/ajaxuploadimage
INFO: [ app_init ] --START--
INFO: Run Behavior\BuildLiteBehavior [ RunTime:0.000035s ]
INFO: [ app_init ] --END-- [ RunTime:0.000417s ]

[ 2017-10-17T18:03:16+08:00 ] 127.0.0.1 /admin.php/content/add
INFO: [ app_init ] --START--
INFO: Run Behavior\BuildLiteBehavior [ RunTime:0.000029s ]
INFO: [ app_init ] --END-- [ RunTime:0.000461s ]

[ 2017-10-17T18:03:18+08:00 ] 127.0.0.1 /admin.php/content/
INFO: [ app_init ] --START--
INFO: Run Behavior\BuildLiteBehavior [ RunTime:0.000026s ]
INFO: [ app_init ] --END-- [ RunTime:0.000367s ]

[ 2017-10-17T18:03:21+08:00 ] 127.0.0.1 /admin.php/image/ajaxuploadimage
INFO: [ app_init ] --START--
INFO: Run Behavior\BuildLiteBehavior [ RunTime:0.000019s ]
INFO: [ app_init ] --END-- [ RunTime:0.000383s ]

[ 2017-10-17T18:03:38+08:00 ] 127.0.0.1 /admin.php/content/add
INFO: [ app_init ] --START--
INFO: Run Behavior\BuildLiteBehavior [ RunTime:0.000052s ]
INFO: [ app_init ] --END-- [ RunTime:0.001295s ]
INFO: [ app_begin ] --START--
INFO: Run Behavior\ReadHtmlCacheBehavior [ RunTime:0.000521s ]
INFO: [ app_begin ] --END-- [ RunTime:0.000634s ]
INFO: [ view_parse ] --START--
INFO: [ template_filter ] --START--
INFO: Run Behavior\ContentReplaceBehavior [ RunTime:0.000147s ]
INFO: [ template_filter ] --END-- [ RunTime:0.000962s ]
SQL: SHOW COLUMNS FROM `menu` [ RunTime:0.0006s ]
SQL: SELECT * FROM `menu` WHERE `status` = 1 AND `type` = 1 ORDER BY menu_id  [ RunTime:0.0004s ]
NOTIC: [8] Undefined variable: titleFontColor /Applications/XAMPP/xamppfiles/htdocs/news/Application/Runtime/Cache/Admin/e2744aea2724da3a85f9df759ede898a.php 第 104 行.
NOTIC: [8] Undefined variable: webSiteMenu /Applications/XAMPP/xamppfiles/htdocs/news/Application/Runtime/Cache/Admin/e2744aea2724da3a85f9df759ede898a.php 第 112 行.
NOTIC: [8] Undefined variable: copyfrom /Applications/XAMPP/xamppfiles/htdocs/news/Application/Runtime/Cache/Admin/e2744aea2724da3a85f9df759ede898a.php 第 120 行.
INFO: Run Behavior\ParseTemplateBehavior [ RunTime:0.032696s ]
INFO: [ view_parse ] --END-- [ RunTime:0.032770s ]
INFO: [ view_filter ] --START--
INFO: Run Behavior\WriteHtmlCacheBehavior [ RunTime:0.000252s ]
INFO: [ view_filter ] --END-- [ RunTime:0.000346s ]
INFO: [ app_end ] --START--
INFO: Run Behavior\ShowPageTraceBehavior [ RunTime:0.000586s ]
INFO: [ app_end ] --END-- [ RunTime:0.000683s ]

[ 2017-10-17T18:08:53+08:00 ] 127.0.0.1 /admin.php/content/add
INFO: [ app_init ] --START--
INFO: Run Behavior\BuildLiteBehavior [ RunTime:0.000023s ]
INFO: [ app_init ] --END-- [ RunTime:0.000908s ]

[ 2017-10-17T18:08:55+08:00 ] 127.0.0.1 /admin.php/content/
INFO: [ app_init ] --START--
INFO: Run Behavior\BuildLiteBehavior [ RunTime:0.000018s ]
INFO: [ app_init ] --END-- [ RunTime:0.000328s ]

[ 2017-10-17T18:08:59+08:00 ] 127.0.0.1 /admin.php/image/ajaxuploadimage
INFO: [ app_init ] --START--
INFO: Run Behavior\BuildLiteBehavior [ RunTime:0.000035s ]
INFO: [ app_init ] --END-- [ RunTime:0.000482s ]

[ 2017-10-17T18:09:01+08:00 ] 127.0.0.1 /admin.php/content/add
INFO: [ app_init ] --START--
INFO: Run Behavior\BuildLiteBehavior [ RunTime:0.000024s ]
INFO: [ app_init ] --END-- [ RunTime:0.000382s ]
INFO: [ app_begin ] --START--
INFO: Run Behavior\ReadHtmlCacheBehavior [ RunTime:0.000321s ]
INFO: [ app_begin ] --END-- [ RunTime:0.000400s ]
INFO: [ view_parse ] --START--
INFO: [ template_filter ] --START--
INFO: Run Behavior\ContentReplaceBehavior [ RunTime:0.000078s ]
INFO: [ template_filter ] --END-- [ RunTime:0.000140s ]
SQL: SHOW COLUMNS FROM `menu` [ RunTime:0.0004s ]
SQL: SELECT * FROM `menu` WHERE `status` = 1 AND `type` = 1 ORDER BY menu_id  [ RunTime:0.0003s ]
NOTIC: [8] Undefined variable: titleFontColor /Applications/XAMPP/xamppfiles/htdocs/news/Application/Runtime/Cache/Admin/e2744aea2724da3a85f9df759ede898a.php 第 104 行.
NOTIC: [8] Undefined variable: webSiteMenu /Applications/XAMPP/xamppfiles/htdocs/news/Application/Runtime/Cache/Admin/e2744aea2724da3a85f9df759ede898a.php 第 112 行.
NOTIC: [8] Undefined variable: copyfrom /Applications/XAMPP/xamppfiles/htdocs/news/Application/Runtime/Cache/Admin/e2744aea2724da3a85f9df759ede898a.php 第 120 行.
INFO: Run Behavior\ParseTemplateBehavior [ RunTime:0.016119s ]
INFO: [ view_parse ] --END-- [ RunTime:0.016185s ]
INFO: [ view_filter ] --START--
INFO: Run Behavior\WriteHtmlCacheBehavior [ RunTime:0.000155s ]
INFO: [ view_filter ] --END-- [ RunTime:0.000203s ]
INFO: [ app_end ] --START--
INFO: Run Behavior\ShowPageTraceBehavior [ RunTime:0.000440s ]
INFO: [ app_end ] --END-- [ RunTime:0.000493s ]

